2018-04-11 20:42:59,059  INFO   [Starter for "classModel" (during Writer server startup). (customer 1, id name: Default Client)] - Customer 1 :  the changes in class model are: Changer: Unknown: Unknown change : ClassModelChangeAddTypeDef: Type=CmdbStringType, Entries=[{_key=0, _value=SUCCEEDED}, {_key=1, _value=FAILED}, {_key=2, _value=SUCCEEDED_WITH_WARNINGS}, {_key=3, _value=PASSED_WITH_FAILURES}] , date: Wed Apr 11 20:42:58 UTC 2018
Changer: Unknown: Unknown change : ClassModelChangeAddTypeDef: Type=CmdbStringType, Entries=[{_key=0, _value=SUCCEEDED}, {_key=1, _value=FAILED}, {_key=2, _value=NEVER_RUN}] , date: Wed Apr 11 20:42:58 UTC 2018
Changer: Unknown: Unknown change : ClassModelChangeAddTypeDef: Type=CmdbStringType, Entries=[{_key=0, _value=IN_SYNCH}, {_key=1, _value=IDLE}] , date: Wed Apr 11 20:42:58 UTC 2018
Changer: Unknown: Unknown change : ClassModelChangeAddTypeDef: Type=CmdbStringType, Entries=[{_key=0, _value=Disconnected}, {_key=1, _value=Connected}, {_key=2, _value=Disconnected_Stopped}, {_key=3, _value=Disconnected_Being_Restarted}] , date: Wed Apr 11 20:42:58 UTC 2018
Changer: Unknown: Unknown change : ClassModelChangeAddTypeDef: Type=CmdbStringType, Entries=[{_key=0, _value=Undispatched}, {_key=1, _value=Not sent yet}, {_key=2, _value=Active}, {_key=3, _value=At least one successful invocation}, {_key=10, _value=Warning}, {_key=11, _value=Error}] , date: Wed Apr 11 20:42:58 UTC 2018
Changer: Unknown: Unknown change : ClassModelChangeAddTypeDef: Type=CmdbStringType, Entries=[business_enablement, application_and_services, software, infrastructure, facilities, virtualization_infrastructure] , date: Wed Apr 11 20:42:58 UTC 2018
Changer: Unknown: Unknown change : ClassModelChangeAddTypeDef: Type=CmdbStringType, Entries=[.net, application_server, business_application, business_service, cluster, database, directory_server, erp, infrastructure, jee, location, mail, mainframe, messaging, network, soa, virtualization_infrastructure, virtualization_software, web_server] , date: Wed Apr 11 20:42:58 UTC 2018
Changer: Unknown: Unknown change : ClassModelChangeAddTypeDef: Type=CmdbStringType, Entries=[change, operation] , date: Wed Apr 11 20:42:58 UTC 2018
Changer: Unknown: Unknown change : ClassModelChangeAddTypeDef: Type=CmdbStringType, Entries=[Mercury Application Management, hp, ca, Mercury Application Mapping] , date: Wed Apr 11 20:42:58 UTC 2018
Changer: Unknown: Unknown change : ClassModelChangeAddTypeDef: Type=CmdbStringType, Entries=[{_key=0, _value=Managed}, {_key=1, _value=Unmanaged}, {_key=2, _value=Unknown}, {_key=3, _value=Testing}, {_key=4, _value=Restricted}, {_key=5, _value=Disabled}] , date: Wed Apr 11 20:42:58 UTC 2018
Changer: Unknown: Unknown change : ClassModelChangeAddTypeDef: Type=CmdbStringType, Entries=[{_key=0, _value=No Change}, {_key=1, _value=Plan}, {_key=2, _value=New}, {_key=3, _value=Cancel}] , date: Wed Apr 11 20:42:58 UTC 2018
Changer: Unknown: Unknown change : ClassModelChangeAddTypeDef: Type=CmdbStringType, Entries=[{_key=0, _value=Normal}, {_key=1, _value=Warning(1)}, {_key=2, _value=Warning(2)}, {_key=3, _value=Minor(3)}, {_key=4, _value=Minor(4)}, {_key=5, _value=Minor(5)}, {_key=6, _value=Minor(6)}, {_key=7, _value=Major(7)}, {_key=8, _value=Major(8)}, {_key=9, _value=Critical}] , date: Wed Apr 11 20:42:58 UTC 2018
Changer: Unknown: Unknown change : ClassModelChangeAddTypeDef: Type=CmdbStringType, Entries=[{_key=0, _value=Normal}, {_key=1, _value=Warning(1)}, {_key=2, _value=Warning(2)}, {_key=3, _value=Minor(3)}, {_key=4, _value=Minor(4)}, {_key=5, _value=Minor(5)}, {_key=6, _value=Minor(6)}, {_key=7, _value=Major(7)}, {_key=8, _value=Major(8)}, {_key=9, _value=Critical}] , date: Wed Apr 11 20:42:58 UTC 2018
Changer: Unknown: Unknown change : ClassModelChangeAddTypeDef: Type=CmdbStringType, Entries=[{_key=0, _value=Planned}, {_key=1, _value=Ordered}, {_key=2, _value=In development}, {_key=3, _value=In test}, {_key=4, _value=In stock}, {_key=5, _value=Live}, {_key=6, _value=In maintenance}, {_key=7, _value=Withdrawn}] , date: Wed Apr 11 20:42:58 UTC 2018
Changer: Unknown: Unknown change : ClassModelChangeAddClass: class: name [root] super class [none] type [OBJECT] isFactory [true] isUserUpdated [false] path [AA] , date: Wed Apr 11 20:42:58 UTC 2018
Changer: Unknown: Unknown change : ClassModelChangeAddClass: class: name [data] super class [root] type [OBJECT] isFactory [true] isUserUpdated [false] path [AAAA] , date: Wed Apr 11 20:42:58 UTC 2018
Changer: Unknown: Unknown change : ClassModelChangeAddClass: class: name [link] super class [data] type [LINK] isFactory [true] isUserUpdated [false] path [AAAAAA] , date: Wed Apr 11 20:42:58 UTC 2018
Changer: Unknown: Unknown change : ClassModelChangeAddClass: class: name [maplink] super class [link] type [LINK] isFactory [true] isUserUpdated [false] path [AAAAAAAA] , date: Wed Apr 11 20:42:58 UTC 2018
Changer: Unknown: Unknown change : ClassModelChangeAddClass: class: name [mapgrouplink] super class [maplink] type [LINK] isFactory [true] isUserUpdated [false] path [AAAAAAAAAA] , date: Wed Apr 11 20:42:58 UTC 2018
Changer: Unknown: Unknown change : ClassModelChangeAddClass: class: name [maplinkmeta] super class [maplink] type [LINK] isFactory [true] isUserUpdated [false] path [AAAAAAAAAB] , date: Wed Apr 11 20:42:58 UTC 2018
Changer: Unknown: Unknown change : ClassModelChangeAddClass: class: name [contains_cmdb] super class [link] type [LINK] isFactory [true] isUserUpdated [false] path [AAAAAAAB] , date: Wed Apr 11 20:42:58 UTC 2018
Changer: Unknown: Unknown change : ClassModelChangeAddClass: class: name [rulename] super class [link] type [LINK] isFactory [true] isUserUpdated [false] path [AAAAAAAC] , date: Wed Apr 11 20:42:58 UTC 2018
Changer: Unknown: Unknown change : ClassModelChangeAddClass: class: name [configuration_links] super class [link] type [LINK] isFactory [true] isUserUpdated [false] path [AAAAAAAD] , date: Wed Apr 11 20:42:58 UTC 2018
Changer: Unknown: Unknown change : ClassModelChangeAddClass: class: name [fcmdb_configuration_link] super class [configuration_links] type [LINK] isFactory [true] isUserUpdated [false] path [AAAAAAADAA] , date: Wed Apr 11 20:42:58 UTC 2018
Changer: Unknown: Unknown change : ClassModelChangeAddClass: class: name [fcmdb_conf_aggregation] super class [fcmdb_configuration_link] type [LINK] isFactory [true] isUserUpdated [false] path [AAAAAAADAAAA] , date: Wed Apr 11 20:42:58 UTC 2018
Changer: Unknown: Unknown change : ClassModelChangeAddClass: class: name [fcmdb_conf_composition] super class [fcmdb_configuration_link] type [LINK] isFactory [true] isUserUpdated [false] path [AAAAAAADAAAB] , date: Wed Apr 11 20:42:58 UTC 2018
Changer: Unknown: Unknown change : ClassModelChangeAddClass: class: name [fcmdb_info_composition] super class [fcmdb_configuration_link] type [LINK] isFactory [true] isUserUpdated [false] path [AAAAAAADAAAC] , date: Wed Apr 11 20:42:58 UTC 2018
Changer: Unknown: Unknown change : ClassModelChangeAddClass: class: name [function] super class [configuration_links] type [LINK] isFactory [true] isUserUpdated [false] path [AAAAAAADAB] , date: Wed Apr 11 20:42:58 UTC 2018
Changer: Unknown: Unknown change : ClassModelChangeAddClass: class: name [inheritance_f] super class [function] type [LINK] isFactory [true] isUserUpdated [false] path [AAAAAAADABAA] , date: Wed Apr 11 20:42:58 UTC 2018
Changer: Unknown: Unknown change : ClassModelChangeAddClass: class: name [join_f] super class [function] type [LINK] isFactory [true] isUserUpdated [false] path [AAAAAAADABAB] , date: Wed Apr 11 20:42:58 UTC 2018
Changer: Unknown: Unknown change : ClassModelChangeAddClass: class: name [compound_f] super class [function] type [LINK] isFactory [true] isUserUpdated [false] path [AAAAAAADABAC] , date: Wed Apr 11 20:42:58 UTC 2018
Changer: Unknown: Unknown change : ClassModelChangeAddClass: class: name [management] super class [configuration_links] type [LINK] isFactory [true] isUserUpdated [false] path [AAAAAAADAC] , date: Wed Apr 11 20:42:58 UTC 2018
Changer: Unknown: Unknown change : ClassModelChangeAddClass: class: name [triggers] super class [configuration_links] type [LINK] isFactory [true] isUserUpdated [false] path [AAAAAAADAD] , date: Wed Apr 11 20:42:58 UTC 2018
Changer: Unknown: Unknown change : ClassModelChangeAddClass: class: name [viewprofile] super class [configuration_links] type [LINK] isFactory [true] isUserUpdated [false] path [AAAAAAADAE] , date: Wed Apr 11 20:42:58 UTC 2018
Changer: Unknown: Unknown change : ClassModelChangeAddClass: class: name [cmdb_configuration_links] super class [configuration_links] type [LINK] isFactory [true] isUserUpdated [false] path [AAAAAAADAF] , date: Wed Apr 11 20:42:58 UTC 2018
Changer: Unknown: Unknown change : ClassModelChangeAddClass: class: name [managed_relationship] super class [link] type [LINK] isFactory [true] isUserUpdated [false] path [AAAAAAAE] , date: Wed Apr 11 20:42:58 UTC 2018
Changer: Unknown: Unknown change : ClassModelChangeAddClass: class: name [monitor_links] super class [managed_relationship] type [LINK] isFactory [true] isUserUpdated [false] path [AAAAAAAEAA] , date: Wed Apr 11 20:42:58 UTC 2018
Changer: Unknown: Unknown change : ClassModelChangeAddClass: class: name [system_monitor_links] super class [monitor_links] type [LINK] isFactory [true] isUserUpdated [false] path [AAAAAAAEAAAA] , date: Wed Apr 11 20:42:58 UTC 2018
Changer: Unknown: Unknown change : ClassModelChangeAddClass: class: name [eum_links] super class [monitor_links] type [LINK] isFactory [true] isUserUpdated [false] path [AAAAAAAEAAAB] , date: Wed Apr 11 20:42:58 UTC 2018
Changer: Unknown: Unknown change : ClassModelChangeAddClass: class: name [monitored_by] super class [monitor_links] type [LINK] isFactory [true] isUserUpdated [false] path [AAAAAAAEAAAC] , date: Wed Apr 11 20:42:58 UTC 2018
Changer: Unknown: Unknown change : ClassModelChangeAddClass: class: name [system_links] super class [managed_relationship] type [LINK] isFactory [true] isUserUpdated [false] path [AAAAAAAEAB] , date: Wed Apr 11 20:42:58 UTC 2018
Changer: Unknown: Unknown change : ClassModelChangeAddClass: class: name [business_links] super class [managed_relationship] type [LINK] isFactory [true] isUserUpdated [false] path [AAAAAAAEAC] , date: Wed Apr 11 20:42:58 UTC 2018
Changer: Unknown: Unknown change : ClassModelChangeAddClass: class: name [composition] super class [managed_relationship] type [LINK] isFactory [true] isUserUpdated [false] path [AAAAAAAEAD] , date: Wed Apr 11 20:42:58 UTC 2018
Changer: Unknown: Unknown change : ClassModelChangeAddClass: class: name [containment] super class [managed_relationship] type [LINK] isFactory [true] isUserUpdated [false] path [AAAAAAAEAE] , date: Wed Apr 11 20:42:58 UTC 2018
Changer: Unknown: Unknown change : ClassModelChangeAddClass: class: name [includes] super class [managed_relationship] type [LINK] isFactory [true] isUserUpdated [false] path [AAAAAAAEAF] , date: Wed Apr 11 20:42:58 UTC 2018
Changer: Unknown: Unknown change : ClassModelChangeAddClass: class: name [calculated_link] super class [link] type [LINK] isFactory [true] isUserUpdated [false] path [AAAAAAAF] , date: Wed Apr 11 20:42:58 UTC 2018
Changer: Unknown: Unknown change : ClassModelChangeAddCalculatedLink calculated_link , date: Wed Apr 11 20:42:58 UTC 2018
Changer: Unknown: Unknown change : ClassModelChangeAddClass: class: name [impact_link] super class [calculated_link] type [LINK] isFactory [true] isUserUpdated [false] path [AAAAAAAFAA] , date: Wed Apr 11 20:42:58 UTC 2018
Changer: Unknown: Unknown change : ClassModelChangeAddCalculatedLink impact_link , date: Wed Apr 11 20:42:58 UTC 2018
Changer: Unknown: Unknown change : ClassModelChangeAddClass: class: name [object] super class [data] type [OBJECT] isFactory [true] isUserUpdated [false] path [AAAAAB] , date: Wed Apr 11 20:42:58 UTC 2018
Changer: Unknown: Unknown change : ClassModelChangeAddClass: class: name [mapnode] super class [object] type [OBJECT] isFactory [true] isUserUpdated [false] path [AAAAABAA] , date: Wed Apr 11 20:42:58 UTC 2018
Changer: Unknown: Unknown change : ClassModelChangeAddClass: class: name [mapgroup] super class [mapnode] type [OBJECT] isFactory [true] isUserUpdated [false] path [AAAAABAAAA] , date: Wed Apr 11 20:42:58 UTC 2018
Changer: Unknown: Unknown change : ClassModelChangeAddClass: class: name [snapshot] super class [object] type [OBJECT] isFactory [true] isUserUpdated [false] path [AAAAABAB] , date: Wed Apr 11 20:42:58 UTC 2018
Changer: Unknown: Unknown change : ClassModelChangeAddClass: class: name [ReportResult] super class [object] type [OBJECT] isFactory [true] isUserUpdated [false] path [AAAAABAC] , date: Wed Apr 11 20:42:58 UTC 2018
Changer: Unknown: Unknown change : ClassModelChangeAddClass: class: name [AbstractReportDefinition] super class [object] type [OBJECT] isFactory [true] isUserUpdated [false] path [AAAAABAD] , date: Wed Apr 11 20:42:58 UTC 2018
Changer: Unknown: Unknown change : ClassModelChangeAddClass: class: name [configuration] super class [object] type [OBJECT] isFactory [true] isUserUpdated [false] path [AAAAABAE] , date: Wed Apr 11 20:42:58 UTC 2018
Changer: Unknown: Unknown change : ClassModelChangeAddClass: class: name [fcmdb_configuration] super class [configuration] type [OBJECT] isFactory [true] isUserUpdated [false] path [AAAAABAEAA] , date: Wed Apr 11 20:42:58 UTC 2018
Changer: Unknown: Unknown change : ClassModelChangeAddClass: class: name [fcmdb_config] super class [fcmdb_configuration] type [OBJECT] isFactory [true] isUserUpdated [false] path [AAAAABAEAAAA] , date: Wed Apr 11 20:42:58 UTC 2018
Changer: Unknown: Unknown change : ClassModelChangeAddClass: class: name [adapter_config] super class [fcmdb_config] type [OBJECT] isFactory [true] isUserUpdated [false] path [AAAAABAEAAAAAA] , date: Wed Apr 11 20:42:58 UTC 2018
Changer: Unknown: Unknown change : ClassModelChangeAddClass: class: name [destination_config] super class [fcmdb_config] type [OBJECT] isFactory [true] isUserUpdated [false] path [AAAAABAEAAAAAB] , date: Wed Apr 11 20:42:58 UTC 2018
Changer: Unknown: Unknown change : ClassModelChangeAddClass: class: name [supported_class_config] super class [fcmdb_config] type [OBJECT] isFactory [true] isUserUpdated [false] path [AAAAABAEAAAAAC] , date: Wed Apr 11 20:42:58 UTC 2018
Changer: Unknown: Unknown change : ClassModelChangeAddClass: class: name [fcmdb_info] super class [fcmdb_configuration] type [OBJECT] isFactory [true] isUserUpdated [false] path [AAAAABAEAAAB] , date: Wed Apr 11 20:42:58 UTC 2018
Changer: Unknown: Unknown change : ClassModelChangeAddClass: class: name [last_concrete_synch_info] super class [fcmdb_info] type [OBJECT] isFactory [true] isUserUpdated [false] path [AAAAABAEAAABAA] , date: Wed Apr 11 20:42:58 UTC 2018
Changer: Unknown: Unknown change : ClassModelChangeAddClass: class: name [last_synch_unit_info] super class [fcmdb_info] type [OBJECT] isFactory [true] isUserUpdated [false] path [AAAAABAEAAABAB] , date: Wed Apr 11 20:42:58 UTC 2018
Changer: Unknown: Unknown change : ClassModelChangeAddClass: class: name [synch_unit_info] super class [fcmdb_info] type [OBJECT] isFactory [true] isUserUpdated [false] path [AAAAABAEAAABAC] , date: Wed Apr 11 20:42:58 UTC 2018
Changer: Unknown: Unknown change : ClassModelChangeAddClass: class: name [circularproperties] super class [configuration] type [OBJECT] isFactory [true] isUserUpdated [false] path [AAAAABAEAB] , date: Wed Apr 11 20:42:58 UTC 2018
Changer: Unknown: Unknown change : ClassModelChangeAddClass: class: name [column] super class [configuration] type [OBJECT] isFactory [true] isUserUpdated [false] path [AAAAABAEAC] , date: Wed Apr 11 20:42:58 UTC 2018
Changer: Unknown: Unknown change : ClassModelChangeAddClass: class: name [condition] super class [configuration] type [OBJECT] isFactory [true] isUserUpdated [false] path [AAAAABAEAD] , date: Wed Apr 11 20:42:58 UTC 2018
Changer: Unknown: Unknown change : ClassModelChangeAddClass: class: name [disconnectedproperties] super class [configuration] type [OBJECT] isFactory [true] isUserUpdated [false] path [AAAAABAEAE] , date: Wed Apr 11 20:42:58 UTC 2018
Changer: Unknown: Unknown change : ClassModelChangeAddClass: class: name [eventmessage] super class [configuration] type [OBJECT] isFactory [true] isUserUpdated [false] path [AAAAABAEAF] , date: Wed Apr 11 20:42:58 UTC 2018
Changer: Unknown: Unknown change : ClassModelChangeAddClass: class: name [hierarchicalproperties] super class [configuration] type [OBJECT] isFactory [true] isUserUpdated [false] path [AAAAABAEAG] , date: Wed Apr 11 20:42:58 UTC 2018
Changer: Unknown: Unknown change : ClassModelChangeAddClass: class: name [key] super class [configuration] type [OBJECT] isFactory [true] isUserUpdated [false] path [AAAAABAEAH] , date: Wed Apr 11 20:42:58 UTC 2018
Changer: Unknown: Unknown change : ClassModelChangeAddClass: class: name [layerproperties] super class [configuration] type [OBJECT] isFactory [true] isUserUpdated [false] path [AAAAABAEAI] , date: Wed Apr 11 20:42:58 UTC 2018
Changer: Unknown: Unknown change : ClassModelChangeAddClass: class: name [maplayer] super class [configuration] type [OBJECT] isFactory [true] isUserUpdated [false] path [AAAAABAEAJ] , date: Wed Apr 11 20:42:58 UTC 2018
Changer: Unknown: Unknown change : ClassModelChangeAddClass: class: name [model] super class [configuration] type [OBJECT] isFactory [true] isUserUpdated [false] path [AAAAABAEAK] , date: Wed Apr 11 20:42:58 UTC 2018
Changer: Unknown: Unknown change : ClassModelChangeAddClass: class: name [messagecatalog] super class [configuration] type [OBJECT] isFactory [true] isUserUpdated [false] path [AAAAABAEAL] , date: Wed Apr 11 20:42:58 UTC 2018
Changer: Unknown: Unknown change : ClassModelChangeAddClass: class: name [param] super class [configuration] type [OBJECT] isFactory [true] isUserUpdated [false] path [AAAAABAEAM] , date: Wed Apr 11 20:42:58 UTC 2018
Changer: Unknown: Unknown change : ClassModelChangeAddClass: class: name [paramdefinition] super class [configuration] type [OBJECT] isFactory [true] isUserUpdated [false] path [AAAAABAEAN] , date: Wed Apr 11 20:42:58 UTC 2018
Changer: Unknown: Unknown change : ClassModelChangeAddClass: class: name [profile] super class [configuration] type [OBJECT] isFactory [true] isUserUpdated [false] path [AAAAABAEAO] , date: Wed Apr 11 20:42:58 UTC 2018
Changer: Unknown: Unknown change : ClassModelChangeAddClass: class: name [subchart] super class [configuration] type [OBJECT] isFactory [true] isUserUpdated [false] path [AAAAABAEAP] , date: Wed Apr 11 20:42:58 UTC 2018
Changer: Unknown: Unknown change : ClassModelChangeAddClass: class: name [tailor] super class [configuration] type [OBJECT] isFactory [true] isUserUpdated [false] path [AAAAABAEAQ] , date: Wed Apr 11 20:42:58 UTC 2018
Changer: Unknown: Unknown change : ClassModelChangeAddClass: class: name [folder] super class [configuration] type [OBJECT] isFactory [true] isUserUpdated [false] path [AAAAABAEAR] , date: Wed Apr 11 20:42:58 UTC 2018
Changer: Unknown: Unknown change : ClassModelChangeAddClass: class: name [watch] super class [configuration] type [OBJECT] isFactory [true] isUserUpdated [false] path [AAAAABAEAS] , date: Wed Apr 11 20:42:58 UTC 2018
Changer: Unknown: Unknown change : ClassModelChangeAddClass: class: name [ModelNotificationDefinitionImpl] super class [configuration] type [OBJECT] isFactory [true] isUserUpdated [false] path [AAAAABAEAT] , date: Wed Apr 11 20:42:58 UTC 2018
Changer: Unknown: Unknown change : ClassModelChangeAddClass: class: name [extended_property_link] super class [configuration] type [OBJECT] isFactory [true] isUserUpdated [false] path [AAAAABAEAU] , date: Wed Apr 11 20:42:58 UTC 2018
Changer: Unknown: Unknown change : ClassModelChangeAddClass: class: name [cmdbclass] super class [configuration] type [OBJECT] isFactory [true] isUserUpdated [false] path [AAAAABAEAV] , date: Wed Apr 11 20:42:58 UTC 2018
Changer: Unknown: Unknown change : ClassModelChangeAddClass: class: name [discoverydoc] super class [configuration] type [OBJECT] isFactory [true] isUserUpdated [false] path [AAAAABAEAW] , date: Wed Apr 11 20:42:58 UTC 2018
Changer: Unknown: Unknown change : ClassModelChangeAddClass: class: name [discoveryjob] super class [configuration] type [OBJECT] isFactory [true] isUserUpdated [false] path [AAAAABAEAX] , date: Wed Apr 11 20:42:58 UTC 2018
Changer: Unknown: Unknown change : ClassModelChangeAddClass: class: name [discoverymodule] super class [configuration] type [OBJECT] isFactory [true] isUserUpdated [false] path [AAAAABAEAY] , date: Wed Apr 11 20:42:58 UTC 2018
Changer: Unknown: Unknown change : ClassModelChangeAddClass: class: name [discoverypattern] super class [configuration] type [OBJECT] isFactory [true] isUserUpdated [false] path [AAAAABAEAZ] , date: Wed Apr 11 20:42:58 UTC 2018
Changer: Unknown: Unknown change : ClassModelChangeAddClass: class: name [discoveryprobegateway] super class [configuration] type [OBJECT] isFactory [true] isUserUpdated [false] path [AAAAABAEBA] , date: Wed Apr 11 20:42:58 UTC 2018
Changer: Unknown: Unknown change : ClassModelChangeAddClass: class: name [discoveryprobemanager] super class [configuration] type [OBJECT] isFactory [true] isUserUpdated [false] path [AAAAABAEBB] , date: Wed Apr 11 20:42:58 UTC 2018
Changer: Unknown: Unknown change : ClassModelChangeAddClass: class: name [discoveryresource] super class [configuration] type [OBJECT] isFactory [true] isUserUpdated [false] path [AAAAABAEBC] , date: Wed Apr 11 20:42:58 UTC 2018
Changer: Unknown: Unknown change : ClassModelChangeAddClass: class: name [discoverysairesource] super class [configuration] type [OBJECT] isFactory [true] isUserUpdated [false] path [AAAAABAEBD] , date: Wed Apr 11 20:42:58 UTC 2018
Changer: Unknown: Unknown change : ClassModelChangeAddClass: class: name [discoverytql] super class [configuration] type [OBJECT] isFactory [true] isUserUpdated [false] path [AAAAABAEBE] , date: Wed Apr 11 20:42:58 UTC 2018
Changer: Unknown: Unknown change : ClassModelChangeAddClass: class: name [discoverywizard] super class [configuration] type [OBJECT] isFactory [true] isUserUpdated [false] path [AAAAABAEBF] , date: Wed Apr 11 20:42:58 UTC 2018
Changer: Unknown: Unknown change : ClassModelChangeAddClass: class: name [domain] super class [configuration] type [OBJECT] isFactory [true] isUserUpdated [false] path [AAAAABAEBG] , date: Wed Apr 11 20:42:58 UTC 2018
Changer: Unknown: Unknown change : ClassModelChangeAddClass: class: name [protocol] super class [configuration] type [OBJECT] isFactory [true] isUserUpdated [false] path [AAAAABAEBH] , date: Wed Apr 11 20:42:58 UTC 2018
Changer: Unknown: Unknown change : ClassModelChangeAddClass: class: name [udaprotocol] super class [protocol] type [OBJECT] isFactory [true] isUserUpdated [false] path [AAAAABAEBHAA] , date: Wed Apr 11 20:42:58 UTC 2018
Changer: Unknown: Unknown change : ClassModelChangeAddClass: class: name [action] super class [configuration] type [OBJECT] isFactory [true] isUserUpdated [false] path [AAAAABAEBI] , date: Wed Apr 11 20:42:58 UTC 2018
Changer: Unknown: Unknown change : ClassModelChangeAddClass: class: name [actiondefinition] super class [configuration] type [OBJECT] isFactory [true] isUserUpdated [false] path [AAAAABAEBJ] , date: Wed Apr 11 20:42:58 UTC 2018
Changer: Unknown: Unknown change : ClassModelChangeAddClass: class: name [actioninvocationdata] super class [configuration] type [OBJECT] isFactory [true] isUserUpdated [false] path [AAAAABAEBK] , date: Wed Apr 11 20:42:58 UTC 2018
Changer: Unknown: Unknown change : ClassModelChangeAddClass: class: name [actionkey] super class [configuration] type [OBJECT] isFactory [true] isUserUpdated [false] path [AAAAABAEBL] , date: Wed Apr 11 20:42:58 UTC 2018
Changer: Unknown: Unknown change : ClassModelChangeAddClass: class: name [actionrepository] super class [configuration] type [OBJECT] isFactory [true] isUserUpdated [false] path [AAAAABAEBM] , date: Wed Apr 11 20:42:58 UTC 2018
Changer: Unknown: Unknown change : ClassModelChangeAddClass: class: name [chart] super class [configuration] type [OBJECT] isFactory [true] isUserUpdated [false] path [AAAAABAEBN] , date: Wed Apr 11 20:42:58 UTC 2018
Changer: Unknown: Unknown change : ClassModelChangeAddClass: class: name [eventbase] super class [configuration] type [OBJECT] isFactory [true] isUserUpdated [false] path [AAAAABAEBO] , date: Wed Apr 11 20:42:58 UTC 2018
Changer: Unknown: Unknown change : ClassModelChangeAddClass: class: name [activeevent] super class [eventbase] type [OBJECT] isFactory [true] isUserUpdated [false] path [AAAAABAEBOAA] , date: Wed Apr 11 20:42:58 UTC 2018
Changer: Unknown: Unknown change : ClassModelChangeAddClass: class: name [rawevent] super class [eventbase] type [OBJECT] isFactory [true] isUserUpdated [false] path [AAAAABAEBOAB] , date: Wed Apr 11 20:42:58 UTC 2018
Changer: Unknown: Unknown change : ClassModelChangeAddClass: class: name [rules] super class [configuration] type [OBJECT] isFactory [true] isUserUpdated [false] path [AAAAABAEBP] , date: Wed Apr 11 20:42:58 UTC 2018
Changer: Unknown: Unknown change : ClassModelChangeAddClass: class: name [timerules] super class [configuration] type [OBJECT] isFactory [true] isUserUpdated [false] path [AAAAABAEBQ] , date: Wed Apr 11 20:42:58 UTC 2018
Changer: Unknown: Unknown change : ClassModelChangeAddClass: class: name [eventrules] super class [configuration] type [OBJECT] isFactory [true] isUserUpdated [false] path [AAAAABAEBR] , date: Wed Apr 11 20:42:58 UTC 2018
Changer: Unknown: Unknown change : ClassModelChangeAddClass: class: name [eventtimerules] super class [configuration] type [OBJECT] isFactory [true] isUserUpdated [false] path [AAAAABAEBS] , date: Wed Apr 11 20:42:58 UTC 2018
Changer: Unknown: Unknown change : ClassModelChangeAddClass: class: name [input] super class [configuration] type [OBJECT] isFactory [true] isUserUpdated [false] path [AAAAABAEBT] , date: Wed Apr 11 20:42:58 UTC 2018
Changer: Unknown: Unknown change : ClassModelChangeAddClass: class: name [instruction] super class [configuration] type [OBJECT] isFactory [true] isUserUpdated [false] path [AAAAABAEBU] , date: Wed Apr 11 20:42:58 UTC 2018
Changer: Unknown: Unknown change : ClassModelChangeAddClass: class: name [actioninstruction] super class [instruction] type [OBJECT] isFactory [true] isUserUpdated [false] path [AAAAABAEBUAA] , date: Wed Apr 11 20:42:58 UTC 2018
Changer: Unknown: Unknown change : ClassModelChangeAddClass: class: name [panelinstruction] super class [instruction] type [OBJECT] isFactory [true] isUserUpdated [false] path [AAAAABAEBUAB] , date: Wed Apr 11 20:42:58 UTC 2018
Changer: Unknown: Unknown change : ClassModelChangeAddClass: class: name [internalid] super class [configuration] type [OBJECT] isFactory [true] isUserUpdated [false] path [AAAAABAEBV] , date: Wed Apr 11 20:42:58 UTC 2018
Changer: Unknown: Unknown change : ClassModelChangeAddClass: class: name [job] super class [configuration] type [OBJECT] isFactory [true] isUserUpdated [false] path [AAAAABAEBW] , date: Wed Apr 11 20:42:58 UTC 2018
Changer: Unknown: Unknown change : ClassModelChangeAddClass: class: name [output] super class [configuration] type [OBJECT] isFactory [true] isUserUpdated [false] path [AAAAABAEBX] , date: Wed Apr 11 20:42:58 UTC 2018
Changer: Unknown: Unknown change : ClassModelChangeAddClass: class: name [providerrepository] super class [configuration] type [OBJECT] isFactory [true] isUserUpdated [false] path [AAAAABAEBY] , date: Wed Apr 11 20:42:58 UTC 2018
Changer: Unknown: Unknown change : ClassModelChangeAddClass: class: name [schedulerjob] super class [configuration] type [OBJECT] isFactory [true] isUserUpdated [false] path [AAAAABAEBZ] , date: Wed Apr 11 20:42:58 UTC 2018
Changer: Unknown: Unknown change : ClassModelChangeAddClass: class: name [scheduler_job] super class [configuration] type [OBJECT] isFactory [true] isUserUpdated [false] path [AAAAABAECA] , date: Wed Apr 11 20:42:58 UTC 2018
Changer: Unknown: Unknown change : ClassModelChangeAddClass: class: name [userfilter] super class [configuration] type [OBJECT] isFactory [true] isUserUpdated [false] path [AAAAABAECB] , date: Wed Apr 11 20:42:58 UTC 2018
Changer: Unknown: Unknown change : ClassModelChangeAddClass: class: name [managed_object] super class [object] type [OBJECT] isFactory [true] isUserUpdated [false] path [AAAAABAF] , date: Wed Apr 11 20:42:58 UTC 2018
Changer: Unknown: Unknown change : ClassModelChangeAddClass: class: name [configuration_item] super class [managed_object] type [OBJECT] isFactory [true] isUserUpdated [false] path [AAAAABAFAA] , date: Wed Apr 11 20:42:58 UTC 2018
Changer: Unknown: Unknown change : ClassModelChangeAddClass: class: name [monitor] super class [configuration_item] type [OBJECT] isFactory [true] isUserUpdated [false] path [AAAAABAFAAAA] , date: Wed Apr 11 20:42:58 UTC 2018
Changer: Unknown: Unknown change : ClassModelChangeAddClass: class: name [system_monitor] super class [monitor] type [OBJECT] isFactory [true] isUserUpdated [false] path [AAAAABAFAAAAAA] , date: Wed Apr 11 20:42:58 UTC 2018
Changer: Unknown: Unknown change : ClassModelChangeAddClass: class: name [eum_monitor] super class [monitor] type [OBJECT] isFactory [true] isUserUpdated [false] path [AAAAABAFAAAAAB] , date: Wed Apr 11 20:42:58 UTC 2018
Changer: Unknown: Unknown change : ClassModelChangeAddClass: class: name [infrastructure_element] super class [configuration_item] type [OBJECT] isFactory [true] isUserUpdated [false] path [AAAAABAFAAAB] , date: Wed Apr 11 20:42:58 UTC 2018
Changer: Unknown: Unknown change : ClassModelChangeAddValidLink: valid link: class name [fcmdb_conf_aggregation], end1 [fcmdb_configuration], end2 [fcmdb_configuration] , date: Wed Apr 11 20:42:58 UTC 2018
Changer: Unknown: Unknown change : ClassModelChangeAddValidLink: valid link: class name [fcmdb_conf_composition], end1 [fcmdb_configuration], end2 [fcmdb_configuration] , date: Wed Apr 11 20:42:58 UTC 2018
Changer: Unknown: Unknown change : ClassModelChangeAddValidLink: valid link: class name [fcmdb_info_composition], end1 [fcmdb_info], end2 [fcmdb_info] , date: Wed Apr 11 20:42:58 UTC 2018
Changer: Unknown: Unknown change : ClassModelChangeAddValidLink: valid link: class name [join_f], end1 [object], end2 [object] , date: Wed Apr 11 20:42:58 UTC 2018
Changer: Unknown: Unknown change : ClassModelChangeAddValidLink: valid link: class name [composition], end1 [condition], end2 [param] , date: Wed Apr 11 20:42:58 UTC 2018
Changer: Unknown: Unknown change : ClassModelChangeAddValidLink: valid link: class name [composition], end1 [layerproperties], end2 [tailor] , date: Wed Apr 11 20:42:58 UTC 2018
Changer: Unknown: Unknown change : ClassModelChangeAddValidLink: valid link: class name [composition], end1 [mapnode], end2 [mapnode] , date: Wed Apr 11 20:42:58 UTC 2018
Changer: Unknown: Unknown change : ClassModelChangeAddValidLink: valid link: class name [composition], end1 [mapnode], end2 [maplayer] , date: Wed Apr 11 20:42:58 UTC 2018
Changer: Unknown: Unknown change : ClassModelChangeAddValidLink: valid link: class name [composition], end1 [mapnode], end2 [maplink] , date: Wed Apr 11 20:42:58 UTC 2018
Changer: Unknown: Unknown change : ClassModelChangeAddValidLink: valid link: class name [compound_f], end1 [object], end2 [object] , date: Wed Apr 11 20:42:58 UTC 2018
Changer: Unknown: Unknown change : ClassModelChangeAddValidLink: valid link: class name [extended_property_link], end1 [object], end2 [object] , date: Wed Apr 11 20:42:58 UTC 2018
Changer: Unknown: Unknown change : ClassModelChangeAddValidLink: valid link: class name [composition], end1 [protocol], end2 [domain] , date: Wed Apr 11 20:42:58 UTC 2018
Changer: Unknown: Unknown change : ClassModelChangeAddValidLink: valid link: class name [management], end1 [discoveryprobegateway], end2 [discoveryprobemanager] , date: Wed Apr 11 20:42:58 UTC 2018
Changer: Unknown: Unknown change : ClassModelChangeAddValidLink: valid link: class name [triggers], end1 [discoverytql], end2 [discoveryjob] , date: Wed Apr 11 20:42:58 UTC 2018
Changer: Unknown: Unknown change : ClassModelChangeAddValidLink: valid link: class name [composition], end1 [action], end2 [param] , date: Wed Apr 11 20:42:58 UTC 2018
Changer: Unknown: Unknown change : ClassModelChangeAddValidLink: valid link: class name [composition], end1 [actiondefinition], end2 [paramdefinition] , date: Wed Apr 11 20:42:58 UTC 2018
Changer: Unknown: Unknown change : ClassModelChangeAddValidLink: valid link: class name [composition], end1 [actioninvocationdata], end2 [actionkey] , date: Wed Apr 11 20:42:58 UTC 2018
Changer: Unknown: Unknown change : ClassModelChangeAddValidLink: valid link: class name [composition], end1 [actioninvocationdata], end2 [param] , date: Wed Apr 11 20:42:58 UTC 2018
Changer: Unknown: Unknown change : ClassModelChangeAddValidLink: valid link: class name [composition], end1 [instruction], end2 [input] , date: Wed Apr 11 20:42:58 UTC 2018
Changer: Unknown: Unknown change : ClassModelChangeAddValidLink: valid link: class name [composition], end1 [instruction], end2 [output] , date: Wed Apr 11 20:42:58 UTC 2018
Changer: Unknown: Unknown change : ClassModelChangeAddValidLink: valid link: class name [composition], end1 [job], end2 [actionkey] , date: Wed Apr 11 20:42:58 UTC 2018
Changer: Unknown: Unknown change : ClassModelChangeAddValidLink: valid link: class name [composition], end1 [job], end2 [instruction] , date: Wed Apr 11 20:42:58 UTC 2018
Changer: Unknown: Unknown change : ClassModelChangeAddValidLink: valid link: class name [composition], end1 [job], end2 [output] , date: Wed Apr 11 20:42:58 UTC 2018
Changer: Unknown: Unknown change : ClassModelChangeAddValidLink: valid link: class name [composition], end1 [providerrepository], end2 [actionrepository] , date: Wed Apr 11 20:42:58 UTC 2018
Changer: Unknown: Unknown change : ClassModelChangeAddValidLink: valid link: class name [composition], end1 [schedulerjob], end2 [actioninvocationdata] , date: Wed Apr 11 20:42:58 UTC 2018
Changer: Unknown: Unknown change : ClassModelChangeAddValidLink: valid link: class name [composition], end1 [chart], end2 [subchart] , date: Wed Apr 11 20:42:58 UTC 2018
Changer: Unknown: Unknown change : ClassModelChangeAddValidLink: valid link: class name [composition], end1 [data], end2 [rawevent] , date: Wed Apr 11 20:42:58 UTC 2018
Changer: Unknown: Unknown change : ClassModelChangeAddValidLink: valid link: class name [composition], end1 [eventrules], end2 [condition] , date: Wed Apr 11 20:42:58 UTC 2018
Changer: Unknown: Unknown change : ClassModelChangeAddValidLink: valid link: class name [composition], end1 [eventrules], end2 [action] , date: Wed Apr 11 20:42:58 UTC 2018
Changer: Unknown: Unknown change : ClassModelChangeAddValidLink: valid link: class name [composition], end1 [eventtimerules], end2 [condition] , date: Wed Apr 11 20:42:58 UTC 2018
Changer: Unknown: Unknown change : ClassModelChangeAddValidLink: valid link: class name [composition], end1 [eventtimerules], end2 [action] , date: Wed Apr 11 20:42:58 UTC 2018
Changer: Unknown: Unknown change : ClassModelChangeAddValidLink: valid link: class name [composition], end1 [actioninstruction], end2 [actionkey] , date: Wed Apr 11 20:42:58 UTC 2018
Changer: Unknown: Unknown change : ClassModelChangeAddValidLink: valid link: class name [composition], end1 [userfilter], end2 [condition] , date: Wed Apr 11 20:42:58 UTC 2018
Changer: Unknown: Unknown change : ClassModelChangeAddValidLink: valid link: class name [cmdb_configuration_links], end1 [configuration], end2 [configuration] , date: Wed Apr 11 20:42:58 UTC 2018
