2018-04-11 20:40:53,010  INFO   [main] - Setting: VERSION_ALIGNMENT was changed to: CLEAN_INSTALL [customer: 1]
2018-04-11 20:40:53,065  INFO   [main] - Setting: multi.tenancy.enabled was changed to: true [customer: -2147483648]
2018-04-11 20:41:04,522  INFO   [main] - Setting: schema.version was changed to: -68163541 [customer: -2147483648]
2018-04-11 20:42:57,803  INFO   [main] - Setting: mam.server.sso.timestamp was changed to: 1523479377774 [customer: -2147483648]
2018-04-11 20:42:57,905  INFO   [main] - Setting: mam.server.sso.setup.first.run was changed to: true [customer: -2147483648]
2018-04-11 20:42:58,079  INFO   [Starter for "authorization" (during Writer server startup). (customer 1, id name: Default Client)] - Setting: spupgrader.rolesSilentUpgrader was changed to: 1 [customer: 1]
2018-04-11 20:42:58,097  INFO   [Starter for "authorization" (during Writer server startup). (customer 1, id name: Default Client)] - Setting: spupgrader.rolesJmxPermissionSilentUpgrader was changed to: 1 [customer: 1]
2018-04-11 20:42:58,115  INFO   [main] - Setting: cm.configuration.timestamp was changed to: 1523479378114 [customer: -2147483648]
2018-04-11 20:42:58,119  INFO   [Starter for "authorization" (during Writer server startup). (customer 1, id name: Default Client)] - Setting: spupgrader.ldapSettingsUpgrader was changed to: 2 [customer: 1]
2018-04-11 20:42:58,347  INFO   [Starter for "browser_resources" (during Writer server startup). (customer 1, id name: Default Client)] - Setting: spupgrader.hybridAuthenticationUpgrader was changed to: 1 [customer: 1]
2018-04-11 20:42:58,360  INFO   [Starter for "browser_resources" (during Writer server startup). (customer 1, id name: Default Client)] - Setting: spupgrader.ucmdbRepositoryUpgrader was changed to: 1 [customer: 1]
2018-04-11 20:43:07,653  INFO   [Starter for "classModel" (during Writer server startup). (customer 1, id name: Default Client)] - Setting: spupgrader.classmodelDeployer was changed to: 11.0.CUP0.13 [customer: 1]
2018-04-11 20:43:07,665  INFO   [Starter for "classModel" (during Writer server startup). (customer 1, id name: Default Client)] - Setting: spupgrader.classmodelCleanupDeployer was changed to: 1 [customer: 1]
2018-04-11 20:43:07,848  INFO   [Starter for "model_topology" (during Writer server startup). (customer 1, id name: Default Client)] - Setting: spupgrader.DataModelCapacitySilentUpgrader was changed to: 1 [customer: 1]
2018-04-11 20:43:07,861  INFO   [Starter for "model_topology" (during Writer server startup). (customer 1, id name: Default Client)] - Setting: spupgrader.InMemorySilentUpgrader was changed to: 1 [customer: 1]
2018-04-11 20:43:07,873  INFO   [Starter for "model_topology" (during Writer server startup). (customer 1, id name: Default Client)] - Setting: spupgrader.NonClusteredIndexUpgrader was changed to: 1 [customer: 1]
2018-04-11 20:43:07,885  INFO   [Starter for "model_topology" (during Writer server startup). (customer 1, id name: Default Client)] - Setting: spupgrader.ViewsUpgrader was changed to: 1 [customer: 1]
2018-04-11 20:43:07,983  INFO   [Starter for "model_topology" (during Writer server startup). (customer 1, id name: Default Client)] - Setting: spupgrader.DisableInMemorySilentUpgrader was changed to: 1 [customer: 1]
2018-04-11 20:43:08,082  INFO   [Starter for "model" (during Writer server startup). (customer 1, id name: Default Client)] - Setting: spupgrader.IPLeaseTimeSilentUpgrader was changed to: 1 [customer: 1]
2018-04-11 20:43:08,585  INFO   [Starter for "mapping-engine" (during Writer server startup). (customer 1, id name: Default Client)] - Setting: spupgrader.splitSyncIdMapUpgrader was changed to: 1 [customer: 1]
2018-04-11 20:43:08,921  INFO   [Starter for "autodiscovery" (during Writer server startup). (customer 1, id name: Default Client)] - Setting: spupgrader.DiscoveryResourcesURMSilentUpgrader was changed to: 1 [customer: 1]
2018-04-11 20:43:08,957  INFO   [Starter for "autodiscovery" (during Writer server startup). (customer 1, id name: Default Client)] - Setting: spupgrader.DiscoveryErrorReportsSilentUpgrader was changed to: 1 [customer: 1]
2018-04-11 20:43:08,973  INFO   [Starter for "autodiscovery" (during Writer server startup). (customer 1, id name: Default Client)] - Setting: spupgrader.RemoveResultMechanismSilentUpgrader was changed to: 1 [customer: 1]
2018-04-11 20:43:08,993  INFO   [Starter for "autodiscovery" (during Writer server startup). (customer 1, id name: Default Client)] - Setting: spupgrader.DecryptDSDUpgrader was changed to: 1 [customer: 1]
2018-04-11 20:43:09,014  INFO   [Starter for "autodiscovery" (during Writer server startup). (customer 1, id name: Default Client)] - Setting: spupgrader.DSD2DRDConvertUpgrader was changed to: 1 [customer: 1]
2018-04-11 20:43:09,906  INFO   [Starter for "histDB" (during Writer server startup). (customer 1, id name: Default Client)] - Setting: spupgrader.HistoryCapacitySilentUpgrader was changed to: 1 [customer: 1]
