2018-04-11 20:43:08,643  INFO   [Starter for "autodiscovery" (during Writer server startup). (customer 1, id name: Default Client)] - The DispatchManager result listener list size: 1
2018-04-11 20:43:08,692  INFO   [Starter for "autodiscovery" (during Writer server startup). (customer 1, id name: Default Client)] - Basic Auth is off
2018-04-11 20:43:08,887  INFO   [Starter for "autodiscovery" (during Writer server startup). (customer 1, id name: Default Client)] - Start to load service discovery trigger repo..
2018-04-11 20:48:08,646  INFO   [UCMDB - scheduler for customer 1, id name: Default Client] - Clear download resources cache
2018-04-11 20:53:08,645  INFO   [UCMDB - scheduler for customer 1, id name: Default Client] - Clear download resources cache
2018-04-11 20:58:08,645  INFO   [UCMDB - scheduler for customer 1, id name: Default Client] - Clear download resources cache
2018-04-11 21:03:08,646  INFO   [UCMDB - scheduler for customer 1, id name: Default Client] - Clear download resources cache
2018-04-11 21:08:08,646  INFO   [UCMDB - scheduler for customer 1, id name: Default Client] - Clear download resources cache
2018-04-11 21:13:08,645  INFO   [UCMDB - scheduler for customer 1, id name: Default Client] - Clear download resources cache
2018-04-11 21:13:08,809  INFO   [UCMDB - scheduler for customer 1, id name: Default Client] - Checking for idle discovery troubleshooters for removal...
2018-04-11 21:18:08,645  INFO   [UCMDB - scheduler for customer 1, id name: Default Client] - Clear download resources cache
2018-04-11 21:23:08,645  INFO   [UCMDB - scheduler for customer 1, id name: Default Client] - Clear download resources cache
2018-04-11 21:28:08,645  INFO   [UCMDB - scheduler for customer 1, id name: Default Client] - Clear download resources cache
2018-04-11 21:33:08,646  INFO   [UCMDB - scheduler for customer 1, id name: Default Client] - Clear download resources cache
2018-04-11 21:38:08,645  INFO   [UCMDB - scheduler for customer 1, id name: Default Client] - Clear download resources cache
2018-04-11 21:43:08,645  INFO   [UCMDB - scheduler for customer 1, id name: Default Client] - Clear download resources cache
2018-04-11 21:43:08,809  INFO   [UCMDB - scheduler for customer 1, id name: Default Client] - Checking for idle discovery troubleshooters for removal...
2018-04-11 21:48:08,645  INFO   [UCMDB - scheduler for customer 1, id name: Default Client] - Clear download resources cache
2018-04-11 21:53:08,645  INFO   [UCMDB - scheduler for customer 1, id name: Default Client] - Clear download resources cache
2018-04-11 21:58:08,645  INFO   [UCMDB - scheduler for customer 1, id name: Default Client] - Clear download resources cache
2018-04-11 22:03:08,645  INFO   [UCMDB - scheduler for customer 1, id name: Default Client] - Clear download resources cache
2018-04-11 22:08:08,645  INFO   [UCMDB - scheduler for customer 1, id name: Default Client] - Clear download resources cache
2018-04-11 22:13:08,645  INFO   [UCMDB - scheduler for customer 1, id name: Default Client] - Clear download resources cache
2018-04-11 22:13:08,809  INFO   [UCMDB - scheduler for customer 1, id name: Default Client] - Checking for idle discovery troubleshooters for removal...
2018-04-11 22:18:08,645  INFO   [UCMDB - scheduler for customer 1, id name: Default Client] - Clear download resources cache
2018-04-11 22:23:08,645  INFO   [UCMDB - scheduler for customer 1, id name: Default Client] - Clear download resources cache
2018-04-11 22:28:08,645  INFO   [UCMDB - scheduler for customer 1, id name: Default Client] - Clear download resources cache
2018-04-11 22:33:08,645  INFO   [UCMDB - scheduler for customer 1, id name: Default Client] - Clear download resources cache
2018-04-11 22:38:08,646  INFO   [UCMDB - scheduler for customer 1, id name: Default Client] - Clear download resources cache
2018-04-11 22:43:08,645  INFO   [UCMDB - scheduler for customer 1, id name: Default Client] - Clear download resources cache
2018-04-11 22:43:08,810  INFO   [UCMDB - scheduler for customer 1, id name: Default Client] - Checking for idle discovery troubleshooters for removal...
2018-04-11 22:48:08,646  INFO   [UCMDB - scheduler for customer 1, id name: Default Client] - Clear download resources cache
2018-04-11 22:53:08,645  INFO   [UCMDB - scheduler for customer 1, id name: Default Client] - Clear download resources cache
2018-04-11 22:58:08,645  INFO   [UCMDB - scheduler for customer 1, id name: Default Client] - Clear download resources cache
2018-04-11 23:03:08,645  INFO   [UCMDB - scheduler for customer 1, id name: Default Client] - Clear download resources cache
2018-04-11 23:08:08,645  INFO   [UCMDB - scheduler for customer 1, id name: Default Client] - Clear download resources cache
2018-04-11 23:13:08,645  INFO   [UCMDB - scheduler for customer 1, id name: Default Client] - Clear download resources cache
2018-04-11 23:13:08,809  INFO   [UCMDB - scheduler for customer 1, id name: Default Client] - Checking for idle discovery troubleshooters for removal...
2018-04-11 23:18:08,645  INFO   [UCMDB - scheduler for customer 1, id name: Default Client] - Clear download resources cache
2018-04-11 23:23:08,645  INFO   [UCMDB - scheduler for customer 1, id name: Default Client] - Clear download resources cache
2018-04-11 23:28:08,645  INFO   [UCMDB - scheduler for customer 1, id name: Default Client] - Clear download resources cache
2018-04-11 23:33:08,646  INFO   [UCMDB - scheduler for customer 1, id name: Default Client] - Clear download resources cache
2018-04-11 23:38:08,646  INFO   [UCMDB - scheduler for customer 1, id name: Default Client] - Clear download resources cache
2018-04-11 23:43:08,646  INFO   [UCMDB - scheduler for customer 1, id name: Default Client] - Clear download resources cache
2018-04-11 23:43:08,809  INFO   [UCMDB - scheduler for customer 1, id name: Default Client] - Checking for idle discovery troubleshooters for removal...
2018-04-11 23:48:08,646  INFO   [UCMDB - scheduler for customer 1, id name: Default Client] - Clear download resources cache
2018-04-11 23:53:08,647  INFO   [UCMDB - scheduler for customer 1, id name: Default Client] - Clear download resources cache
2018-04-11 23:58:08,647  INFO   [UCMDB - scheduler for customer 1, id name: Default Client] - Clear download resources cache
2018-04-12 00:00:08,693  WARN   [UCMDB - scheduler for customer 1, id name: Default Client] - domainRangesDocument.xml was not found in the system, empty instance will be created.
2018-04-12 00:00:08,718  INFO   [UCMDB - scheduler for customer 1, id name: Default Client] - Live Discovery Task Generation started
2018-04-12 00:00:08,718  INFO   [UCMDB - scheduler for customer 1, id name: Default Client] - The DispatchManager result listener list size: 1
2018-04-12 00:00:08,721  INFO   [UCMDB - scheduler for customer 1, id name: Default Client] - The DispatchManager result listener list size: 1
2018-04-12 00:00:08,722  INFO   [UCMDB - scheduler for customer 1, id name: Default Client] - The DispatchManager result listener list size: 1
2018-04-12 00:03:08,647  INFO   [UCMDB - scheduler for customer 1, id name: Default Client] - Clear download resources cache
2018-04-12 00:08:08,647  INFO   [UCMDB - scheduler for customer 1, id name: Default Client] - Clear download resources cache
2018-04-12 00:13:08,647  INFO   [UCMDB - scheduler for customer 1, id name: Default Client] - Clear download resources cache
2018-04-12 00:13:08,809  INFO   [UCMDB - scheduler for customer 1, id name: Default Client] - Checking for idle discovery troubleshooters for removal...
2018-04-12 00:18:08,647  INFO   [UCMDB - scheduler for customer 1, id name: Default Client] - Clear download resources cache
2018-04-12 00:23:08,647  INFO   [UCMDB - scheduler for customer 1, id name: Default Client] - Clear download resources cache
2018-04-12 00:28:08,648  INFO   [UCMDB - scheduler for customer 1, id name: Default Client] - Clear download resources cache
2018-04-12 00:33:08,647  INFO   [UCMDB - scheduler for customer 1, id name: Default Client] - Clear download resources cache
2018-04-12 00:38:08,647  INFO   [UCMDB - scheduler for customer 1, id name: Default Client] - Clear download resources cache
2018-04-12 00:43:08,647  INFO   [UCMDB - scheduler for customer 1, id name: Default Client] - Clear download resources cache
2018-04-12 00:43:08,809  INFO   [UCMDB - scheduler for customer 1, id name: Default Client] - Checking for idle discovery troubleshooters for removal...
2018-04-12 00:48:08,647  INFO   [UCMDB - scheduler for customer 1, id name: Default Client] - Clear download resources cache
2018-04-12 00:53:08,647  INFO   [UCMDB - scheduler for customer 1, id name: Default Client] - Clear download resources cache
2018-04-12 00:58:08,647  INFO   [UCMDB - scheduler for customer 1, id name: Default Client] - Clear download resources cache
2018-04-12 01:03:08,647  INFO   [UCMDB - scheduler for customer 1, id name: Default Client] - Clear download resources cache
2018-04-12 01:08:08,648  INFO   [UCMDB - scheduler for customer 1, id name: Default Client] - Clear download resources cache
2018-04-12 01:13:08,647  INFO   [UCMDB - scheduler for customer 1, id name: Default Client] - Clear download resources cache
2018-04-12 01:13:08,809  INFO   [UCMDB - scheduler for customer 1, id name: Default Client] - Checking for idle discovery troubleshooters for removal...
2018-04-12 01:18:08,647  INFO   [UCMDB - scheduler for customer 1, id name: Default Client] - Clear download resources cache
2018-04-12 01:23:08,647  INFO   [UCMDB - scheduler for customer 1, id name: Default Client] - Clear download resources cache
2018-04-12 01:28:08,647  INFO   [UCMDB - scheduler for customer 1, id name: Default Client] - Clear download resources cache
2018-04-12 01:33:08,647  INFO   [UCMDB - scheduler for customer 1, id name: Default Client] - Clear download resources cache
2018-04-12 01:38:08,647  INFO   [UCMDB - scheduler for customer 1, id name: Default Client] - Clear download resources cache
2018-04-12 01:43:08,647  INFO   [UCMDB - scheduler for customer 1, id name: Default Client] - Clear download resources cache
2018-04-12 01:43:08,809  INFO   [UCMDB - scheduler for customer 1, id name: Default Client] - Checking for idle discovery troubleshooters for removal...
2018-04-12 01:48:08,647  INFO   [UCMDB - scheduler for customer 1, id name: Default Client] - Clear download resources cache
2018-04-12 01:53:08,647  INFO   [UCMDB - scheduler for customer 1, id name: Default Client] - Clear download resources cache
2018-04-12 01:58:08,647  INFO   [UCMDB - scheduler for customer 1, id name: Default Client] - Clear download resources cache
2018-04-12 02:03:08,647  INFO   [UCMDB - scheduler for customer 1, id name: Default Client] - Clear download resources cache
2018-04-12 02:08:08,647  INFO   [UCMDB - scheduler for customer 1, id name: Default Client] - Clear download resources cache
2018-04-12 02:13:08,647  INFO   [UCMDB - scheduler for customer 1, id name: Default Client] - Clear download resources cache
2018-04-12 02:13:08,809  INFO   [UCMDB - scheduler for customer 1, id name: Default Client] - Checking for idle discovery troubleshooters for removal...
2018-04-12 02:18:08,647  INFO   [UCMDB - scheduler for customer 1, id name: Default Client] - Clear download resources cache
2018-04-12 02:23:08,648  INFO   [UCMDB - scheduler for customer 1, id name: Default Client] - Clear download resources cache
2018-04-12 02:28:08,647  INFO   [UCMDB - scheduler for customer 1, id name: Default Client] - Clear download resources cache
2018-04-12 02:33:08,648  INFO   [UCMDB - scheduler for customer 1, id name: Default Client] - Clear download resources cache
2018-04-12 02:38:08,647  INFO   [UCMDB - scheduler for customer 1, id name: Default Client] - Clear download resources cache
2018-04-12 02:43:08,647  INFO   [UCMDB - scheduler for customer 1, id name: Default Client] - Clear download resources cache
2018-04-12 02:43:08,809  INFO   [UCMDB - scheduler for customer 1, id name: Default Client] - Checking for idle discovery troubleshooters for removal...
2018-04-12 02:48:08,647  INFO   [UCMDB - scheduler for customer 1, id name: Default Client] - Clear download resources cache
2018-04-12 02:53:08,647  INFO   [UCMDB - scheduler for customer 1, id name: Default Client] - Clear download resources cache
2018-04-12 02:58:08,647  INFO   [UCMDB - scheduler for customer 1, id name: Default Client] - Clear download resources cache
2018-04-12 03:03:08,647  INFO   [UCMDB - scheduler for customer 1, id name: Default Client] - Clear download resources cache
2018-04-12 03:08:08,647  INFO   [UCMDB - scheduler for customer 1, id name: Default Client] - Clear download resources cache
2018-04-12 03:13:08,647  INFO   [UCMDB - scheduler for customer 1, id name: Default Client] - Clear download resources cache
2018-04-12 03:13:08,809  INFO   [UCMDB - scheduler for customer 1, id name: Default Client] - Checking for idle discovery troubleshooters for removal...
2018-04-12 03:18:08,647  INFO   [UCMDB - scheduler for customer 1, id name: Default Client] - Clear download resources cache
2018-04-12 03:23:08,647  INFO   [UCMDB - scheduler for customer 1, id name: Default Client] - Clear download resources cache
2018-04-12 03:28:08,647  INFO   [UCMDB - scheduler for customer 1, id name: Default Client] - Clear download resources cache
2018-04-12 03:33:08,647  INFO   [UCMDB - scheduler for customer 1, id name: Default Client] - Clear download resources cache
2018-04-12 03:38:08,647  INFO   [UCMDB - scheduler for customer 1, id name: Default Client] - Clear download resources cache
2018-04-12 03:43:08,647  INFO   [UCMDB - scheduler for customer 1, id name: Default Client] - Clear download resources cache
2018-04-12 03:43:08,809  INFO   [UCMDB - scheduler for customer 1, id name: Default Client] - Checking for idle discovery troubleshooters for removal...
2018-04-12 03:48:08,647  INFO   [UCMDB - scheduler for customer 1, id name: Default Client] - Clear download resources cache
2018-04-12 03:53:08,648  INFO   [UCMDB - scheduler for customer 1, id name: Default Client] - Clear download resources cache
2018-04-12 03:58:08,648  INFO   [UCMDB - scheduler for customer 1, id name: Default Client] - Clear download resources cache
2018-04-12 04:03:08,649  INFO   [UCMDB - scheduler for customer 1, id name: Default Client] - Clear download resources cache
2018-04-12 04:08:08,649  INFO   [UCMDB - scheduler for customer 1, id name: Default Client] - Clear download resources cache
2018-04-12 04:13:08,649  INFO   [UCMDB - scheduler for customer 1, id name: Default Client] - Clear download resources cache
2018-04-12 04:13:08,810  INFO   [UCMDB - scheduler for customer 1, id name: Default Client] - Checking for idle discovery troubleshooters for removal...
2018-04-12 04:18:08,649  INFO   [UCMDB - scheduler for customer 1, id name: Default Client] - Clear download resources cache
2018-04-12 04:23:08,649  INFO   [UCMDB - scheduler for customer 1, id name: Default Client] - Clear download resources cache
2018-04-12 04:28:08,649  INFO   [UCMDB - scheduler for customer 1, id name: Default Client] - Clear download resources cache
2018-04-12 04:33:08,649  INFO   [UCMDB - scheduler for customer 1, id name: Default Client] - Clear download resources cache
2018-04-12 04:38:08,649  INFO   [UCMDB - scheduler for customer 1, id name: Default Client] - Clear download resources cache
2018-04-12 04:43:08,649  INFO   [UCMDB - scheduler for customer 1, id name: Default Client] - Clear download resources cache
2018-04-12 04:43:08,810  INFO   [UCMDB - scheduler for customer 1, id name: Default Client] - Checking for idle discovery troubleshooters for removal...
2018-04-12 04:48:08,649  INFO   [UCMDB - scheduler for customer 1, id name: Default Client] - Clear download resources cache
2018-04-12 04:53:08,649  INFO   [UCMDB - scheduler for customer 1, id name: Default Client] - Clear download resources cache
2018-04-12 04:58:08,649  INFO   [UCMDB - scheduler for customer 1, id name: Default Client] - Clear download resources cache
2018-04-12 05:03:08,649  INFO   [UCMDB - scheduler for customer 1, id name: Default Client] - Clear download resources cache
2018-04-12 05:08:08,649  INFO   [UCMDB - scheduler for customer 1, id name: Default Client] - Clear download resources cache
2018-04-12 05:13:08,650  INFO   [UCMDB - scheduler for customer 1, id name: Default Client] - Clear download resources cache
2018-04-12 05:13:08,810  INFO   [UCMDB - scheduler for customer 1, id name: Default Client] - Checking for idle discovery troubleshooters for removal...
2018-04-12 05:18:08,649  INFO   [UCMDB - scheduler for customer 1, id name: Default Client] - Clear download resources cache
2018-04-12 05:23:08,649  INFO   [UCMDB - scheduler for customer 1, id name: Default Client] - Clear download resources cache
2018-04-12 05:28:08,649  INFO   [UCMDB - scheduler for customer 1, id name: Default Client] - Clear download resources cache
2018-04-12 05:33:08,649  INFO   [UCMDB - scheduler for customer 1, id name: Default Client] - Clear download resources cache
2018-04-12 05:38:08,649  INFO   [UCMDB - scheduler for customer 1, id name: Default Client] - Clear download resources cache
2018-04-12 05:43:08,649  INFO   [UCMDB - scheduler for customer 1, id name: Default Client] - Clear download resources cache
2018-04-12 05:43:08,810  INFO   [UCMDB - scheduler for customer 1, id name: Default Client] - Checking for idle discovery troubleshooters for removal...
2018-04-12 05:48:08,650  INFO   [UCMDB - scheduler for customer 1, id name: Default Client] - Clear download resources cache
2018-04-12 05:53:08,649  INFO   [UCMDB - scheduler for customer 1, id name: Default Client] - Clear download resources cache
2018-04-12 05:58:08,649  INFO   [UCMDB - scheduler for customer 1, id name: Default Client] - Clear download resources cache
2018-04-12 06:03:08,649  INFO   [UCMDB - scheduler for customer 1, id name: Default Client] - Clear download resources cache
2018-04-12 06:08:08,649  INFO   [UCMDB - scheduler for customer 1, id name: Default Client] - Clear download resources cache
2018-04-12 06:13:08,649  INFO   [UCMDB - scheduler for customer 1, id name: Default Client] - Clear download resources cache
2018-04-12 06:13:08,811  INFO   [UCMDB - scheduler for customer 1, id name: Default Client] - Checking for idle discovery troubleshooters for removal...
2018-04-12 06:18:08,649  INFO   [UCMDB - scheduler for customer 1, id name: Default Client] - Clear download resources cache
2018-04-12 06:23:08,649  INFO   [UCMDB - scheduler for customer 1, id name: Default Client] - Clear download resources cache
2018-04-12 06:28:08,649  INFO   [UCMDB - scheduler for customer 1, id name: Default Client] - Clear download resources cache
2018-04-12 06:33:08,649  INFO   [UCMDB - scheduler for customer 1, id name: Default Client] - Clear download resources cache
2018-04-12 06:38:08,649  INFO   [UCMDB - scheduler for customer 1, id name: Default Client] - Clear download resources cache
2018-04-12 06:44:27,646  INFO   [Starter for "autodiscovery" (during Writer server startup). (customer 1, id name: Default Client)] - The DispatchManager result listener list size: 1
2018-04-12 06:44:27,694  INFO   [Starter for "autodiscovery" (during Writer server startup). (customer 1, id name: Default Client)] - Basic Auth is off
2018-04-12 06:44:27,987  INFO   [Starter for "autodiscovery" (during Writer server startup). (customer 1, id name: Default Client)] - Start to load service discovery trigger repo..
2018-04-12 06:49:27,651  INFO   [UCMDB - scheduler for customer 1, id name: Default Client] - Clear download resources cache
2018-04-12 06:54:27,650  INFO   [UCMDB - scheduler for customer 1, id name: Default Client] - Clear download resources cache
2018-04-12 06:59:27,650  INFO   [UCMDB - scheduler for customer 1, id name: Default Client] - Clear download resources cache
