2018-04-11 20:40:55,752  ERROR  [main] - Failed to load resources from DB
2018-04-11 20:40:55,753  ERROR  [main] - The Exception - 
com.mercury.topaz.cmdb.server.manage.dal.CmdbDalException: [ErrorCode [-2147483648] undefined error code]
SQL error executing unknown statement
	at com.mercury.topaz.cmdb.server.manage.dal.jdbc_template.JDBCTemplate.executeQuery(JDBCTemplate.java:632)
	at com.mercury.topaz.cmdb.server.manage.dal.jdbc_template.JDBCTemplate.executeQuery(JDBCTemplate.java:565)
	at com.mercury.topaz.cmdb.server.manage.dal.jdbc_template.JDBCTemplate.executeQuery(JDBCTemplate.java:521)
	at com.mercury.topaz.cmdb.server.dal.dao.impl.UnifiedResourceDaoImpl.getAll(UnifiedResourceDaoImpl.java:101)
	at sun.reflect.NativeMethodAccessorImpl.invoke0(Native Method)
	at sun.reflect.NativeMethodAccessorImpl.invoke(NativeMethodAccessorImpl.java:62)
	at sun.reflect.DelegatingMethodAccessorImpl.invoke(DelegatingMethodAccessorImpl.java:43)
	at java.lang.reflect.Method.invoke(Method.java:498)
	at com.mercury.topaz.cmdb.server.manage.dal.dao.DaoFactory$TransactionProxy$ProxyDalAbstractCommand.perform(DaoFactory.java:155)
	at com.mercury.topaz.cmdb.server.manage.dal.DalAbstractCommand$FlowControlDalCommandExecutor.execute(DalAbstractCommand.java:36)
	at com.mercury.topaz.cmdb.shared.manage.flowmanagement.api.FlowManager.execute(FlowManager.java:227)
	at com.mercury.topaz.cmdb.shared.manage.flowmanagement.api.FlowManager.execute(FlowManager.java:222)
	at com.mercury.topaz.cmdb.server.manage.dal.DalAbstractCommand.execute(DalAbstractCommand.java:54)
	at com.mercury.topaz.cmdb.server.manage.dal.CmdbDalJdbcDAO$CmdbDalDeadlockRetriable.performAction(CmdbDalJdbcDAO.java:120)
	at com.mercury.topaz.cmdb.server.manage.dal.CmdbDalJdbcDAO$CmdbDalDeadlockRetriable.performAction(CmdbDalJdbcDAO.java:105)
	at com.mercury.topaz.cmdb.shared.util.retry.impl.DefaultRetriableExecutorImpl.doExecute(DefaultRetriableExecutorImpl.java:37)
	at com.mercury.topaz.cmdb.shared.util.retry.impl.AbstractRetriableExecutor.execute(AbstractRetriableExecutor.java:37)
	at com.mercury.topaz.cmdb.server.manage.dal.CmdbDalJdbcDAO.executeQuery(CmdbDalJdbcDAO.java:61)
	at com.mercury.topaz.cmdb.server.manage.dal.CmdbDalJdbcDAO.executeQuery(CmdbDalJdbcDAO.java:53)
	at com.mercury.topaz.cmdb.server.manage.dal.dao.DaoFactory$TransactionProxy.invoke(DaoFactory.java:135)
	at com.sun.proxy.$Proxy17.getAll(Unknown Source)
	at com.mercury.topaz.cmdb.server.util.URMOfflineTool.loadResourcesFromDB(URMOfflineTool.java:65)
	at com.mercury.topaz.cmdb.server.util.URMOfflineTool.checkIfOnlineURMIsUp(URMOfflineTool.java:101)
	at com.mercury.topaz.cmdb.server.util.URMOfflineTool.getAll(URMOfflineTool.java:107)
	at com.mercury.topaz.cmdb.server.manage.settings.InternalSettings.getAllSettings(InternalSettings.java:104)
	at com.mercury.topaz.cmdb.server.manage.settings.InternalSettings.getAllCustomerSettings(InternalSettings.java:89)
	at com.mercury.topaz.cmdb.server.base.cfg.impl.InternalSettingsProvider.getPropertiesProvider(InternalSettingsProvider.java:34)
	at com.mercury.topaz.cmdb.server.base.cfg.impl.InternalSettingsProvider.<init>(InternalSettingsProvider.java:28)
	at com.mercury.topaz.cmdb.server.base.cfg.impl.SettingsReaderFactory.createDbProvider(SettingsReaderFactory.java:153)
	at com.mercury.topaz.cmdb.server.base.cfg.impl.SettingsReaderFactory.createDbProvider(SettingsReaderFactory.java:147)
	at com.mercury.topaz.cmdb.server.base.cfg.impl.SettingsReaderFactory.getGlobalReader(SettingsReaderFactory.java:51)
	at com.mercury.topaz.cmdb.server.base.cfg.impl.SettingsReaderFactory.getGlobalReader(SettingsReaderFactory.java:39)
	at com.mercury.topaz.cmdb.server.manage.dal.DalStatistics.addStatement(DalStatistics.java:29)
	at com.mercury.topaz.cmdb.server.manage.dal.CmdbDalPreparedStatementImpl.executeQuery(CmdbDalPreparedStatementImpl.java:361)
	at com.mercury.topaz.cmdb.server.manage.dal.jdbc_template.JDBCTemplate.executeQuery(JDBCTemplate.java:628)
	at com.mercury.topaz.cmdb.server.manage.dal.jdbc_template.JDBCTemplate.executeQuery(JDBCTemplate.java:565)
	at com.mercury.topaz.cmdb.server.manage.dal.jdbc_template.JDBCTemplate.executeQuery(JDBCTemplate.java:521)
	at com.mercury.topaz.cmdb.server.dal.dao.impl.UnifiedResourceDaoImpl.getAll(UnifiedResourceDaoImpl.java:101)
	at sun.reflect.NativeMethodAccessorImpl.invoke0(Native Method)
	at sun.reflect.NativeMethodAccessorImpl.invoke(NativeMethodAccessorImpl.java:62)
	at sun.reflect.DelegatingMethodAccessorImpl.invoke(DelegatingMethodAccessorImpl.java:43)
	at java.lang.reflect.Method.invoke(Method.java:498)
	at com.mercury.topaz.cmdb.server.manage.dal.dao.DaoFactory$TransactionProxy$ProxyDalAbstractCommand.perform(DaoFactory.java:155)
	at com.mercury.topaz.cmdb.server.manage.dal.DalAbstractCommand$FlowControlDalCommandExecutor.execute(DalAbstractCommand.java:36)
	at com.mercury.topaz.cmdb.shared.manage.flowmanagement.api.FlowManager.execute(FlowManager.java:227)
	at com.mercury.topaz.cmdb.shared.manage.flowmanagement.api.FlowManager.execute(FlowManager.java:222)
	at com.mercury.topaz.cmdb.server.manage.dal.DalAbstractCommand.execute(DalAbstractCommand.java:54)
	at com.mercury.topaz.cmdb.server.manage.dal.CmdbDalJdbcDAO$CmdbDalDeadlockRetriable.performAction(CmdbDalJdbcDAO.java:120)
	at com.mercury.topaz.cmdb.server.manage.dal.CmdbDalJdbcDAO$CmdbDalDeadlockRetriable.performAction(CmdbDalJdbcDAO.java:105)
	at com.mercury.topaz.cmdb.shared.util.retry.impl.DefaultRetriableExecutorImpl.doExecute(DefaultRetriableExecutorImpl.java:37)
	at com.mercury.topaz.cmdb.shared.util.retry.impl.AbstractRetriableExecutor.execute(AbstractRetriableExecutor.java:37)
	at com.mercury.topaz.cmdb.server.manage.dal.CmdbDalJdbcDAO.executeQuery(CmdbDalJdbcDAO.java:61)
	at com.mercury.topaz.cmdb.server.manage.dal.CmdbDalJdbcDAO.executeQuery(CmdbDalJdbcDAO.java:53)
	at com.mercury.topaz.cmdb.server.manage.dal.dao.DaoFactory$TransactionProxy.invoke(DaoFactory.java:135)
	at com.sun.proxy.$Proxy17.getAll(Unknown Source)
	at com.mercury.topaz.cmdb.server.util.URMOfflineTool.loadResourcesFromDB(URMOfflineTool.java:65)
	at com.mercury.topaz.cmdb.server.util.URMOfflineTool.checkIfOnlineURMIsUp(URMOfflineTool.java:101)
	at com.mercury.topaz.cmdb.server.util.URMOfflineTool.getAll(URMOfflineTool.java:107)
	at com.mercury.topaz.cmdb.server.manage.settings.InternalSettings.getAllSettings(InternalSettings.java:104)
	at com.mercury.topaz.cmdb.server.manage.settings.InternalSettings.getAllCustomerSettings(InternalSettings.java:89)
	at com.mercury.topaz.cmdb.server.base.cfg.impl.InternalSettingsProvider.getPropertiesProvider(InternalSettingsProvider.java:34)
	at com.mercury.topaz.cmdb.server.base.cfg.impl.InternalSettingsProvider.<init>(InternalSettingsProvider.java:28)
	at com.mercury.topaz.cmdb.server.base.cfg.impl.SettingsReaderFactory.createDbProvider(SettingsReaderFactory.java:153)
	at com.mercury.topaz.cmdb.server.base.cfg.impl.SettingsReaderFactory.createDbProvider(SettingsReaderFactory.java:147)
	at com.mercury.topaz.cmdb.server.base.cfg.impl.SettingsReaderFactory.getGlobalReader(SettingsReaderFactory.java:51)
	at com.mercury.topaz.cmdb.server.base.cfg.impl.SettingsReaderFactory.getGlobalReader(SettingsReaderFactory.java:39)
	at com.mercury.topaz.cmdb.server.manage.dal.DalStatistics.addStatement(DalStatistics.java:29)
	at com.mercury.topaz.cmdb.server.manage.dal.CmdbDalPreparedStatementImpl.executeQuery(CmdbDalPreparedStatementImpl.java:361)
	at com.mercury.topaz.cmdb.server.manage.dal.jdbc_template.JDBCTemplate.executeQuery(JDBCTemplate.java:628)
	at com.mercury.topaz.cmdb.server.manage.dal.jdbc_template.JDBCTemplate.executeQuery(JDBCTemplate.java:565)
	at com.mercury.topaz.cmdb.server.manage.dal.jdbc_template.JDBCTemplate.executeQuery(JDBCTemplate.java:521)
	at com.mercury.topaz.cmdb.server.dal.dao.impl.UnifiedResourceDaoImpl.get(UnifiedResourceDaoImpl.java:138)
	at sun.reflect.NativeMethodAccessorImpl.invoke0(Native Method)
	at sun.reflect.NativeMethodAccessorImpl.invoke(NativeMethodAccessorImpl.java:62)
	at sun.reflect.DelegatingMethodAccessorImpl.invoke(DelegatingMethodAccessorImpl.java:43)
	at java.lang.reflect.Method.invoke(Method.java:498)
	at com.mercury.topaz.cmdb.server.manage.dal.dao.DaoFactory$TransactionProxy$ProxyDalAbstractCommand.perform(DaoFactory.java:155)
	at com.mercury.topaz.cmdb.server.manage.dal.DalAbstractCommand$FlowControlDalCommandExecutor.execute(DalAbstractCommand.java:36)
	at com.mercury.topaz.cmdb.shared.manage.flowmanagement.api.FlowManager.execute(FlowManager.java:227)
	at com.mercury.topaz.cmdb.shared.manage.flowmanagement.api.FlowManager.execute(FlowManager.java:222)
	at com.mercury.topaz.cmdb.server.manage.dal.DalAbstractCommand.execute(DalAbstractCommand.java:54)
	at com.mercury.topaz.cmdb.server.manage.dal.CmdbDalJdbcDAO$CmdbDalDeadlockRetriable.performAction(CmdbDalJdbcDAO.java:120)
	at com.mercury.topaz.cmdb.server.manage.dal.CmdbDalJdbcDAO$CmdbDalDeadlockRetriable.performAction(CmdbDalJdbcDAO.java:105)
	at com.mercury.topaz.cmdb.shared.util.retry.impl.DefaultRetriableExecutorImpl.doExecute(DefaultRetriableExecutorImpl.java:37)
	at com.mercury.topaz.cmdb.shared.util.retry.impl.AbstractRetriableExecutor.execute(AbstractRetriableExecutor.java:37)
	at com.mercury.topaz.cmdb.server.manage.dal.CmdbDalJdbcDAO.executeQuery(CmdbDalJdbcDAO.java:61)
	at com.mercury.topaz.cmdb.server.manage.dal.CmdbDalJdbcDAO.executeQuery(CmdbDalJdbcDAO.java:53)
	at com.mercury.topaz.cmdb.server.manage.dal.dao.DaoFactory$TransactionProxy.invoke(DaoFactory.java:135)
	at com.sun.proxy.$Proxy17.get(Unknown Source)
	at com.mercury.topaz.cmdb.server.manage.dal.SchemaUpgradeToolImpl.URMTableChanged(SchemaUpgradeToolImpl.java:56)
	at com.mercury.topaz.cmdb.server.manage.dal.SchemaUpgradeToolImpl.hasSchemaChanged(SchemaUpgradeToolImpl.java:38)
	at com.mercury.topaz.cmdb.server.manage.dal.SchemaUpgradeToolImpl.upgradeSchemas(SchemaUpgradeToolImpl.java:23)
	at com.mercury.topaz.cmdb.server.manage.Framework.schemaUpgrade(Framework.java:219)
	at com.mercury.topaz.cmdb.server.manage.Framework.doInit(Framework.java:351)
	at com.mercury.topaz.cmdb.server.manage.Framework.access$300(Framework.java:110)
	at com.mercury.topaz.cmdb.server.manage.Framework$4.executeInContext(Framework.java:327)
	at com.mercury.topaz.cmdb.server.manage.Framework$4.executeInContext(Framework.java:324)
	at com.mercury.topaz.cmdb.shared.manage.AuthorizationContextUtils.executeInSystemAuthorizationContext(AuthorizationContextUtils.java:24)
	at com.mercury.topaz.cmdb.server.manage.Framework.init(Framework.java:324)
	at com.mercury.topaz.cmdb.server.manage.Framework.doStartUp(Framework.java:210)
	at com.mercury.topaz.cmdb.server.manage.Framework.access$000(Framework.java:110)
	at com.mercury.topaz.cmdb.server.manage.Framework$1.executeInContext(Framework.java:194)
	at com.mercury.topaz.cmdb.server.manage.Framework$1.executeInContext(Framework.java:191)
	at com.mercury.topaz.cmdb.shared.manage.AuthorizationContextUtils.executeInSystemAuthorizationContext(AuthorizationContextUtils.java:24)
	at com.mercury.topaz.cmdb.server.manage.Framework.startUp(Framework.java:191)
	at com.hp.ucmdb.server.Main.startFramework(Main.java:38)
	at com.hp.ucmdb.server.Main.main(Main.java:26)
Caused by: java.sql.SQLException: Invalid column index
	at oracle.jdbc.driver.OraclePreparedStatement.setIntInternal(OraclePreparedStatement.java:6201)
	at oracle.jdbc.driver.OraclePreparedStatement.setObjectCritical(OraclePreparedStatement.java:10252)
	at oracle.jdbc.driver.OraclePreparedStatement.setObjectInternal(OraclePreparedStatement.java:9974)
	at oracle.jdbc.driver.OraclePreparedStatement.setObjectInternal(OraclePreparedStatement.java:10799)
	at oracle.jdbc.driver.OraclePreparedStatement.setObject(OraclePreparedStatement.java:10776)
	at oracle.jdbc.driver.OraclePreparedStatementWrapper.setObject(OraclePreparedStatementWrapper.java:241)
	at org.apache.commons.dbcp2.DelegatingPreparedStatement.setObject(DelegatingPreparedStatement.java:189)
	at com.mercury.topaz.cmdb.server.manage.dal.CmdbDalPreparedStatementImpl.setObject(CmdbDalPreparedStatementImpl.java:352)
	at com.mercury.topaz.cmdb.server.manage.dal.jdbc_template.JDBCTemplate$DefaultPreparedStatementCreator.setValues(JDBCTemplate.java:774)
	at com.mercury.topaz.cmdb.server.manage.dal.jdbc_template.JDBCTemplate$AbstractPreparedStatementCreator.create(JDBCTemplate.java:749)
	at com.mercury.topaz.cmdb.server.manage.dal.jdbc_template.JDBCTemplate.executeQuery(JDBCTemplate.java:627)
	... 106 more
2018-04-11 20:40:55,851  ERROR  [main] - Failed to load resources from DB
2018-04-11 20:40:55,851  ERROR  [main] - The Exception - 
com.mercury.topaz.cmdb.server.manage.dal.CmdbDalException: [ErrorCode [-2147483648] undefined error code]
SQL error executing statement select * from URM_RESOURCES where CUSTOMER_ID=? and TYPE=?
	at com.mercury.topaz.cmdb.server.manage.dal.jdbc_template.JDBCTemplate.executeQuery(JDBCTemplate.java:634)
	at com.mercury.topaz.cmdb.server.manage.dal.jdbc_template.JDBCTemplate.executeQuery(JDBCTemplate.java:565)
	at com.mercury.topaz.cmdb.server.manage.dal.jdbc_template.JDBCTemplate.executeQuery(JDBCTemplate.java:521)
	at com.mercury.topaz.cmdb.server.dal.dao.impl.UnifiedResourceDaoImpl.getAll(UnifiedResourceDaoImpl.java:101)
	at sun.reflect.NativeMethodAccessorImpl.invoke0(Native Method)
	at sun.reflect.NativeMethodAccessorImpl.invoke(NativeMethodAccessorImpl.java:62)
	at sun.reflect.DelegatingMethodAccessorImpl.invoke(DelegatingMethodAccessorImpl.java:43)
	at java.lang.reflect.Method.invoke(Method.java:498)
	at com.mercury.topaz.cmdb.server.manage.dal.dao.DaoFactory$TransactionProxy$ProxyDalAbstractCommand.perform(DaoFactory.java:155)
	at com.mercury.topaz.cmdb.server.manage.dal.DalAbstractCommand$FlowControlDalCommandExecutor.execute(DalAbstractCommand.java:36)
	at com.mercury.topaz.cmdb.shared.manage.flowmanagement.api.FlowManager.execute(FlowManager.java:227)
	at com.mercury.topaz.cmdb.shared.manage.flowmanagement.api.FlowManager.execute(FlowManager.java:222)
	at com.mercury.topaz.cmdb.server.manage.dal.DalAbstractCommand.execute(DalAbstractCommand.java:54)
	at com.mercury.topaz.cmdb.server.manage.dal.CmdbDalJdbcDAO$CmdbDalDeadlockRetriable.performAction(CmdbDalJdbcDAO.java:120)
	at com.mercury.topaz.cmdb.server.manage.dal.CmdbDalJdbcDAO$CmdbDalDeadlockRetriable.performAction(CmdbDalJdbcDAO.java:105)
	at com.mercury.topaz.cmdb.shared.util.retry.impl.DefaultRetriableExecutorImpl.doExecute(DefaultRetriableExecutorImpl.java:37)
	at com.mercury.topaz.cmdb.shared.util.retry.impl.AbstractRetriableExecutor.execute(AbstractRetriableExecutor.java:37)
	at com.mercury.topaz.cmdb.server.manage.dal.CmdbDalJdbcDAO.executeQuery(CmdbDalJdbcDAO.java:61)
	at com.mercury.topaz.cmdb.server.manage.dal.CmdbDalJdbcDAO.executeQuery(CmdbDalJdbcDAO.java:53)
	at com.mercury.topaz.cmdb.server.manage.dal.dao.DaoFactory$TransactionProxy.invoke(DaoFactory.java:135)
	at com.sun.proxy.$Proxy17.getAll(Unknown Source)
	at com.mercury.topaz.cmdb.server.util.URMOfflineTool.loadResourcesFromDB(URMOfflineTool.java:65)
	at com.mercury.topaz.cmdb.server.util.URMOfflineTool.checkIfOnlineURMIsUp(URMOfflineTool.java:101)
	at com.mercury.topaz.cmdb.server.util.URMOfflineTool.getAll(URMOfflineTool.java:107)
	at com.mercury.topaz.cmdb.server.manage.settings.InternalSettings.getAllSettings(InternalSettings.java:104)
	at com.mercury.topaz.cmdb.server.manage.settings.InternalSettings.getAllCustomerSettings(InternalSettings.java:89)
	at com.mercury.topaz.cmdb.server.base.cfg.impl.InternalSettingsProvider.getPropertiesProvider(InternalSettingsProvider.java:34)
	at com.mercury.topaz.cmdb.server.base.cfg.impl.InternalSettingsProvider.<init>(InternalSettingsProvider.java:28)
	at com.mercury.topaz.cmdb.server.base.cfg.impl.SettingsReaderFactory.createDbProvider(SettingsReaderFactory.java:153)
	at com.mercury.topaz.cmdb.server.base.cfg.impl.SettingsReaderFactory.createDbProvider(SettingsReaderFactory.java:147)
	at com.mercury.topaz.cmdb.server.base.cfg.impl.SettingsReaderFactory.getGlobalReader(SettingsReaderFactory.java:51)
	at com.mercury.topaz.cmdb.server.base.cfg.impl.SettingsReaderFactory.getGlobalReader(SettingsReaderFactory.java:39)
	at com.mercury.topaz.cmdb.server.manage.dal.DalStatistics.addStatement(DalStatistics.java:29)
	at com.mercury.topaz.cmdb.server.manage.dal.CmdbDalPreparedStatementImpl.executeQuery(CmdbDalPreparedStatementImpl.java:361)
	at com.mercury.topaz.cmdb.server.manage.dal.jdbc_template.JDBCTemplate.executeQuery(JDBCTemplate.java:628)
	at com.mercury.topaz.cmdb.server.manage.dal.jdbc_template.JDBCTemplate.executeQuery(JDBCTemplate.java:565)
	at com.mercury.topaz.cmdb.server.manage.dal.jdbc_template.JDBCTemplate.executeQuery(JDBCTemplate.java:521)
	at com.mercury.topaz.cmdb.server.dal.dao.impl.UnifiedResourceDaoImpl.get(UnifiedResourceDaoImpl.java:138)
	at sun.reflect.NativeMethodAccessorImpl.invoke0(Native Method)
	at sun.reflect.NativeMethodAccessorImpl.invoke(NativeMethodAccessorImpl.java:62)
	at sun.reflect.DelegatingMethodAccessorImpl.invoke(DelegatingMethodAccessorImpl.java:43)
	at java.lang.reflect.Method.invoke(Method.java:498)
	at com.mercury.topaz.cmdb.server.manage.dal.dao.DaoFactory$TransactionProxy$ProxyDalAbstractCommand.perform(DaoFactory.java:155)
	at com.mercury.topaz.cmdb.server.manage.dal.DalAbstractCommand$FlowControlDalCommandExecutor.execute(DalAbstractCommand.java:36)
	at com.mercury.topaz.cmdb.shared.manage.flowmanagement.api.FlowManager.execute(FlowManager.java:227)
	at com.mercury.topaz.cmdb.shared.manage.flowmanagement.api.FlowManager.execute(FlowManager.java:222)
	at com.mercury.topaz.cmdb.server.manage.dal.DalAbstractCommand.execute(DalAbstractCommand.java:54)
	at com.mercury.topaz.cmdb.server.manage.dal.CmdbDalJdbcDAO$CmdbDalDeadlockRetriable.performAction(CmdbDalJdbcDAO.java:120)
	at com.mercury.topaz.cmdb.server.manage.dal.CmdbDalJdbcDAO$CmdbDalDeadlockRetriable.performAction(CmdbDalJdbcDAO.java:105)
	at com.mercury.topaz.cmdb.shared.util.retry.impl.DefaultRetriableExecutorImpl.doExecute(DefaultRetriableExecutorImpl.java:37)
	at com.mercury.topaz.cmdb.shared.util.retry.impl.AbstractRetriableExecutor.execute(AbstractRetriableExecutor.java:37)
	at com.mercury.topaz.cmdb.server.manage.dal.CmdbDalJdbcDAO.executeQuery(CmdbDalJdbcDAO.java:61)
	at com.mercury.topaz.cmdb.server.manage.dal.CmdbDalJdbcDAO.executeQuery(CmdbDalJdbcDAO.java:53)
	at com.mercury.topaz.cmdb.server.manage.dal.dao.DaoFactory$TransactionProxy.invoke(DaoFactory.java:135)
	at com.sun.proxy.$Proxy17.get(Unknown Source)
	at com.mercury.topaz.cmdb.server.manage.dal.SchemaUpgradeToolImpl.URMTableChanged(SchemaUpgradeToolImpl.java:56)
	at com.mercury.topaz.cmdb.server.manage.dal.SchemaUpgradeToolImpl.hasSchemaChanged(SchemaUpgradeToolImpl.java:38)
	at com.mercury.topaz.cmdb.server.manage.dal.SchemaUpgradeToolImpl.upgradeSchemas(SchemaUpgradeToolImpl.java:23)
	at com.mercury.topaz.cmdb.server.manage.Framework.schemaUpgrade(Framework.java:219)
	at com.mercury.topaz.cmdb.server.manage.Framework.doInit(Framework.java:351)
	at com.mercury.topaz.cmdb.server.manage.Framework.access$300(Framework.java:110)
	at com.mercury.topaz.cmdb.server.manage.Framework$4.executeInContext(Framework.java:327)
	at com.mercury.topaz.cmdb.server.manage.Framework$4.executeInContext(Framework.java:324)
	at com.mercury.topaz.cmdb.shared.manage.AuthorizationContextUtils.executeInSystemAuthorizationContext(AuthorizationContextUtils.java:24)
	at com.mercury.topaz.cmdb.server.manage.Framework.init(Framework.java:324)
	at com.mercury.topaz.cmdb.server.manage.Framework.doStartUp(Framework.java:210)
	at com.mercury.topaz.cmdb.server.manage.Framework.access$000(Framework.java:110)
	at com.mercury.topaz.cmdb.server.manage.Framework$1.executeInContext(Framework.java:194)
	at com.mercury.topaz.cmdb.server.manage.Framework$1.executeInContext(Framework.java:191)
	at com.mercury.topaz.cmdb.shared.manage.AuthorizationContextUtils.executeInSystemAuthorizationContext(AuthorizationContextUtils.java:24)
	at com.mercury.topaz.cmdb.server.manage.Framework.startUp(Framework.java:191)
	at com.hp.ucmdb.server.Main.startFramework(Main.java:38)
	at com.hp.ucmdb.server.Main.main(Main.java:26)
Caused by: java.sql.SQLException: Closed Resultset: next
	at oracle.jdbc.driver.InsensitiveScrollableResultSet.next(InsensitiveScrollableResultSet.java:565)
	at org.apache.commons.dbcp2.DelegatingResultSet.next(DelegatingResultSet.java:191)
	at com.mercury.topaz.cmdb.server.manage.dal.DefaultCmdbDalResultSetImpl.next(DefaultCmdbDalResultSetImpl.java:54)
	at com.mercury.topaz.cmdb.server.manage.dal.CmdbDalResultSetExecTimeSupport.next(CmdbDalResultSetExecTimeSupport.java:56)
	at com.mercury.topaz.cmdb.server.manage.dal.jdbc_template.RowIterator.extractData(RowIterator.java:16)
	at com.mercury.topaz.cmdb.server.manage.dal.jdbc_template.RowIterator.extractData(RowIterator.java:7)
	at com.mercury.topaz.cmdb.server.manage.dal.jdbc_template.JDBCTemplate.executeQuery(JDBCTemplate.java:629)
	... 72 more
2018-04-12 06:41:59,417  ERROR  [main] - Failed to load resources from DB
2018-04-12 06:41:59,417  ERROR  [main] - The Exception - 
com.mercury.topaz.cmdb.server.manage.dal.CmdbDalException: [ErrorCode [-2147483648] undefined error code]
SQL error executing unknown statement
	at com.mercury.topaz.cmdb.server.manage.dal.jdbc_template.JDBCTemplate.executeQuery(JDBCTemplate.java:632)
	at com.mercury.topaz.cmdb.server.manage.dal.jdbc_template.JDBCTemplate.executeQuery(JDBCTemplate.java:565)
	at com.mercury.topaz.cmdb.server.manage.dal.jdbc_template.JDBCTemplate.executeQuery(JDBCTemplate.java:521)
	at com.mercury.topaz.cmdb.server.dal.dao.impl.UnifiedResourceDaoImpl.getAll(UnifiedResourceDaoImpl.java:101)
	at sun.reflect.NativeMethodAccessorImpl.invoke0(Native Method)
	at sun.reflect.NativeMethodAccessorImpl.invoke(NativeMethodAccessorImpl.java:62)
	at sun.reflect.DelegatingMethodAccessorImpl.invoke(DelegatingMethodAccessorImpl.java:43)
	at java.lang.reflect.Method.invoke(Method.java:498)
	at com.mercury.topaz.cmdb.server.manage.dal.dao.DaoFactory$TransactionProxy$ProxyDalAbstractCommand.perform(DaoFactory.java:155)
	at com.mercury.topaz.cmdb.server.manage.dal.DalAbstractCommand$FlowControlDalCommandExecutor.execute(DalAbstractCommand.java:36)
	at com.mercury.topaz.cmdb.shared.manage.flowmanagement.api.FlowManager.execute(FlowManager.java:227)
	at com.mercury.topaz.cmdb.shared.manage.flowmanagement.api.FlowManager.execute(FlowManager.java:222)
	at com.mercury.topaz.cmdb.server.manage.dal.DalAbstractCommand.execute(DalAbstractCommand.java:54)
	at com.mercury.topaz.cmdb.server.manage.dal.CmdbDalJdbcDAO$CmdbDalDeadlockRetriable.performAction(CmdbDalJdbcDAO.java:120)
	at com.mercury.topaz.cmdb.server.manage.dal.CmdbDalJdbcDAO$CmdbDalDeadlockRetriable.performAction(CmdbDalJdbcDAO.java:105)
	at com.mercury.topaz.cmdb.shared.util.retry.impl.DefaultRetriableExecutorImpl.doExecute(DefaultRetriableExecutorImpl.java:37)
	at com.mercury.topaz.cmdb.shared.util.retry.impl.AbstractRetriableExecutor.execute(AbstractRetriableExecutor.java:37)
	at com.mercury.topaz.cmdb.server.manage.dal.CmdbDalJdbcDAO.executeQuery(CmdbDalJdbcDAO.java:61)
	at com.mercury.topaz.cmdb.server.manage.dal.CmdbDalJdbcDAO.executeQuery(CmdbDalJdbcDAO.java:53)
	at com.mercury.topaz.cmdb.server.manage.dal.dao.DaoFactory$TransactionProxy.invoke(DaoFactory.java:135)
	at com.sun.proxy.$Proxy17.getAll(Unknown Source)
	at com.mercury.topaz.cmdb.server.util.URMOfflineTool.loadResourcesFromDB(URMOfflineTool.java:65)
	at com.mercury.topaz.cmdb.server.util.URMOfflineTool.checkIfOnlineURMIsUp(URMOfflineTool.java:101)
	at com.mercury.topaz.cmdb.server.util.URMOfflineTool.getAll(URMOfflineTool.java:107)
	at com.mercury.topaz.cmdb.server.manage.settings.InternalSettings.getAllSettings(InternalSettings.java:104)
	at com.mercury.topaz.cmdb.server.manage.settings.InternalSettings.getAllCustomerSettings(InternalSettings.java:89)
	at com.mercury.topaz.cmdb.server.base.cfg.impl.InternalSettingsProvider.getPropertiesProvider(InternalSettingsProvider.java:34)
	at com.mercury.topaz.cmdb.server.base.cfg.impl.InternalSettingsProvider.<init>(InternalSettingsProvider.java:28)
	at com.mercury.topaz.cmdb.server.base.cfg.impl.SettingsReaderFactory.createDbProvider(SettingsReaderFactory.java:153)
	at com.mercury.topaz.cmdb.server.base.cfg.impl.SettingsReaderFactory.createDbProvider(SettingsReaderFactory.java:147)
	at com.mercury.topaz.cmdb.server.base.cfg.impl.SettingsReaderFactory.getGlobalReader(SettingsReaderFactory.java:51)
	at com.mercury.topaz.cmdb.server.base.cfg.impl.SettingsReaderFactory.getGlobalReader(SettingsReaderFactory.java:39)
	at com.mercury.topaz.cmdb.server.manage.dal.DalStatistics.addStatement(DalStatistics.java:29)
	at com.mercury.topaz.cmdb.server.manage.dal.CmdbDalPreparedStatementImpl.executeQuery(CmdbDalPreparedStatementImpl.java:361)
	at com.mercury.topaz.cmdb.server.manage.dal.jdbc_template.JDBCTemplate.executeQuery(JDBCTemplate.java:628)
	at com.mercury.topaz.cmdb.server.manage.dal.jdbc_template.JDBCTemplate.executeQuery(JDBCTemplate.java:565)
	at com.mercury.topaz.cmdb.server.manage.dal.jdbc_template.JDBCTemplate.executeQuery(JDBCTemplate.java:521)
	at com.mercury.topaz.cmdb.server.dal.dao.impl.UnifiedResourceDaoImpl.getAll(UnifiedResourceDaoImpl.java:101)
	at sun.reflect.NativeMethodAccessorImpl.invoke0(Native Method)
	at sun.reflect.NativeMethodAccessorImpl.invoke(NativeMethodAccessorImpl.java:62)
	at sun.reflect.DelegatingMethodAccessorImpl.invoke(DelegatingMethodAccessorImpl.java:43)
	at java.lang.reflect.Method.invoke(Method.java:498)
	at com.mercury.topaz.cmdb.server.manage.dal.dao.DaoFactory$TransactionProxy$ProxyDalAbstractCommand.perform(DaoFactory.java:155)
	at com.mercury.topaz.cmdb.server.manage.dal.DalAbstractCommand$FlowControlDalCommandExecutor.execute(DalAbstractCommand.java:36)
	at com.mercury.topaz.cmdb.shared.manage.flowmanagement.api.FlowManager.execute(FlowManager.java:227)
	at com.mercury.topaz.cmdb.shared.manage.flowmanagement.api.FlowManager.execute(FlowManager.java:222)
	at com.mercury.topaz.cmdb.server.manage.dal.DalAbstractCommand.execute(DalAbstractCommand.java:54)
	at com.mercury.topaz.cmdb.server.manage.dal.CmdbDalJdbcDAO$CmdbDalDeadlockRetriable.performAction(CmdbDalJdbcDAO.java:120)
	at com.mercury.topaz.cmdb.server.manage.dal.CmdbDalJdbcDAO$CmdbDalDeadlockRetriable.performAction(CmdbDalJdbcDAO.java:105)
	at com.mercury.topaz.cmdb.shared.util.retry.impl.DefaultRetriableExecutorImpl.doExecute(DefaultRetriableExecutorImpl.java:37)
	at com.mercury.topaz.cmdb.shared.util.retry.impl.AbstractRetriableExecutor.execute(AbstractRetriableExecutor.java:37)
	at com.mercury.topaz.cmdb.server.manage.dal.CmdbDalJdbcDAO.executeQuery(CmdbDalJdbcDAO.java:61)
	at com.mercury.topaz.cmdb.server.manage.dal.CmdbDalJdbcDAO.executeQuery(CmdbDalJdbcDAO.java:53)
	at com.mercury.topaz.cmdb.server.manage.dal.dao.DaoFactory$TransactionProxy.invoke(DaoFactory.java:135)
	at com.sun.proxy.$Proxy17.getAll(Unknown Source)
	at com.mercury.topaz.cmdb.server.util.URMOfflineTool.loadResourcesFromDB(URMOfflineTool.java:65)
	at com.mercury.topaz.cmdb.server.util.URMOfflineTool.checkIfOnlineURMIsUp(URMOfflineTool.java:101)
	at com.mercury.topaz.cmdb.server.util.URMOfflineTool.getAll(URMOfflineTool.java:107)
	at com.mercury.topaz.cmdb.server.manage.settings.InternalSettings.getAllSettings(InternalSettings.java:104)
	at com.mercury.topaz.cmdb.server.manage.settings.InternalSettings.getAllCustomerSettings(InternalSettings.java:89)
	at com.mercury.topaz.cmdb.server.base.cfg.impl.InternalSettingsProvider.getPropertiesProvider(InternalSettingsProvider.java:34)
	at com.mercury.topaz.cmdb.server.base.cfg.impl.InternalSettingsProvider.<init>(InternalSettingsProvider.java:28)
	at com.mercury.topaz.cmdb.server.base.cfg.impl.SettingsReaderFactory.createDbProvider(SettingsReaderFactory.java:153)
	at com.mercury.topaz.cmdb.server.base.cfg.impl.SettingsReaderFactory.createDbProvider(SettingsReaderFactory.java:147)
	at com.mercury.topaz.cmdb.server.base.cfg.impl.SettingsReaderFactory.getGlobalReader(SettingsReaderFactory.java:51)
	at com.mercury.topaz.cmdb.server.base.cfg.impl.SettingsReaderFactory.getGlobalReader(SettingsReaderFactory.java:39)
	at com.mercury.topaz.cmdb.server.manage.dal.DalStatistics.addStatement(DalStatistics.java:29)
	at com.mercury.topaz.cmdb.server.manage.dal.CmdbDalPreparedStatementImpl.executeQuery(CmdbDalPreparedStatementImpl.java:361)
	at com.mercury.topaz.cmdb.server.manage.dal.jdbc_template.JDBCTemplate.executeQuery(JDBCTemplate.java:628)
	at com.mercury.topaz.cmdb.server.manage.dal.jdbc_template.JDBCTemplate.executeQuery(JDBCTemplate.java:565)
	at com.mercury.topaz.cmdb.server.dal.dao.impl.CustomerDbDaoImpl.getGlobalCustomerDb(CustomerDbDaoImpl.java:137)
	at sun.reflect.NativeMethodAccessorImpl.invoke0(Native Method)
	at sun.reflect.NativeMethodAccessorImpl.invoke(NativeMethodAccessorImpl.java:62)
	at sun.reflect.DelegatingMethodAccessorImpl.invoke(DelegatingMethodAccessorImpl.java:43)
	at java.lang.reflect.Method.invoke(Method.java:498)
	at com.mercury.topaz.cmdb.server.manage.dal.dao.DaoFactory$TransactionProxy$ProxyDalAbstractCommand.perform(DaoFactory.java:155)
	at com.mercury.topaz.cmdb.server.manage.dal.DalAbstractCommand$FlowControlDalCommandExecutor.execute(DalAbstractCommand.java:36)
	at com.mercury.topaz.cmdb.shared.manage.flowmanagement.api.FlowManager.execute(FlowManager.java:227)
	at com.mercury.topaz.cmdb.shared.manage.flowmanagement.api.FlowManager.execute(FlowManager.java:222)
	at com.mercury.topaz.cmdb.server.manage.dal.DalAbstractCommand.execute(DalAbstractCommand.java:54)
	at com.mercury.topaz.cmdb.server.manage.dal.CmdbDalJdbcDAO$CmdbDalDeadlockRetriable.performAction(CmdbDalJdbcDAO.java:120)
	at com.mercury.topaz.cmdb.server.manage.dal.CmdbDalJdbcDAO$CmdbDalDeadlockRetriable.performAction(CmdbDalJdbcDAO.java:105)
	at com.mercury.topaz.cmdb.shared.util.retry.impl.DefaultRetriableExecutorImpl.doExecute(DefaultRetriableExecutorImpl.java:37)
	at com.mercury.topaz.cmdb.shared.util.retry.impl.AbstractRetriableExecutor.execute(AbstractRetriableExecutor.java:37)
	at com.mercury.topaz.cmdb.server.manage.dal.CmdbDalJdbcDAO.executeQuery(CmdbDalJdbcDAO.java:61)
	at com.mercury.topaz.cmdb.server.manage.dal.CmdbDalJdbcDAO.executeQuery(CmdbDalJdbcDAO.java:53)
	at com.mercury.topaz.cmdb.server.manage.dal.dao.DaoFactory$TransactionProxy.invoke(DaoFactory.java:135)
	at com.sun.proxy.$Proxy2.getGlobalCustomerDb(Unknown Source)
	at com.mercury.topaz.cmdb.server.manage.customer.CustomerUtils.addGlobalCustomerConfig(CustomerUtils.java:52)
	at com.mercury.topaz.cmdb.server.manage.customer.CustomerUtils.addGlobalCustomerConfig(CustomerUtils.java:114)
	at com.mercury.topaz.cmdb.server.manage.customer.CustomerUtils.initGlobalSchema(CustomerUtils.java:190)
	at com.mercury.topaz.cmdb.shared.util.dbcreator.CmdbDatabaseCreator.connectStrict(CmdbDatabaseCreator.java:189)
	at com.mercury.topaz.cmdb.shared.util.dbcreator.CmdbDatabaseCreator.connectStrict(CmdbDatabaseCreator.java:182)
	at com.hpe.dockerutils.ConfigureDatabase.createSchema(ConfigureDatabase.java:228)
	at com.hpe.dockerutils.ConfigureDatabase.createSchemas(ConfigureDatabase.java:203)
	at com.hpe.dockerutils.ConfigureDatabase.main(ConfigureDatabase.java:102)
Caused by: java.sql.SQLException: [mercury][Oracle JDBC Driver]Invalid parameter binding(s).
	at com.mercury.jdbc.oraclebase.ddcr.b(Unknown Source)
	at com.mercury.jdbc.oraclebase.ddcr.a(Unknown Source)
	at com.mercury.jdbc.oraclebase.ddcq.b(Unknown Source)
	at com.mercury.jdbc.oraclebase.ddcq.a(Unknown Source)
	at com.mercury.jdbc.oraclebase.dddy.a(Unknown Source)
	at com.mercury.jdbc.oraclebase.dddz.a(Unknown Source)
	at com.mercury.jdbc.oraclebase.dddz.setObject(Unknown Source)
	at com.mercury.jdbc.oraclebase.ddd_.setObject(Unknown Source)
	at com.mercury.jdbc.oraclebase.ddd2.setObject(Unknown Source)
	at org.apache.commons.dbcp2.DelegatingPreparedStatement.setObject(DelegatingPreparedStatement.java:189)
	at com.mercury.topaz.cmdb.server.manage.dal.CmdbDalPreparedStatementImpl.setObject(CmdbDalPreparedStatementImpl.java:352)
	at com.mercury.topaz.cmdb.server.manage.dal.jdbc_template.JDBCTemplate$DefaultPreparedStatementCreator.setValues(JDBCTemplate.java:774)
	at com.mercury.topaz.cmdb.server.manage.dal.jdbc_template.JDBCTemplate$AbstractPreparedStatementCreator.create(JDBCTemplate.java:749)
	at com.mercury.topaz.cmdb.server.manage.dal.jdbc_template.JDBCTemplate.executeQuery(JDBCTemplate.java:627)
	... 95 more
2018-04-12 06:41:59,428  ERROR  [main] - Failed to load resources from DB
2018-04-12 06:41:59,428  ERROR  [main] - The Exception - 
com.mercury.topaz.cmdb.server.manage.dal.CmdbDalException: [ErrorCode [-2147483648] undefined error code]
SQL error executing statement select * from URM_RESOURCES where CUSTOMER_ID=? and TYPE=?
	at com.mercury.topaz.cmdb.server.manage.dal.jdbc_template.JDBCTemplate.executeQuery(JDBCTemplate.java:634)
	at com.mercury.topaz.cmdb.server.manage.dal.jdbc_template.JDBCTemplate.executeQuery(JDBCTemplate.java:565)
	at com.mercury.topaz.cmdb.server.manage.dal.jdbc_template.JDBCTemplate.executeQuery(JDBCTemplate.java:521)
	at com.mercury.topaz.cmdb.server.dal.dao.impl.UnifiedResourceDaoImpl.getAll(UnifiedResourceDaoImpl.java:101)
	at sun.reflect.NativeMethodAccessorImpl.invoke0(Native Method)
	at sun.reflect.NativeMethodAccessorImpl.invoke(NativeMethodAccessorImpl.java:62)
	at sun.reflect.DelegatingMethodAccessorImpl.invoke(DelegatingMethodAccessorImpl.java:43)
	at java.lang.reflect.Method.invoke(Method.java:498)
	at com.mercury.topaz.cmdb.server.manage.dal.dao.DaoFactory$TransactionProxy$ProxyDalAbstractCommand.perform(DaoFactory.java:155)
	at com.mercury.topaz.cmdb.server.manage.dal.DalAbstractCommand$FlowControlDalCommandExecutor.execute(DalAbstractCommand.java:36)
	at com.mercury.topaz.cmdb.shared.manage.flowmanagement.api.FlowManager.execute(FlowManager.java:227)
	at com.mercury.topaz.cmdb.shared.manage.flowmanagement.api.FlowManager.execute(FlowManager.java:222)
	at com.mercury.topaz.cmdb.server.manage.dal.DalAbstractCommand.execute(DalAbstractCommand.java:54)
	at com.mercury.topaz.cmdb.server.manage.dal.CmdbDalJdbcDAO$CmdbDalDeadlockRetriable.performAction(CmdbDalJdbcDAO.java:120)
	at com.mercury.topaz.cmdb.server.manage.dal.CmdbDalJdbcDAO$CmdbDalDeadlockRetriable.performAction(CmdbDalJdbcDAO.java:105)
	at com.mercury.topaz.cmdb.shared.util.retry.impl.DefaultRetriableExecutorImpl.doExecute(DefaultRetriableExecutorImpl.java:37)
	at com.mercury.topaz.cmdb.shared.util.retry.impl.AbstractRetriableExecutor.execute(AbstractRetriableExecutor.java:37)
	at com.mercury.topaz.cmdb.server.manage.dal.CmdbDalJdbcDAO.executeQuery(CmdbDalJdbcDAO.java:61)
	at com.mercury.topaz.cmdb.server.manage.dal.CmdbDalJdbcDAO.executeQuery(CmdbDalJdbcDAO.java:53)
	at com.mercury.topaz.cmdb.server.manage.dal.dao.DaoFactory$TransactionProxy.invoke(DaoFactory.java:135)
	at com.sun.proxy.$Proxy17.getAll(Unknown Source)
	at com.mercury.topaz.cmdb.server.util.URMOfflineTool.loadResourcesFromDB(URMOfflineTool.java:65)
	at com.mercury.topaz.cmdb.server.util.URMOfflineTool.checkIfOnlineURMIsUp(URMOfflineTool.java:101)
	at com.mercury.topaz.cmdb.server.util.URMOfflineTool.getAll(URMOfflineTool.java:107)
	at com.mercury.topaz.cmdb.server.manage.settings.InternalSettings.getAllSettings(InternalSettings.java:104)
	at com.mercury.topaz.cmdb.server.manage.settings.InternalSettings.getAllCustomerSettings(InternalSettings.java:89)
	at com.mercury.topaz.cmdb.server.base.cfg.impl.InternalSettingsProvider.getPropertiesProvider(InternalSettingsProvider.java:34)
	at com.mercury.topaz.cmdb.server.base.cfg.impl.InternalSettingsProvider.<init>(InternalSettingsProvider.java:28)
	at com.mercury.topaz.cmdb.server.base.cfg.impl.SettingsReaderFactory.createDbProvider(SettingsReaderFactory.java:153)
	at com.mercury.topaz.cmdb.server.base.cfg.impl.SettingsReaderFactory.createDbProvider(SettingsReaderFactory.java:147)
	at com.mercury.topaz.cmdb.server.base.cfg.impl.SettingsReaderFactory.getGlobalReader(SettingsReaderFactory.java:51)
	at com.mercury.topaz.cmdb.server.base.cfg.impl.SettingsReaderFactory.getGlobalReader(SettingsReaderFactory.java:39)
	at com.mercury.topaz.cmdb.server.manage.dal.DalStatistics.addStatement(DalStatistics.java:29)
	at com.mercury.topaz.cmdb.server.manage.dal.CmdbDalPreparedStatementImpl.executeQuery(CmdbDalPreparedStatementImpl.java:361)
	at com.mercury.topaz.cmdb.server.manage.dal.jdbc_template.JDBCTemplate.executeQuery(JDBCTemplate.java:628)
	at com.mercury.topaz.cmdb.server.manage.dal.jdbc_template.JDBCTemplate.executeQuery(JDBCTemplate.java:565)
	at com.mercury.topaz.cmdb.server.dal.dao.impl.CustomerDbDaoImpl.getGlobalCustomerDb(CustomerDbDaoImpl.java:137)
	at sun.reflect.NativeMethodAccessorImpl.invoke0(Native Method)
	at sun.reflect.NativeMethodAccessorImpl.invoke(NativeMethodAccessorImpl.java:62)
	at sun.reflect.DelegatingMethodAccessorImpl.invoke(DelegatingMethodAccessorImpl.java:43)
	at java.lang.reflect.Method.invoke(Method.java:498)
	at com.mercury.topaz.cmdb.server.manage.dal.dao.DaoFactory$TransactionProxy$ProxyDalAbstractCommand.perform(DaoFactory.java:155)
	at com.mercury.topaz.cmdb.server.manage.dal.DalAbstractCommand$FlowControlDalCommandExecutor.execute(DalAbstractCommand.java:36)
	at com.mercury.topaz.cmdb.shared.manage.flowmanagement.api.FlowManager.execute(FlowManager.java:227)
	at com.mercury.topaz.cmdb.shared.manage.flowmanagement.api.FlowManager.execute(FlowManager.java:222)
	at com.mercury.topaz.cmdb.server.manage.dal.DalAbstractCommand.execute(DalAbstractCommand.java:54)
	at com.mercury.topaz.cmdb.server.manage.dal.CmdbDalJdbcDAO$CmdbDalDeadlockRetriable.performAction(CmdbDalJdbcDAO.java:120)
	at com.mercury.topaz.cmdb.server.manage.dal.CmdbDalJdbcDAO$CmdbDalDeadlockRetriable.performAction(CmdbDalJdbcDAO.java:105)
	at com.mercury.topaz.cmdb.shared.util.retry.impl.DefaultRetriableExecutorImpl.doExecute(DefaultRetriableExecutorImpl.java:37)
	at com.mercury.topaz.cmdb.shared.util.retry.impl.AbstractRetriableExecutor.execute(AbstractRetriableExecutor.java:37)
	at com.mercury.topaz.cmdb.server.manage.dal.CmdbDalJdbcDAO.executeQuery(CmdbDalJdbcDAO.java:61)
	at com.mercury.topaz.cmdb.server.manage.dal.CmdbDalJdbcDAO.executeQuery(CmdbDalJdbcDAO.java:53)
	at com.mercury.topaz.cmdb.server.manage.dal.dao.DaoFactory$TransactionProxy.invoke(DaoFactory.java:135)
	at com.sun.proxy.$Proxy2.getGlobalCustomerDb(Unknown Source)
	at com.mercury.topaz.cmdb.server.manage.customer.CustomerUtils.addGlobalCustomerConfig(CustomerUtils.java:52)
	at com.mercury.topaz.cmdb.server.manage.customer.CustomerUtils.addGlobalCustomerConfig(CustomerUtils.java:114)
	at com.mercury.topaz.cmdb.server.manage.customer.CustomerUtils.initGlobalSchema(CustomerUtils.java:190)
	at com.mercury.topaz.cmdb.shared.util.dbcreator.CmdbDatabaseCreator.connectStrict(CmdbDatabaseCreator.java:189)
	at com.mercury.topaz.cmdb.shared.util.dbcreator.CmdbDatabaseCreator.connectStrict(CmdbDatabaseCreator.java:182)
	at com.hpe.dockerutils.ConfigureDatabase.createSchema(ConfigureDatabase.java:228)
	at com.hpe.dockerutils.ConfigureDatabase.createSchemas(ConfigureDatabase.java:203)
	at com.hpe.dockerutils.ConfigureDatabase.main(ConfigureDatabase.java:102)
Caused by: java.sql.SQLException: [mercury][Oracle JDBC Driver]Object has been closed.
	at com.mercury.jdbc.oraclebase.ddcr.b(Unknown Source)
	at com.mercury.jdbc.oraclebase.ddcr.a(Unknown Source)
	at com.mercury.jdbc.oraclebase.ddcq.b(Unknown Source)
	at com.mercury.jdbc.oraclebase.ddcq.a(Unknown Source)
	at com.mercury.jdbc.oraclebase.ddd6.e(Unknown Source)
	at com.mercury.jdbc.oraclebase.ddd6.next(Unknown Source)
	at org.apache.commons.dbcp2.DelegatingResultSet.next(DelegatingResultSet.java:191)
	at com.mercury.topaz.cmdb.server.manage.dal.DefaultCmdbDalResultSetImpl.next(DefaultCmdbDalResultSetImpl.java:54)
	at com.mercury.topaz.cmdb.server.manage.dal.CmdbDalResultSetExecTimeSupport.next(CmdbDalResultSetExecTimeSupport.java:56)
	at com.mercury.topaz.cmdb.server.manage.dal.jdbc_template.RowIterator.extractData(RowIterator.java:16)
	at com.mercury.topaz.cmdb.server.manage.dal.jdbc_template.RowIterator.extractData(RowIterator.java:7)
	at com.mercury.topaz.cmdb.server.manage.dal.jdbc_template.JDBCTemplate.executeQuery(JDBCTemplate.java:629)
	... 61 more
2018-04-12 06:42:03,605  ERROR  [main] - Failed to load resources from DB
2018-04-12 06:42:03,606  ERROR  [main] - The Exception - 
com.mercury.topaz.cmdb.server.manage.dal.CmdbDalException: [ErrorCode [-2147483648] undefined error code]
SQL error executing unknown statement
	at com.mercury.topaz.cmdb.server.manage.dal.jdbc_template.JDBCTemplate.executeQuery(JDBCTemplate.java:632)
	at com.mercury.topaz.cmdb.server.manage.dal.jdbc_template.JDBCTemplate.executeQuery(JDBCTemplate.java:565)
	at com.mercury.topaz.cmdb.server.manage.dal.jdbc_template.JDBCTemplate.executeQuery(JDBCTemplate.java:521)
	at com.mercury.topaz.cmdb.server.dal.dao.impl.UnifiedResourceDaoImpl.getAll(UnifiedResourceDaoImpl.java:101)
	at sun.reflect.NativeMethodAccessorImpl.invoke0(Native Method)
	at sun.reflect.NativeMethodAccessorImpl.invoke(NativeMethodAccessorImpl.java:62)
	at sun.reflect.DelegatingMethodAccessorImpl.invoke(DelegatingMethodAccessorImpl.java:43)
	at java.lang.reflect.Method.invoke(Method.java:498)
	at com.mercury.topaz.cmdb.server.manage.dal.dao.DaoFactory$TransactionProxy$ProxyDalAbstractCommand.perform(DaoFactory.java:155)
	at com.mercury.topaz.cmdb.server.manage.dal.DalAbstractCommand$FlowControlDalCommandExecutor.execute(DalAbstractCommand.java:36)
	at com.mercury.topaz.cmdb.shared.manage.flowmanagement.api.FlowManager.execute(FlowManager.java:227)
	at com.mercury.topaz.cmdb.shared.manage.flowmanagement.api.FlowManager.execute(FlowManager.java:222)
	at com.mercury.topaz.cmdb.server.manage.dal.DalAbstractCommand.execute(DalAbstractCommand.java:54)
	at com.mercury.topaz.cmdb.server.manage.dal.CmdbDalJdbcDAO$CmdbDalDeadlockRetriable.performAction(CmdbDalJdbcDAO.java:120)
	at com.mercury.topaz.cmdb.server.manage.dal.CmdbDalJdbcDAO$CmdbDalDeadlockRetriable.performAction(CmdbDalJdbcDAO.java:105)
	at com.mercury.topaz.cmdb.shared.util.retry.impl.DefaultRetriableExecutorImpl.doExecute(DefaultRetriableExecutorImpl.java:37)
	at com.mercury.topaz.cmdb.shared.util.retry.impl.AbstractRetriableExecutor.execute(AbstractRetriableExecutor.java:37)
	at com.mercury.topaz.cmdb.server.manage.dal.CmdbDalJdbcDAO.executeQuery(CmdbDalJdbcDAO.java:61)
	at com.mercury.topaz.cmdb.server.manage.dal.CmdbDalJdbcDAO.executeQuery(CmdbDalJdbcDAO.java:53)
	at com.mercury.topaz.cmdb.server.manage.dal.dao.DaoFactory$TransactionProxy.invoke(DaoFactory.java:135)
	at com.sun.proxy.$Proxy17.getAll(Unknown Source)
	at com.mercury.topaz.cmdb.server.util.URMOfflineTool.loadResourcesFromDB(URMOfflineTool.java:65)
	at com.mercury.topaz.cmdb.server.util.URMOfflineTool.checkIfOnlineURMIsUp(URMOfflineTool.java:101)
	at com.mercury.topaz.cmdb.server.util.URMOfflineTool.getAll(URMOfflineTool.java:107)
	at com.mercury.topaz.cmdb.server.manage.settings.InternalSettings.getAllSettings(InternalSettings.java:104)
	at com.mercury.topaz.cmdb.server.manage.settings.InternalSettings.getAllCustomerSettings(InternalSettings.java:89)
	at com.mercury.topaz.cmdb.server.base.cfg.impl.InternalSettingsProvider.getPropertiesProvider(InternalSettingsProvider.java:34)
	at com.mercury.topaz.cmdb.server.base.cfg.impl.InternalSettingsProvider.<init>(InternalSettingsProvider.java:28)
	at com.mercury.topaz.cmdb.server.base.cfg.impl.SettingsReaderFactory.createDbProvider(SettingsReaderFactory.java:153)
	at com.mercury.topaz.cmdb.server.base.cfg.impl.SettingsReaderFactory.createDbProvider(SettingsReaderFactory.java:147)
	at com.mercury.topaz.cmdb.server.base.cfg.impl.SettingsReaderFactory.getGlobalReader(SettingsReaderFactory.java:51)
	at com.mercury.topaz.cmdb.server.base.cfg.impl.SettingsReaderFactory.getGlobalReader(SettingsReaderFactory.java:39)
	at com.mercury.topaz.cmdb.server.manage.dal.DalStatistics.addStatement(DalStatistics.java:29)
	at com.mercury.topaz.cmdb.server.manage.dal.CmdbDalPreparedStatementImpl.executeQuery(CmdbDalPreparedStatementImpl.java:361)
	at com.mercury.topaz.cmdb.server.manage.dal.jdbc_template.JDBCTemplate.executeQuery(JDBCTemplate.java:628)
	at com.mercury.topaz.cmdb.server.manage.dal.jdbc_template.JDBCTemplate.executeQuery(JDBCTemplate.java:565)
	at com.mercury.topaz.cmdb.server.manage.dal.jdbc_template.JDBCTemplate.executeQuery(JDBCTemplate.java:521)
	at com.mercury.topaz.cmdb.server.dal.dao.impl.UnifiedResourceDaoImpl.getAll(UnifiedResourceDaoImpl.java:101)
	at sun.reflect.NativeMethodAccessorImpl.invoke0(Native Method)
	at sun.reflect.NativeMethodAccessorImpl.invoke(NativeMethodAccessorImpl.java:62)
	at sun.reflect.DelegatingMethodAccessorImpl.invoke(DelegatingMethodAccessorImpl.java:43)
	at java.lang.reflect.Method.invoke(Method.java:498)
	at com.mercury.topaz.cmdb.server.manage.dal.dao.DaoFactory$TransactionProxy$ProxyDalAbstractCommand.perform(DaoFactory.java:155)
	at com.mercury.topaz.cmdb.server.manage.dal.DalAbstractCommand$FlowControlDalCommandExecutor.execute(DalAbstractCommand.java:36)
	at com.mercury.topaz.cmdb.shared.manage.flowmanagement.api.FlowManager.execute(FlowManager.java:227)
	at com.mercury.topaz.cmdb.shared.manage.flowmanagement.api.FlowManager.execute(FlowManager.java:222)
	at com.mercury.topaz.cmdb.server.manage.dal.DalAbstractCommand.execute(DalAbstractCommand.java:54)
	at com.mercury.topaz.cmdb.server.manage.dal.CmdbDalJdbcDAO$CmdbDalDeadlockRetriable.performAction(CmdbDalJdbcDAO.java:120)
	at com.mercury.topaz.cmdb.server.manage.dal.CmdbDalJdbcDAO$CmdbDalDeadlockRetriable.performAction(CmdbDalJdbcDAO.java:105)
	at com.mercury.topaz.cmdb.shared.util.retry.impl.DefaultRetriableExecutorImpl.doExecute(DefaultRetriableExecutorImpl.java:37)
	at com.mercury.topaz.cmdb.shared.util.retry.impl.AbstractRetriableExecutor.execute(AbstractRetriableExecutor.java:37)
	at com.mercury.topaz.cmdb.server.manage.dal.CmdbDalJdbcDAO.executeQuery(CmdbDalJdbcDAO.java:61)
	at com.mercury.topaz.cmdb.server.manage.dal.CmdbDalJdbcDAO.executeQuery(CmdbDalJdbcDAO.java:53)
	at com.mercury.topaz.cmdb.server.manage.dal.dao.DaoFactory$TransactionProxy.invoke(DaoFactory.java:135)
	at com.sun.proxy.$Proxy17.getAll(Unknown Source)
	at com.mercury.topaz.cmdb.server.util.URMOfflineTool.loadResourcesFromDB(URMOfflineTool.java:65)
	at com.mercury.topaz.cmdb.server.util.URMOfflineTool.checkIfOnlineURMIsUp(URMOfflineTool.java:101)
	at com.mercury.topaz.cmdb.server.util.URMOfflineTool.getAll(URMOfflineTool.java:107)
	at com.mercury.topaz.cmdb.server.manage.settings.InternalSettings.getAllSettings(InternalSettings.java:104)
	at com.mercury.topaz.cmdb.server.manage.settings.InternalSettings.getAllCustomerSettings(InternalSettings.java:89)
	at com.mercury.topaz.cmdb.server.base.cfg.impl.InternalSettingsProvider.getPropertiesProvider(InternalSettingsProvider.java:34)
	at com.mercury.topaz.cmdb.server.base.cfg.impl.InternalSettingsProvider.<init>(InternalSettingsProvider.java:28)
	at com.mercury.topaz.cmdb.server.base.cfg.impl.SettingsReaderFactory.createDbProvider(SettingsReaderFactory.java:153)
	at com.mercury.topaz.cmdb.server.base.cfg.impl.SettingsReaderFactory.createDbProvider(SettingsReaderFactory.java:147)
	at com.mercury.topaz.cmdb.server.base.cfg.impl.SettingsReaderFactory.getGlobalReader(SettingsReaderFactory.java:51)
	at com.mercury.topaz.cmdb.server.base.cfg.impl.SettingsReaderFactory.getGlobalReader(SettingsReaderFactory.java:39)
	at com.mercury.topaz.cmdb.server.manage.dal.DalStatistics.addStatement(DalStatistics.java:29)
	at com.mercury.topaz.cmdb.server.manage.dal.CmdbDalPreparedStatementImpl.executeQuery(CmdbDalPreparedStatementImpl.java:361)
	at com.mercury.topaz.cmdb.server.manage.dal.jdbc_template.JDBCTemplate.executeQuery(JDBCTemplate.java:628)
	at com.mercury.topaz.cmdb.server.manage.dal.jdbc_template.JDBCTemplate.executeQuery(JDBCTemplate.java:565)
	at com.mercury.topaz.cmdb.server.manage.dal.jdbc_template.JDBCTemplate.executeQuery(JDBCTemplate.java:521)
	at com.mercury.topaz.cmdb.server.dal.dao.impl.UnifiedResourceDaoImpl.get(UnifiedResourceDaoImpl.java:138)
	at sun.reflect.NativeMethodAccessorImpl.invoke0(Native Method)
	at sun.reflect.NativeMethodAccessorImpl.invoke(NativeMethodAccessorImpl.java:62)
	at sun.reflect.DelegatingMethodAccessorImpl.invoke(DelegatingMethodAccessorImpl.java:43)
	at java.lang.reflect.Method.invoke(Method.java:498)
	at com.mercury.topaz.cmdb.server.manage.dal.dao.DaoFactory$TransactionProxy$ProxyDalAbstractCommand.perform(DaoFactory.java:155)
	at com.mercury.topaz.cmdb.server.manage.dal.DalAbstractCommand$FlowControlDalCommandExecutor.execute(DalAbstractCommand.java:36)
	at com.mercury.topaz.cmdb.shared.manage.flowmanagement.api.FlowManager.execute(FlowManager.java:227)
	at com.mercury.topaz.cmdb.shared.manage.flowmanagement.api.FlowManager.execute(FlowManager.java:222)
	at com.mercury.topaz.cmdb.server.manage.dal.DalAbstractCommand.execute(DalAbstractCommand.java:54)
	at com.mercury.topaz.cmdb.server.manage.dal.CmdbDalJdbcDAO$CmdbDalDeadlockRetriable.performAction(CmdbDalJdbcDAO.java:120)
	at com.mercury.topaz.cmdb.server.manage.dal.CmdbDalJdbcDAO$CmdbDalDeadlockRetriable.performAction(CmdbDalJdbcDAO.java:105)
	at com.mercury.topaz.cmdb.shared.util.retry.impl.DefaultRetriableExecutorImpl.doExecute(DefaultRetriableExecutorImpl.java:37)
	at com.mercury.topaz.cmdb.shared.util.retry.impl.AbstractRetriableExecutor.execute(AbstractRetriableExecutor.java:37)
	at com.mercury.topaz.cmdb.server.manage.dal.CmdbDalJdbcDAO.executeQuery(CmdbDalJdbcDAO.java:61)
	at com.mercury.topaz.cmdb.server.manage.dal.CmdbDalJdbcDAO.executeQuery(CmdbDalJdbcDAO.java:53)
	at com.mercury.topaz.cmdb.server.manage.dal.dao.DaoFactory$TransactionProxy.invoke(DaoFactory.java:135)
	at com.sun.proxy.$Proxy17.get(Unknown Source)
	at com.mercury.topaz.cmdb.server.manage.dal.SchemaUpgradeToolImpl.URMTableChanged(SchemaUpgradeToolImpl.java:56)
	at com.mercury.topaz.cmdb.server.manage.dal.SchemaUpgradeToolImpl.hasSchemaChanged(SchemaUpgradeToolImpl.java:38)
	at com.mercury.topaz.cmdb.server.manage.dal.SchemaUpgradeToolImpl.upgradeSchemas(SchemaUpgradeToolImpl.java:23)
	at com.mercury.topaz.cmdb.server.manage.Framework.schemaUpgrade(Framework.java:219)
	at com.mercury.topaz.cmdb.server.manage.Framework.doInit(Framework.java:351)
	at com.mercury.topaz.cmdb.server.manage.Framework.access$300(Framework.java:110)
	at com.mercury.topaz.cmdb.server.manage.Framework$4.executeInContext(Framework.java:327)
	at com.mercury.topaz.cmdb.server.manage.Framework$4.executeInContext(Framework.java:324)
	at com.mercury.topaz.cmdb.shared.manage.AuthorizationContextUtils.executeInSystemAuthorizationContext(AuthorizationContextUtils.java:24)
	at com.mercury.topaz.cmdb.server.manage.Framework.init(Framework.java:324)
	at com.mercury.topaz.cmdb.server.manage.Framework.doStartUp(Framework.java:210)
	at com.mercury.topaz.cmdb.server.manage.Framework.access$000(Framework.java:110)
	at com.mercury.topaz.cmdb.server.manage.Framework$1.executeInContext(Framework.java:194)
	at com.mercury.topaz.cmdb.server.manage.Framework$1.executeInContext(Framework.java:191)
	at com.mercury.topaz.cmdb.shared.manage.AuthorizationContextUtils.executeInSystemAuthorizationContext(AuthorizationContextUtils.java:24)
	at com.mercury.topaz.cmdb.server.manage.Framework.startUp(Framework.java:191)
	at com.hp.ucmdb.server.Main.startFramework(Main.java:38)
	at com.hp.ucmdb.server.Main.main(Main.java:26)
Caused by: java.sql.SQLException: Invalid column index
	at oracle.jdbc.driver.OraclePreparedStatement.setIntInternal(OraclePreparedStatement.java:6201)
	at oracle.jdbc.driver.OraclePreparedStatement.setObjectCritical(OraclePreparedStatement.java:10252)
	at oracle.jdbc.driver.OraclePreparedStatement.setObjectInternal(OraclePreparedStatement.java:9974)
	at oracle.jdbc.driver.OraclePreparedStatement.setObjectInternal(OraclePreparedStatement.java:10799)
	at oracle.jdbc.driver.OraclePreparedStatement.setObject(OraclePreparedStatement.java:10776)
	at oracle.jdbc.driver.OraclePreparedStatementWrapper.setObject(OraclePreparedStatementWrapper.java:241)
	at org.apache.commons.dbcp2.DelegatingPreparedStatement.setObject(DelegatingPreparedStatement.java:189)
	at com.mercury.topaz.cmdb.server.manage.dal.CmdbDalPreparedStatementImpl.setObject(CmdbDalPreparedStatementImpl.java:352)
	at com.mercury.topaz.cmdb.server.manage.dal.jdbc_template.JDBCTemplate$DefaultPreparedStatementCreator.setValues(JDBCTemplate.java:774)
	at com.mercury.topaz.cmdb.server.manage.dal.jdbc_template.JDBCTemplate$AbstractPreparedStatementCreator.create(JDBCTemplate.java:749)
	at com.mercury.topaz.cmdb.server.manage.dal.jdbc_template.JDBCTemplate.executeQuery(JDBCTemplate.java:627)
	... 106 more
2018-04-12 06:42:03,724  ERROR  [main] - Failed to load resources from DB
2018-04-12 06:42:03,724  ERROR  [main] - The Exception - 
com.mercury.topaz.cmdb.server.manage.dal.CmdbDalException: [ErrorCode [-2147483648] undefined error code]
SQL error executing statement select * from URM_RESOURCES where CUSTOMER_ID=? and TYPE=?
	at com.mercury.topaz.cmdb.server.manage.dal.jdbc_template.JDBCTemplate.executeQuery(JDBCTemplate.java:634)
	at com.mercury.topaz.cmdb.server.manage.dal.jdbc_template.JDBCTemplate.executeQuery(JDBCTemplate.java:565)
	at com.mercury.topaz.cmdb.server.manage.dal.jdbc_template.JDBCTemplate.executeQuery(JDBCTemplate.java:521)
	at com.mercury.topaz.cmdb.server.dal.dao.impl.UnifiedResourceDaoImpl.getAll(UnifiedResourceDaoImpl.java:101)
	at sun.reflect.NativeMethodAccessorImpl.invoke0(Native Method)
	at sun.reflect.NativeMethodAccessorImpl.invoke(NativeMethodAccessorImpl.java:62)
	at sun.reflect.DelegatingMethodAccessorImpl.invoke(DelegatingMethodAccessorImpl.java:43)
	at java.lang.reflect.Method.invoke(Method.java:498)
	at com.mercury.topaz.cmdb.server.manage.dal.dao.DaoFactory$TransactionProxy$ProxyDalAbstractCommand.perform(DaoFactory.java:155)
	at com.mercury.topaz.cmdb.server.manage.dal.DalAbstractCommand$FlowControlDalCommandExecutor.execute(DalAbstractCommand.java:36)
	at com.mercury.topaz.cmdb.shared.manage.flowmanagement.api.FlowManager.execute(FlowManager.java:227)
	at com.mercury.topaz.cmdb.shared.manage.flowmanagement.api.FlowManager.execute(FlowManager.java:222)
	at com.mercury.topaz.cmdb.server.manage.dal.DalAbstractCommand.execute(DalAbstractCommand.java:54)
	at com.mercury.topaz.cmdb.server.manage.dal.CmdbDalJdbcDAO$CmdbDalDeadlockRetriable.performAction(CmdbDalJdbcDAO.java:120)
	at com.mercury.topaz.cmdb.server.manage.dal.CmdbDalJdbcDAO$CmdbDalDeadlockRetriable.performAction(CmdbDalJdbcDAO.java:105)
	at com.mercury.topaz.cmdb.shared.util.retry.impl.DefaultRetriableExecutorImpl.doExecute(DefaultRetriableExecutorImpl.java:37)
	at com.mercury.topaz.cmdb.shared.util.retry.impl.AbstractRetriableExecutor.execute(AbstractRetriableExecutor.java:37)
	at com.mercury.topaz.cmdb.server.manage.dal.CmdbDalJdbcDAO.executeQuery(CmdbDalJdbcDAO.java:61)
	at com.mercury.topaz.cmdb.server.manage.dal.CmdbDalJdbcDAO.executeQuery(CmdbDalJdbcDAO.java:53)
	at com.mercury.topaz.cmdb.server.manage.dal.dao.DaoFactory$TransactionProxy.invoke(DaoFactory.java:135)
	at com.sun.proxy.$Proxy17.getAll(Unknown Source)
	at com.mercury.topaz.cmdb.server.util.URMOfflineTool.loadResourcesFromDB(URMOfflineTool.java:65)
	at com.mercury.topaz.cmdb.server.util.URMOfflineTool.checkIfOnlineURMIsUp(URMOfflineTool.java:101)
	at com.mercury.topaz.cmdb.server.util.URMOfflineTool.getAll(URMOfflineTool.java:107)
	at com.mercury.topaz.cmdb.server.manage.settings.InternalSettings.getAllSettings(InternalSettings.java:104)
	at com.mercury.topaz.cmdb.server.manage.settings.InternalSettings.getAllCustomerSettings(InternalSettings.java:89)
	at com.mercury.topaz.cmdb.server.base.cfg.impl.InternalSettingsProvider.getPropertiesProvider(InternalSettingsProvider.java:34)
	at com.mercury.topaz.cmdb.server.base.cfg.impl.InternalSettingsProvider.<init>(InternalSettingsProvider.java:28)
	at com.mercury.topaz.cmdb.server.base.cfg.impl.SettingsReaderFactory.createDbProvider(SettingsReaderFactory.java:153)
	at com.mercury.topaz.cmdb.server.base.cfg.impl.SettingsReaderFactory.createDbProvider(SettingsReaderFactory.java:147)
	at com.mercury.topaz.cmdb.server.base.cfg.impl.SettingsReaderFactory.getGlobalReader(SettingsReaderFactory.java:51)
	at com.mercury.topaz.cmdb.server.base.cfg.impl.SettingsReaderFactory.getGlobalReader(SettingsReaderFactory.java:39)
	at com.mercury.topaz.cmdb.server.manage.dal.DalStatistics.addStatement(DalStatistics.java:29)
	at com.mercury.topaz.cmdb.server.manage.dal.CmdbDalPreparedStatementImpl.executeQuery(CmdbDalPreparedStatementImpl.java:361)
	at com.mercury.topaz.cmdb.server.manage.dal.jdbc_template.JDBCTemplate.executeQuery(JDBCTemplate.java:628)
	at com.mercury.topaz.cmdb.server.manage.dal.jdbc_template.JDBCTemplate.executeQuery(JDBCTemplate.java:565)
	at com.mercury.topaz.cmdb.server.manage.dal.jdbc_template.JDBCTemplate.executeQuery(JDBCTemplate.java:521)
	at com.mercury.topaz.cmdb.server.dal.dao.impl.UnifiedResourceDaoImpl.get(UnifiedResourceDaoImpl.java:138)
	at sun.reflect.NativeMethodAccessorImpl.invoke0(Native Method)
	at sun.reflect.NativeMethodAccessorImpl.invoke(NativeMethodAccessorImpl.java:62)
	at sun.reflect.DelegatingMethodAccessorImpl.invoke(DelegatingMethodAccessorImpl.java:43)
	at java.lang.reflect.Method.invoke(Method.java:498)
	at com.mercury.topaz.cmdb.server.manage.dal.dao.DaoFactory$TransactionProxy$ProxyDalAbstractCommand.perform(DaoFactory.java:155)
	at com.mercury.topaz.cmdb.server.manage.dal.DalAbstractCommand$FlowControlDalCommandExecutor.execute(DalAbstractCommand.java:36)
	at com.mercury.topaz.cmdb.shared.manage.flowmanagement.api.FlowManager.execute(FlowManager.java:227)
	at com.mercury.topaz.cmdb.shared.manage.flowmanagement.api.FlowManager.execute(FlowManager.java:222)
	at com.mercury.topaz.cmdb.server.manage.dal.DalAbstractCommand.execute(DalAbstractCommand.java:54)
	at com.mercury.topaz.cmdb.server.manage.dal.CmdbDalJdbcDAO$CmdbDalDeadlockRetriable.performAction(CmdbDalJdbcDAO.java:120)
	at com.mercury.topaz.cmdb.server.manage.dal.CmdbDalJdbcDAO$CmdbDalDeadlockRetriable.performAction(CmdbDalJdbcDAO.java:105)
	at com.mercury.topaz.cmdb.shared.util.retry.impl.DefaultRetriableExecutorImpl.doExecute(DefaultRetriableExecutorImpl.java:37)
	at com.mercury.topaz.cmdb.shared.util.retry.impl.AbstractRetriableExecutor.execute(AbstractRetriableExecutor.java:37)
	at com.mercury.topaz.cmdb.server.manage.dal.CmdbDalJdbcDAO.executeQuery(CmdbDalJdbcDAO.java:61)
	at com.mercury.topaz.cmdb.server.manage.dal.CmdbDalJdbcDAO.executeQuery(CmdbDalJdbcDAO.java:53)
	at com.mercury.topaz.cmdb.server.manage.dal.dao.DaoFactory$TransactionProxy.invoke(DaoFactory.java:135)
	at com.sun.proxy.$Proxy17.get(Unknown Source)
	at com.mercury.topaz.cmdb.server.manage.dal.SchemaUpgradeToolImpl.URMTableChanged(SchemaUpgradeToolImpl.java:56)
	at com.mercury.topaz.cmdb.server.manage.dal.SchemaUpgradeToolImpl.hasSchemaChanged(SchemaUpgradeToolImpl.java:38)
	at com.mercury.topaz.cmdb.server.manage.dal.SchemaUpgradeToolImpl.upgradeSchemas(SchemaUpgradeToolImpl.java:23)
	at com.mercury.topaz.cmdb.server.manage.Framework.schemaUpgrade(Framework.java:219)
	at com.mercury.topaz.cmdb.server.manage.Framework.doInit(Framework.java:351)
	at com.mercury.topaz.cmdb.server.manage.Framework.access$300(Framework.java:110)
	at com.mercury.topaz.cmdb.server.manage.Framework$4.executeInContext(Framework.java:327)
	at com.mercury.topaz.cmdb.server.manage.Framework$4.executeInContext(Framework.java:324)
	at com.mercury.topaz.cmdb.shared.manage.AuthorizationContextUtils.executeInSystemAuthorizationContext(AuthorizationContextUtils.java:24)
	at com.mercury.topaz.cmdb.server.manage.Framework.init(Framework.java:324)
	at com.mercury.topaz.cmdb.server.manage.Framework.doStartUp(Framework.java:210)
	at com.mercury.topaz.cmdb.server.manage.Framework.access$000(Framework.java:110)
	at com.mercury.topaz.cmdb.server.manage.Framework$1.executeInContext(Framework.java:194)
	at com.mercury.topaz.cmdb.server.manage.Framework$1.executeInContext(Framework.java:191)
	at com.mercury.topaz.cmdb.shared.manage.AuthorizationContextUtils.executeInSystemAuthorizationContext(AuthorizationContextUtils.java:24)
	at com.mercury.topaz.cmdb.server.manage.Framework.startUp(Framework.java:191)
	at com.hp.ucmdb.server.Main.startFramework(Main.java:38)
	at com.hp.ucmdb.server.Main.main(Main.java:26)
Caused by: java.sql.SQLException: Closed Resultset: next
	at oracle.jdbc.driver.InsensitiveScrollableResultSet.next(InsensitiveScrollableResultSet.java:565)
	at org.apache.commons.dbcp2.DelegatingResultSet.next(DelegatingResultSet.java:191)
	at com.mercury.topaz.cmdb.server.manage.dal.DefaultCmdbDalResultSetImpl.next(DefaultCmdbDalResultSetImpl.java:54)
	at com.mercury.topaz.cmdb.server.manage.dal.CmdbDalResultSetExecTimeSupport.next(CmdbDalResultSetExecTimeSupport.java:56)
	at com.mercury.topaz.cmdb.server.manage.dal.jdbc_template.RowIterator.extractData(RowIterator.java:16)
	at com.mercury.topaz.cmdb.server.manage.dal.jdbc_template.RowIterator.extractData(RowIterator.java:7)
	at com.mercury.topaz.cmdb.server.manage.dal.jdbc_template.JDBCTemplate.executeQuery(JDBCTemplate.java:629)
	... 72 more
