
************************ Statistics from 2018-04-12 02:30:00.005 until 2018-04-12 02:45:00.002 ************************
Operations executed: 1933
Different operation types executed: 5
Operations average time (in millis): 0
The 10 worst operations are:
# Millis:      20 # On: 2018-04-12 02:30:30.537 # select * from CUSTOMER_REGISTRATION order by ID
null
# Millis:       7 # On: 2018-04-12 02:40:54.928 # select * from CUSTOMER_REGISTRATION order by ID
null
# Millis:       6 # On: 2018-04-12 02:40:55.020 # select IS_ACTIVE from CUSTOMER_REGISTRATION where ID=?
null
# Millis:       5 # On: 2018-04-12 02:40:55.003 # select * from CUSTOMER_REGISTRATION order by ID
null
# Millis:       5 # On: 2018-04-12 02:44:32.109 # select * from CUSTOMER_REGISTRATION order by ID
null
# Millis:       5 # On: 2018-04-12 02:36:08.260 # select * from DB_CONTEXT
null
# Millis:       4 # On: 2018-04-12 02:32:28.147 # select IS_ACTIVE from CUSTOMER_REGISTRATION where ID=?
null
# Millis:       4 # On: 2018-04-12 02:44:32.124 # select IS_ACTIVE from CUSTOMER_REGISTRATION where ID=?
null
# Millis:       3 # On: 2018-04-12 02:38:39.038 # select * from DB_CONTEXT
null
# Millis:       3 # On: 2018-04-12 02:39:27.308 # select * from DB_CONTEXT
null
 *** All operations statistics ***
# Avg (ms):       1 # Max (ms):       1 # Count:     1 # Last called: 2018-04-12 02:43:08.126 # SELECT COUNT(*) FROM FCMDB_CONF_AGGREGATION_1
# Avg (ms):       0 # Max (ms):       6 # Count:   654 # Last called: 2018-04-12 02:44:59.275 # select IS_ACTIVE from CUSTOMER_REGISTRATION where ID=?
# Avg (ms):       0 # Max (ms):      20 # Count:   654 # Last called: 2018-04-12 02:44:59.271 # select * from CUSTOMER_REGISTRATION order by ID
# Avg (ms):       0 # Max (ms):       1 # Count:    30 # Last called: 2018-04-12 02:44:44.986 # SELECT VERSION FROM CONTENT_PACKS ORDER BY VERSION ASC
# Avg (ms):       0 # Max (ms):       5 # Count:   594 # Last called: 2018-04-12 02:44:59.273 # select * from DB_CONTEXT
