
************************ Statistics from 2018-04-12 00:30:00.009 until 2018-04-12 00:45:00.004 ************************
Operations executed: 2479
Different operation types executed: 12
Operations average time (in millis): 0
The 10 worst operations are:
# Millis:       2 # On: 2018-04-12 00:34:00.748 # select * from DB_CONTEXT
null
# Millis:       2 # On: 2018-04-12 00:44:09.502 # select IS_ACTIVE from CUSTOMER_REGISTRATION where ID=?
null
# Millis:       2 # On: 2018-04-12 00:43:40.523 # update SEQUENCES set SEQUENCE_VALUE=? where SEQUENCE_KEY=? and SEQUENCE_CUSTOMER_ID=?
null
# Millis:       2 # On: 2018-04-12 00:32:50.515 # update SEQUENCES set SEQUENCE_VALUE=? where SEQUENCE_KEY=? and SEQUENCE_CUSTOMER_ID=?
null
# Millis:       1 # On: 2018-04-12 00:30:12.831 # select (cast(sys_extract_utc(systimestamp) as date) - to_date('19700101', 'YYYYMMDD')) * 86400 seconds FROM dual
null
# Millis:       1 # On: 2018-04-12 00:30:00.515 # INSERT INTO URM_RESOURCES_HISTORY (REAL_ID,CUSTOMER_ID,TYPE,RESOURCE_ID,SPEC_VERSION,RESOURCE_NAME,TEXT_DATA,BINARY_DATA,LAST_UPDATED,UPDATED_BY,COMMIT_REVISION, IS_DELETE_EVENT) 
 ( SELECT REAL_ID,CUSTOMER_ID,TYPE,RESOURCE_ID,SPEC_VERSION,RESOURCE_NAME,TEXT_DATA,BINARY_DATA,LAST_UPDATED,UPDATED_BY,COMMIT_REVISION, ?  
 FROM URM_RESOURCES 
 WHERE 1=1  AND REAL_ID in (?) AND TYPE NOT IN ('History_HIST_FAILURE','UI_USER_PREFERENCES','Settings_PROPERTY_SETTING','UI_PROTOCOL_DECORATION','UI_DASHBOARD_SETTINGS'))
null
# Millis:       1 # On: 2018-04-12 00:30:05.681 # select IS_ACTIVE from CUSTOMER_REGISTRATION where ID=?
null
# Millis:       1 # On: 2018-04-12 00:30:10.510 # SELECT SEQUENCE_VALUE FROM SEQUENCES WHERE SEQUENCE_KEY=? and SEQUENCE_CUSTOMER_ID=? for update
null
# Millis:       1 # On: 2018-04-12 00:30:08.686 # select * from DB_CONTEXT
null
# Millis:       1 # On: 2018-04-12 00:30:10.511 # update SEQUENCES set SEQUENCE_VALUE=? where SEQUENCE_KEY=? and SEQUENCE_CUSTOMER_ID=?
null
 *** All operations statistics ***
# Avg (ms):       0 # Max (ms):       0 # Count:     1 # Last called: 2018-04-12 00:43:08.127 # SELECT COUNT(*) FROM FCMDB_CONF_AGGREGATION_1
# Avg (ms):       0 # Max (ms):       1 # Count:    30 # Last called: 2018-04-12 00:44:44.961 # SELECT VERSION FROM CONTENT_PACKS ORDER BY VERSION ASC
# Avg (ms):       0 # Max (ms):       1 # Count:    60 # Last called: 2018-04-12 00:44:57.835 # UPDATE HA_WRITER SET SERVER_ID=?,TIMESTAMP=?,SUGGESTED_SERVER_ID=?,SUGGESTION_TIMESTAMP=?
# Avg (ms):       0 # Max (ms):       1 # Count:   656 # Last called: 2018-04-12 00:44:57.821 # select * from CUSTOMER_REGISTRATION order by ID
# Avg (ms):       0 # Max (ms):       1 # Count:    60 # Last called: 2018-04-12 00:44:57.835 # select (cast(sys_extract_utc(systimestamp) as date) - to_date('19700101', 'YYYYMMDD')) * 86400 seconds FROM dual
# Avg (ms):       0 # Max (ms):       2 # Count:    90 # Last called: 2018-04-12 00:44:50.524 # update SEQUENCES set SEQUENCE_VALUE=? where SEQUENCE_KEY=? and SEQUENCE_CUSTOMER_ID=?
# Avg (ms):       0 # Max (ms):       2 # Count:   596 # Last called: 2018-04-12 00:44:57.719 # select * from DB_CONTEXT
# Avg (ms):       0 # Max (ms):       1 # Count:    60 # Last called: 2018-04-12 00:44:57.834 # SELECT * FROM HA_WRITER for update
# Avg (ms):       0 # Max (ms):       1 # Count:    90 # Last called: 2018-04-12 00:44:50.532 # SELECT MODEL_ID, REVISION FROM HA_REVISIONS WHERE MODEL_ID IN ('URM_customerId_1') for update
# Avg (ms):       0 # Max (ms):       2 # Count:   656 # Last called: 2018-04-12 00:44:57.823 # select IS_ACTIVE from CUSTOMER_REGISTRATION where ID=?
# Avg (ms):       0 # Max (ms):       1 # Count:    90 # Last called: 2018-04-12 00:44:50.523 # SELECT SEQUENCE_VALUE FROM SEQUENCES WHERE SEQUENCE_KEY=? and SEQUENCE_CUSTOMER_ID=? for update
# Avg (ms):       0 # Max (ms):       1 # Count:    90 # Last called: 2018-04-12 00:44:50.530 # INSERT INTO URM_RESOURCES_HISTORY (REAL_ID,CUSTOMER_ID,TYPE,RESOURCE_ID,SPEC_VERSION,RESOURCE_NAME,TEXT_DATA,BINARY_DATA,LAST_UPDATED,UPDATED_BY,COMMIT_REVISION, IS_DELETE_EVENT) 
 ( SELECT REAL_ID,CUSTOMER_ID,TYPE,RESOURCE_ID,SPEC_VERSION,RESOURCE_NAME,TEXT_DATA,BINARY_DATA,LAST_UPDATED,UPDATED_BY,COMMIT_REVISION, ?  
 FROM URM_RESOURCES 
 WHERE 1=1  AND REAL_ID in (?) AND TYPE NOT IN ('History_HIST_FAILURE','UI_USER_PREFERENCES','Settings_PROPERTY_SETTING','UI_PROTOCOL_DECORATION','UI_DASHBOARD_SETTINGS'))
