
************************ Statistics from 2018-04-12 00:15:00.011 until 2018-04-12 00:30:00.009 ************************
Operations executed: 2484
Different operation types executed: 11
Operations average time (in millis): 0
The 10 worst operations are:
# Millis:       2 # On: 2018-04-12 00:18:30.500 # SELECT SEQUENCE_VALUE FROM SEQUENCES WHERE SEQUENCE_KEY=? and SEQUENCE_CUSTOMER_ID=? for update
null
# Millis:       2 # On: 2018-04-12 00:22:50.512 # SELECT SEQUENCE_VALUE FROM SEQUENCES WHERE SEQUENCE_KEY=? and SEQUENCE_CUSTOMER_ID=? for update
null
# Millis:       2 # On: 2018-04-12 00:20:00.505 # INSERT INTO URM_RESOURCES_HISTORY (REAL_ID,CUSTOMER_ID,TYPE,RESOURCE_ID,SPEC_VERSION,RESOURCE_NAME,TEXT_DATA,BINARY_DATA,LAST_UPDATED,UPDATED_BY,COMMIT_REVISION, IS_DELETE_EVENT) 
 ( SELECT REAL_ID,CUSTOMER_ID,TYPE,RESOURCE_ID,SPEC_VERSION,RESOURCE_NAME,TEXT_DATA,BINARY_DATA,LAST_UPDATED,UPDATED_BY,COMMIT_REVISION, ?  
 FROM URM_RESOURCES 
 WHERE 1=1  AND REAL_ID in (?) AND TYPE NOT IN ('History_HIST_FAILURE','UI_USER_PREFERENCES','Settings_PROPERTY_SETTING','UI_PROTOCOL_DECORATION','UI_DASHBOARD_SETTINGS'))
null
# Millis:       1 # On: 2018-04-12 00:15:00.505 # INSERT INTO URM_RESOURCES_HISTORY (REAL_ID,CUSTOMER_ID,TYPE,RESOURCE_ID,SPEC_VERSION,RESOURCE_NAME,TEXT_DATA,BINARY_DATA,LAST_UPDATED,UPDATED_BY,COMMIT_REVISION, IS_DELETE_EVENT) 
 ( SELECT REAL_ID,CUSTOMER_ID,TYPE,RESOURCE_ID,SPEC_VERSION,RESOURCE_NAME,TEXT_DATA,BINARY_DATA,LAST_UPDATED,UPDATED_BY,COMMIT_REVISION, ?  
 FROM URM_RESOURCES 
 WHERE 1=1  AND REAL_ID in (?) AND TYPE NOT IN ('History_HIST_FAILURE','UI_USER_PREFERENCES','Settings_PROPERTY_SETTING','UI_PROTOCOL_DECORATION','UI_DASHBOARD_SETTINGS'))
null
# Millis:       1 # On: 2018-04-12 00:15:10.616 # select * from DB_CONTEXT
null
# Millis:       1 # On: 2018-04-12 00:15:10.614 # select * from CUSTOMER_REGISTRATION order by ID
null
# Millis:       1 # On: 2018-04-12 00:15:00.497 # SELECT SEQUENCE_VALUE FROM SEQUENCES WHERE SEQUENCE_KEY=? and SEQUENCE_CUSTOMER_ID=? for update
null
# Millis:       1 # On: 2018-04-12 00:15:12.828 # UPDATE HA_WRITER SET SERVER_ID=?,TIMESTAMP=?,SUGGESTED_SERVER_ID=?,SUGGESTION_TIMESTAMP=?
null
# Millis:       1 # On: 2018-04-12 00:15:00.506 # SELECT MODEL_ID, REVISION FROM HA_REVISIONS WHERE MODEL_ID IN ('URM_customerId_1') for update
null
# Millis:       1 # On: 2018-04-12 00:15:10.622 # select * from DB_CONTEXT
null
 *** All operations statistics ***
# Avg (ms):       0 # Max (ms):       1 # Count:    60 # Last called: 2018-04-12 00:29:57.831 # SELECT * FROM HA_WRITER for update
# Avg (ms):       0 # Max (ms):       1 # Count:    60 # Last called: 2018-04-12 00:29:57.832 # select (cast(sys_extract_utc(systimestamp) as date) - to_date('19700101', 'YYYYMMDD')) * 86400 seconds FROM dual
# Avg (ms):       0 # Max (ms):       1 # Count:   658 # Last called: 2018-04-12 00:29:59.651 # select * from CUSTOMER_REGISTRATION order by ID
# Avg (ms):       0 # Max (ms):       1 # Count:    90 # Last called: 2018-04-12 00:29:50.517 # SELECT MODEL_ID, REVISION FROM HA_REVISIONS WHERE MODEL_ID IN ('URM_customerId_1') for update
# Avg (ms):       0 # Max (ms):       1 # Count:   598 # Last called: 2018-04-12 00:29:59.653 # select * from DB_CONTEXT
# Avg (ms):       0 # Max (ms):       1 # Count:    60 # Last called: 2018-04-12 00:29:57.832 # UPDATE HA_WRITER SET SERVER_ID=?,TIMESTAMP=?,SUGGESTED_SERVER_ID=?,SUGGESTION_TIMESTAMP=?
# Avg (ms):       0 # Max (ms):       2 # Count:    90 # Last called: 2018-04-12 00:29:50.515 # INSERT INTO URM_RESOURCES_HISTORY (REAL_ID,CUSTOMER_ID,TYPE,RESOURCE_ID,SPEC_VERSION,RESOURCE_NAME,TEXT_DATA,BINARY_DATA,LAST_UPDATED,UPDATED_BY,COMMIT_REVISION, IS_DELETE_EVENT) 
 ( SELECT REAL_ID,CUSTOMER_ID,TYPE,RESOURCE_ID,SPEC_VERSION,RESOURCE_NAME,TEXT_DATA,BINARY_DATA,LAST_UPDATED,UPDATED_BY,COMMIT_REVISION, ?  
 FROM URM_RESOURCES 
 WHERE 1=1  AND REAL_ID in (?) AND TYPE NOT IN ('History_HIST_FAILURE','UI_USER_PREFERENCES','Settings_PROPERTY_SETTING','UI_PROTOCOL_DECORATION','UI_DASHBOARD_SETTINGS'))
# Avg (ms):       0 # Max (ms):       1 # Count:   658 # Last called: 2018-04-12 00:29:59.655 # select IS_ACTIVE from CUSTOMER_REGISTRATION where ID=?
# Avg (ms):       0 # Max (ms):       1 # Count:    90 # Last called: 2018-04-12 00:29:50.511 # update SEQUENCES set SEQUENCE_VALUE=? where SEQUENCE_KEY=? and SEQUENCE_CUSTOMER_ID=?
# Avg (ms):       0 # Max (ms):       1 # Count:    30 # Last called: 2018-04-12 00:29:44.956 # SELECT VERSION FROM CONTENT_PACKS ORDER BY VERSION ASC
# Avg (ms):       0 # Max (ms):       2 # Count:    90 # Last called: 2018-04-12 00:29:50.510 # SELECT SEQUENCE_VALUE FROM SEQUENCES WHERE SEQUENCE_KEY=? and SEQUENCE_CUSTOMER_ID=? for update
