
************************ Statistics from 2018-04-12 06:45:00.007 until 2018-04-12 07:00:00.007 ************************
Operations executed: 2478
Different operation types executed: 11
Operations average time (in millis): 0
The 10 worst operations are:
# Millis:       7 # On: 2018-04-12 06:47:27.385 # select * from CUSTOMER_REGISTRATION order by ID
null
# Millis:       6 # On: 2018-04-12 06:47:27.446 # select * from DB_CONTEXT
null
# Millis:       3 # On: 2018-04-12 06:58:59.464 # INSERT INTO URM_RESOURCES_HISTORY (REAL_ID,CUSTOMER_ID,TYPE,RESOURCE_ID,SPEC_VERSION,RESOURCE_NAME,TEXT_DATA,BINARY_DATA,LAST_UPDATED,UPDATED_BY,COMMIT_REVISION, IS_DELETE_EVENT) 
 ( SELECT REAL_ID,CUSTOMER_ID,TYPE,RESOURCE_ID,SPEC_VERSION,RESOURCE_NAME,TEXT_DATA,BINARY_DATA,LAST_UPDATED,UPDATED_BY,COMMIT_REVISION, ?  
 FROM URM_RESOURCES 
 WHERE 1=1  AND REAL_ID in (?) AND TYPE NOT IN ('History_HIST_FAILURE','UI_USER_PREFERENCES','Settings_PROPERTY_SETTING','UI_PROTOCOL_DECORATION','UI_DASHBOARD_SETTINGS'))
null
# Millis:       3 # On: 2018-04-12 06:47:29.448 # INSERT INTO URM_RESOURCES_HISTORY (REAL_ID,CUSTOMER_ID,TYPE,RESOURCE_ID,SPEC_VERSION,RESOURCE_NAME,TEXT_DATA,BINARY_DATA,LAST_UPDATED,UPDATED_BY,COMMIT_REVISION, IS_DELETE_EVENT) 
 ( SELECT REAL_ID,CUSTOMER_ID,TYPE,RESOURCE_ID,SPEC_VERSION,RESOURCE_NAME,TEXT_DATA,BINARY_DATA,LAST_UPDATED,UPDATED_BY,COMMIT_REVISION, ?  
 FROM URM_RESOURCES 
 WHERE 1=1  AND REAL_ID in (?) AND TYPE NOT IN ('History_HIST_FAILURE','UI_USER_PREFERENCES','Settings_PROPERTY_SETTING','UI_PROTOCOL_DECORATION','UI_DASHBOARD_SETTINGS'))
null
# Millis:       3 # On: 2018-04-12 06:47:27.427 # select * from CUSTOMER_REGISTRATION order by ID
null
# Millis:       3 # On: 2018-04-12 06:47:39.439 # SELECT SEQUENCE_VALUE FROM SEQUENCES WHERE SEQUENCE_KEY=? and SEQUENCE_CUSTOMER_ID=? for update
null
# Millis:       3 # On: 2018-04-12 06:53:39.450 # SELECT SEQUENCE_VALUE FROM SEQUENCES WHERE SEQUENCE_KEY=? and SEQUENCE_CUSTOMER_ID=? for update
null
# Millis:       3 # On: 2018-04-12 06:57:56.019 # select * from CUSTOMER_REGISTRATION order by ID
null
# Millis:       2 # On: 2018-04-12 06:45:53.648 # select * from CUSTOMER_REGISTRATION order by ID
null
# Millis:       2 # On: 2018-04-12 06:47:27.465 # select IS_ACTIVE from CUSTOMER_REGISTRATION where ID=?
null
 *** All operations statistics ***
# Avg (ms):       0 # Max (ms):       2 # Count:    90 # Last called: 2018-04-12 06:59:59.461 # update SEQUENCES set SEQUENCE_VALUE=? where SEQUENCE_KEY=? and SEQUENCE_CUSTOMER_ID=?
# Avg (ms):       0 # Max (ms):       3 # Count:    90 # Last called: 2018-04-12 06:59:59.459 # SELECT SEQUENCE_VALUE FROM SEQUENCES WHERE SEQUENCE_KEY=? and SEQUENCE_CUSTOMER_ID=? for update
# Avg (ms):       0 # Max (ms):       7 # Count:   656 # Last called: 2018-04-12 06:59:59.891 # select * from CUSTOMER_REGISTRATION order by ID
# Avg (ms):       0 # Max (ms):       1 # Count:    30 # Last called: 2018-04-12 06:59:35.928 # SELECT VERSION FROM CONTENT_PACKS ORDER BY VERSION ASC
# Avg (ms):       0 # Max (ms):       2 # Count:    90 # Last called: 2018-04-12 06:59:59.469 # SELECT MODEL_ID, REVISION FROM HA_REVISIONS WHERE MODEL_ID IN ('URM_customerId_1') for update
# Avg (ms):       0 # Max (ms):       1 # Count:    60 # Last called: 2018-04-12 06:59:54.353 # UPDATE HA_WRITER SET SERVER_ID=?,TIMESTAMP=?,SUGGESTED_SERVER_ID=?,SUGGESTION_TIMESTAMP=?
# Avg (ms):       0 # Max (ms):       3 # Count:    90 # Last called: 2018-04-12 06:59:59.467 # INSERT INTO URM_RESOURCES_HISTORY (REAL_ID,CUSTOMER_ID,TYPE,RESOURCE_ID,SPEC_VERSION,RESOURCE_NAME,TEXT_DATA,BINARY_DATA,LAST_UPDATED,UPDATED_BY,COMMIT_REVISION, IS_DELETE_EVENT) 
 ( SELECT REAL_ID,CUSTOMER_ID,TYPE,RESOURCE_ID,SPEC_VERSION,RESOURCE_NAME,TEXT_DATA,BINARY_DATA,LAST_UPDATED,UPDATED_BY,COMMIT_REVISION, ?  
 FROM URM_RESOURCES 
 WHERE 1=1  AND REAL_ID in (?) AND TYPE NOT IN ('History_HIST_FAILURE','UI_USER_PREFERENCES','Settings_PROPERTY_SETTING','UI_PROTOCOL_DECORATION','UI_DASHBOARD_SETTINGS'))
# Avg (ms):       0 # Max (ms):       6 # Count:   596 # Last called: 2018-04-12 06:59:59.894 # select * from DB_CONTEXT
# Avg (ms):       0 # Max (ms):       2 # Count:   656 # Last called: 2018-04-12 06:59:59.898 # select IS_ACTIVE from CUSTOMER_REGISTRATION where ID=?
# Avg (ms):       0 # Max (ms):       1 # Count:    60 # Last called: 2018-04-12 06:59:54.352 # SELECT * FROM HA_WRITER for update
# Avg (ms):       0 # Max (ms):       2 # Count:    60 # Last called: 2018-04-12 06:59:54.353 # select (cast(sys_extract_utc(systimestamp) as date) - to_date('19700101', 'YYYYMMDD')) * 86400 seconds FROM dual
