
************************ Statistics from 2018-04-12 02:15:00.004 until 2018-04-12 02:30:00.005 ************************
Operations executed: 1938
Different operation types executed: 4
Operations average time (in millis): 0
The 10 worst operations are:
# Millis:       7 # On: 2018-04-12 02:22:49.183 # select IS_ACTIVE from CUSTOMER_REGISTRATION where ID=?
null
# Millis:       3 # On: 2018-04-12 02:18:23.772 # select IS_ACTIVE from CUSTOMER_REGISTRATION where ID=?
null
# Millis:       3 # On: 2018-04-12 02:23:25.377 # select * from DB_CONTEXT
null
# Millis:       3 # On: 2018-04-12 02:23:07.286 # select IS_ACTIVE from CUSTOMER_REGISTRATION where ID=?
null
# Millis:       3 # On: 2018-04-12 02:25:13.946 # select IS_ACTIVE from CUSTOMER_REGISTRATION where ID=?
null
# Millis:       3 # On: 2018-04-12 02:21:09.647 # select IS_ACTIVE from CUSTOMER_REGISTRATION where ID=?
null
# Millis:       3 # On: 2018-04-12 02:21:57.921 # select * from CUSTOMER_REGISTRATION order by ID
null
# Millis:       2 # On: 2018-04-12 02:16:41.211 # select * from CUSTOMER_REGISTRATION order by ID
null
# Millis:       2 # On: 2018-04-12 02:16:50.264 # select * from CUSTOMER_REGISTRATION order by ID
null
# Millis:       2 # On: 2018-04-12 02:16:38.206 # select IS_ACTIVE from CUSTOMER_REGISTRATION where ID=?
null
 *** All operations statistics ***
# Avg (ms):       0 # Max (ms):       3 # Count:   656 # Last called: 2018-04-12 02:29:57.862 # select * from CUSTOMER_REGISTRATION order by ID
# Avg (ms):       0 # Max (ms):       1 # Count:    30 # Last called: 2018-04-12 02:29:44.986 # SELECT VERSION FROM CONTENT_PACKS ORDER BY VERSION ASC
# Avg (ms):       0 # Max (ms):       7 # Count:   656 # Last called: 2018-04-12 02:29:57.864 # select IS_ACTIVE from CUSTOMER_REGISTRATION where ID=?
# Avg (ms):       0 # Max (ms):       3 # Count:   596 # Last called: 2018-04-12 02:29:57.378 # select * from DB_CONTEXT
