
************************ Statistics from 2018-04-12 01:15:00.023 until 2018-04-12 01:30:00.005 ************************
Operations executed: 2374
Different operation types executed: 11
Operations average time (in millis): 0
The 10 worst operations are:
# Millis:    1284 # On: 2018-04-12 01:16:10.551 # update SEQUENCES set SEQUENCE_VALUE=? where SEQUENCE_KEY=? and SEQUENCE_CUSTOMER_ID=?
null
# Millis:     107 # On: 2018-04-12 01:23:57.857 # SELECT * FROM HA_WRITER for update
null
# Millis:      51 # On: 2018-04-12 01:25:00.558 # SELECT SEQUENCE_VALUE FROM SEQUENCES WHERE SEQUENCE_KEY=? and SEQUENCE_CUSTOMER_ID=? for update
null
# Millis:       8 # On: 2018-04-12 01:24:20.562 # update SEQUENCES set SEQUENCE_VALUE=? where SEQUENCE_KEY=? and SEQUENCE_CUSTOMER_ID=?
null
# Millis:       6 # On: 2018-04-12 01:24:02.554 # select * from DB_CONTEXT
null
# Millis:       5 # On: 2018-04-12 01:24:20.557 # SELECT SEQUENCE_VALUE FROM SEQUENCES WHERE SEQUENCE_KEY=? and SEQUENCE_CUSTOMER_ID=? for update
null
# Millis:       5 # On: 2018-04-12 01:25:20.565 # INSERT INTO URM_RESOURCES_HISTORY (REAL_ID,CUSTOMER_ID,TYPE,RESOURCE_ID,SPEC_VERSION,RESOURCE_NAME,TEXT_DATA,BINARY_DATA,LAST_UPDATED,UPDATED_BY,COMMIT_REVISION, IS_DELETE_EVENT) 
 ( SELECT REAL_ID,CUSTOMER_ID,TYPE,RESOURCE_ID,SPEC_VERSION,RESOURCE_NAME,TEXT_DATA,BINARY_DATA,LAST_UPDATED,UPDATED_BY,COMMIT_REVISION, ?  
 FROM URM_RESOURCES 
 WHERE 1=1  AND REAL_ID in (?) AND TYPE NOT IN ('History_HIST_FAILURE','UI_USER_PREFERENCES','Settings_PROPERTY_SETTING','UI_PROTOCOL_DECORATION','UI_DASHBOARD_SETTINGS'))
null
# Millis:       2 # On: 2018-04-12 01:16:20.560 # SELECT MODEL_ID, REVISION FROM HA_REVISIONS WHERE MODEL_ID IN ('URM_customerId_1') for update
null
# Millis:       2 # On: 2018-04-12 01:24:40.567 # INSERT INTO URM_RESOURCES_HISTORY (REAL_ID,CUSTOMER_ID,TYPE,RESOURCE_ID,SPEC_VERSION,RESOURCE_NAME,TEXT_DATA,BINARY_DATA,LAST_UPDATED,UPDATED_BY,COMMIT_REVISION, IS_DELETE_EVENT) 
 ( SELECT REAL_ID,CUSTOMER_ID,TYPE,RESOURCE_ID,SPEC_VERSION,RESOURCE_NAME,TEXT_DATA,BINARY_DATA,LAST_UPDATED,UPDATED_BY,COMMIT_REVISION, ?  
 FROM URM_RESOURCES 
 WHERE 1=1  AND REAL_ID in (?) AND TYPE NOT IN ('History_HIST_FAILURE','UI_USER_PREFERENCES','Settings_PROPERTY_SETTING','UI_PROTOCOL_DECORATION','UI_DASHBOARD_SETTINGS'))
null
# Millis:       2 # On: 2018-04-12 01:17:20.551 # SELECT SEQUENCE_VALUE FROM SEQUENCES WHERE SEQUENCE_KEY=? and SEQUENCE_CUSTOMER_ID=? for update
null
 *** All operations statistics ***
# Avg (ms):       0 # Max (ms):       1 # Count:   658 # Last called: 2018-04-12 01:29:58.183 # select IS_ACTIVE from CUSTOMER_REGISTRATION where ID=?
# Avg (ms):       0 # Max (ms):       1 # Count:    30 # Last called: 2018-04-12 01:29:44.968 # SELECT VERSION FROM CONTENT_PACKS ORDER BY VERSION ASC
# Avg (ms):       0 # Max (ms):       6 # Count:   598 # Last called: 2018-04-12 01:29:58.181 # select * from DB_CONTEXT
# Avg (ms):       0 # Max (ms):       2 # Count:    72 # Last called: 2018-04-12 01:26:50.571 # SELECT MODEL_ID, REVISION FROM HA_REVISIONS WHERE MODEL_ID IN ('URM_customerId_1') for update
# Avg (ms):       0 # Max (ms):       1 # Count:    47 # Last called: 2018-04-12 01:26:42.847 # UPDATE HA_WRITER SET SERVER_ID=?,TIMESTAMP=?,SUGGESTED_SERVER_ID=?,SUGGESTION_TIMESTAMP=?
# Avg (ms):       0 # Max (ms):       1 # Count:   658 # Last called: 2018-04-12 01:29:58.179 # select * from CUSTOMER_REGISTRATION order by ID
# Avg (ms):       0 # Max (ms):     107 # Count:    47 # Last called: 2018-04-12 01:26:42.846 # SELECT * FROM HA_WRITER for update
# Avg (ms):       0 # Max (ms):       5 # Count:    72 # Last called: 2018-04-12 01:26:50.569 # INSERT INTO URM_RESOURCES_HISTORY (REAL_ID,CUSTOMER_ID,TYPE,RESOURCE_ID,SPEC_VERSION,RESOURCE_NAME,TEXT_DATA,BINARY_DATA,LAST_UPDATED,UPDATED_BY,COMMIT_REVISION, IS_DELETE_EVENT) 
 ( SELECT REAL_ID,CUSTOMER_ID,TYPE,RESOURCE_ID,SPEC_VERSION,RESOURCE_NAME,TEXT_DATA,BINARY_DATA,LAST_UPDATED,UPDATED_BY,COMMIT_REVISION, ?  
 FROM URM_RESOURCES 
 WHERE 1=1  AND REAL_ID in (?) AND TYPE NOT IN ('History_HIST_FAILURE','UI_USER_PREFERENCES','Settings_PROPERTY_SETTING','UI_PROTOCOL_DECORATION','UI_DASHBOARD_SETTINGS'))
# Avg (ms):       0 # Max (ms):    1284 # Count:    72 # Last called: 2018-04-12 01:26:50.561 # update SEQUENCES set SEQUENCE_VALUE=? where SEQUENCE_KEY=? and SEQUENCE_CUSTOMER_ID=?
# Avg (ms):       0 # Max (ms):       1 # Count:    47 # Last called: 2018-04-12 01:26:42.846 # select (cast(sys_extract_utc(systimestamp) as date) - to_date('19700101', 'YYYYMMDD')) * 86400 seconds FROM dual
# Avg (ms):       0 # Max (ms):      51 # Count:    73 # Last called: 2018-04-12 01:27:00.560 # SELECT SEQUENCE_VALUE FROM SEQUENCES WHERE SEQUENCE_KEY=? and SEQUENCE_CUSTOMER_ID=? for update
