
************************ Statistics from 2018-04-12 03:15:00.004 until 2018-04-12 03:30:00.036 ************************
Operations executed: 2273
Different operation types executed: 36
Operations average time (in millis): 4
The 10 worst operations are:
# Millis:     295 # On: 2018-04-12 03:24:54.862 # Class: com.mercury.topaz.cmdb.shared.manage.customer.operation.query.impl.CmdbCustomerQueryGetAllCustomers # CallerApp: UIServer # CustomerID: -2147483648
RequestID: 44cf06511617e050942362b8721774c2 # Name: CmdbCustomerQueryGetAllCustomers
# Millis:      57 # On: 2018-04-12 03:22:20.670 # Class: com.mercury.topaz.cmdb.server.model.operation.command.topology.impl.ModelCommandCalculatePattern # CallerApp: Controller # CustomerID: 1
RequestID: 43dcdefc5cba7e4eb916279d1a0577ef # Name: Model Calculate Pattern:PatternWithClassAndProperties # Verbose: Model Calculate Pattern:PatternWithClassAndProperties
# Millis:      57 # On: 2018-04-12 03:20:30.668 # Class: com.mercury.topaz.cmdb.server.model.operation.command.topology.impl.ModelCommandCalculatePattern # CallerApp: Controller # CustomerID: 1
RequestID: 4b4d9ff8d6de2ad59bcc7e9e5ecf379b # Name: Model Calculate Pattern:PatternWithClassAndProperties # Verbose: Model Calculate Pattern:PatternWithClassAndProperties
# Millis:      55 # On: 2018-04-12 03:22:20.670 # Class: com.mercury.topaz.cmdb.server.systemtql.operation.ModelQueryPerformFirstSystemTqlCalc # CallerApp: Controller # CustomerID: 1
RequestID: 4f4521ceaeaf2e0893cb6ae403198278 # Name: System Tql Model Query First Calc [class name:AbstractReportDefinition is_derived:false properties:(report_type EQUEL '2'  isProperty:false)]
# Millis:      55 # On: 2018-04-12 03:20:30.668 # Class: com.mercury.topaz.cmdb.server.systemtql.operation.ModelQueryPerformFirstSystemTqlCalc # CallerApp: Controller # CustomerID: 1
RequestID: 4538987145b0ee34bc32857e16b1c781 # Name: System Tql Model Query First Calc [class name:AbstractReportDefinition is_derived:false properties:(report_type EQUEL '2'  isProperty:false)]
# Millis:      54 # On: 2018-04-12 03:22:20.670 # Class: com.mercury.topaz.cmdb.server.model.operation.query.impl.ModelQueryGetObjectsByConditionNoObjects # CallerApp: Controller # CustomerID: 1
RequestID: 41ba243ef83a81018440de2aabdd6b5c # Name: Model Query: Get Objects By Condition: class name:AbstractReportDefinition is_derived:false properties:(report_type EQUEL '2'  isProperty:false)
# Millis:      54 # On: 2018-04-12 03:20:30.668 # Class: com.mercury.topaz.cmdb.server.model.operation.query.impl.ModelQueryGetObjectsByConditionNoObjects # CallerApp: Controller # CustomerID: 1
RequestID: 46454a0faf5ac25fbb9d600eb3955487 # Name: Model Query: Get Objects By Condition: class name:AbstractReportDefinition is_derived:false properties:(report_type EQUEL '2'  isProperty:false)
# Millis:      50 # On: 2018-04-12 03:18:40.668 # Class: com.mercury.topaz.cmdb.server.model.operation.command.topology.impl.ModelCommandCalculatePattern # CallerApp: Controller # CustomerID: 1
RequestID: 4e62246a05083d08af4179bf65adb32d # Name: Model Calculate Pattern:PatternWithClassAndProperties # Verbose: Model Calculate Pattern:PatternWithClassAndProperties
# Millis:      47 # On: 2018-04-12 03:25:52.595 # Class: com.mercury.topaz.cmdb.shared.manage.customer.operation.query.impl.CmdbCustomerQueryGetAllCustomers # CallerApp: UIServer # CustomerID: -2147483648
RequestID: 490f6ffaba53bae9937ccca6d0f8df45 # Name: CmdbCustomerQueryGetAllCustomers
# Millis:      46 # On: 2018-04-12 03:16:50.816 # Class: com.mercury.topaz.cmdb.shared.manage.customer.operation.query.impl.CmdbCustomerQueryGetAllCustomers # CallerApp: UIServer # CustomerID: -2147483648
RequestID: 410eac8c7b064fe09ee20d94c08369cc # Name: CmdbCustomerQueryGetAllCustomers
 *** All operations statistics ***
# Avg (ms):      26 # Max (ms):      55 # Count:    90 # Last called: 2018-04-12 03:29:50.677 # Class: com.mercury.topaz.cmdb.server.systemtql.operation.ModelQueryPerformFirstSystemTqlCalc # CallerApp: Controller # CustomerID: 1
# Avg (ms):      24 # Max (ms):      54 # Count:    90 # Last called: 2018-04-12 03:29:50.677 # Class: com.mercury.topaz.cmdb.server.model.operation.query.impl.ModelQueryGetObjectsByConditionNoObjects # CallerApp: Controller # CustomerID: 1
# Avg (ms):      22 # Max (ms):     295 # Count:   297 # Last called: 2018-04-12 03:29:57.651 # Class: com.mercury.topaz.cmdb.shared.manage.customer.operation.query.impl.CmdbCustomerQueryGetAllCustomers # CallerApp: UIServer # CustomerID: -2147483648
# Avg (ms):       1 # Max (ms):       1 # Count:     1 # Last called: 2018-04-12 03:27:15.900 # Class: com.mercury.topaz.cmdb.server.monitors.operation.command.impl.MonitorsCommandCollectInfo # CallerApp: CMDB # CustomerID: -2147483648
# Avg (ms):       0 # Max (ms):       0 # Count:     2 # Last called: 2018-04-12 03:27:15.900 # Class: com.mercury.topaz.cmdb.shared.tql.operation.query.impl.TqlQueryGetPatterns # CallerApp: CMDB # CustomerID: 1
# Avg (ms):       0 # Max (ms):       0 # Count:     4 # Last called: 2018-04-12 03:27:15.900 # Class: com.mercury.topaz.cmdb.shared.manage.customer.operation.query.impl.CmdbCustomerQueryGetLoadedCustomerIDs # CallerApp: CMDB # CustomerID: -2147483648
# Avg (ms):       0 # Max (ms):       1 # Count:    90 # Last called: 2018-04-12 03:29:50.677 # Class: com.hp.ucmdb.authorization.permissions.operation.query.tenants.impl.AuthorizationGetTenantsForGeneralOnResourceOrCIPermittedAction # CallerApp: Controller # CustomerID: 1
# Avg (ms):       0 # Max (ms):       0 # Count:     3 # Last called: 2018-04-12 03:28:08.647 # Class: com.hp.ucmdb.discovery.framework.probe.operations.AutoDiscoveryOperationClearDownloadResourcesCache # CallerApp: Periodic task Resources Cache Clean # CustomerID: 1
# Avg (ms):       0 # Max (ms):       0 # Count:     1 # Last called: 2018-04-12 03:23:08.182 # Class: com.mercury.topaz.cmdb.shared.tql.operation.query.impl.TqlQueryGetPatterns # CallerApp: Periodic task result_repository_passivate_timer # CustomerID: 1
# Avg (ms):       0 # Max (ms):       1 # Count:    90 # Last called: 2018-04-12 03:29:50.707 # Class: com.mercury.topaz.cmdb.server.systemtql.operation.SystemTqlCacheUpdateRemoveSystemTql # CallerApp: Controller # CustomerID: 1
# Avg (ms):       0 # Max (ms):       1 # Count:    90 # Last called: 2018-04-12 03:29:50.677 # Class: com.mercury.topaz.cmdb.server.systemtql.operation.SystemTqlCacheUpdateAddSystemTql # CallerApp: Controller # CustomerID: 1
# Avg (ms):       0 # Max (ms):       1 # Count:    90 # Last called: 2018-04-12 03:29:50.677 # Class: com.mercury.topaz.cmdb.server.systemtql.operation.SystemTqlCacheQueryIsResultUpdated # CallerApp: Controller # CustomerID: 1
# Avg (ms):       0 # Max (ms):       0 # Count:     4 # Last called: 2018-04-12 03:27:15.900 # Class: com.mercury.topaz.cmdb.server.monitors.operation.update.impl.MonitorsUpdateInfoOperation # CallerApp: CMDB # CustomerID: -2147483648
# Avg (ms):       0 # Max (ms):       2 # Count:    90 # Last called: 2018-04-12 03:29:50.706 # Class: com.mercury.topaz.cmdb.server.systemtql.operation.SystemTqlEventsProcessorUpdateFail # CallerApp: Controller # CustomerID: 1
# Avg (ms):       0 # Max (ms):       0 # Count:     1 # Last called: 2018-04-12 03:27:15.900 # Class: com.mercury.topaz.cmdb.shared.manage.quota.operation.query.impl.QuotaQueryGetQuotaAndCountInfo # CallerApp: CMDB # CustomerID: -2147483648
# Avg (ms):       0 # Max (ms):       1 # Count:    90 # Last called: 2018-04-12 03:29:50.677 # Class: com.mercury.topaz.cmdb.server.systemtql.operation.SystemTqlCacheQueryGetGraphSysTQLs # CallerApp: Controller # CustomerID: 1
# Avg (ms):       0 # Max (ms):       0 # Count:     1 # Last called: 2018-04-12 03:23:08.182 # Class: com.mercury.topaz.cmdb.server.tql.operation.command.impl.TqlCommandResultRepositoryPassivation # CallerApp: Periodic task result_repository_passivate_timer # CustomerID: 1
# Avg (ms):       0 # Max (ms):       1 # Count:    90 # Last called: 2018-04-12 03:29:50.677 # Class: com.mercury.topaz.cmdb.server.systemtql.operation.SystemTqlUpdateAddConditionToEventProcessor # CallerApp: Controller # CustomerID: 1
# Avg (ms):       0 # Max (ms):       1 # Count:    90 # Last called: 2018-04-12 03:29:50.677 # Class: com.mercury.topaz.cmdb.shared.tql.operation.query.impl.TqlQueryGetAdHocMap # CallerApp: Controller # CustomerID: 1
# Avg (ms):       0 # Max (ms):       1 # Count:    60 # Last called: 2018-04-12 03:29:53.827 # Class: com.hp.ucmdb.discovery.framework.probe.operations.AutoDiscoveryOperationUpdateResourceLastUpdateTime # CallerApp: Periodic task update discovery resources last update time # CustomerID: 1
# Avg (ms):       0 # Max (ms):       1 # Count:    90 # Last called: 2018-04-12 03:29:58.417 # Class: com.mercury.topaz.cmdb.server.tql.operation.command.impl.TqlCommandResultRepositoryRemoveTemporary # CallerApp: Periodic task result_repository_timer # CustomerID: 1
# Avg (ms):       0 # Max (ms):       1 # Count:    90 # Last called: 2018-04-12 03:29:58.502 # Class: com.mercury.topaz.cmdb.server.base.dispatcher.command.TimerTickCommand # CallerApp: Periodic task Correlation Actions task # CustomerID: 1
# Avg (ms):       0 # Max (ms):       0 # Count:     1 # Last called: 2018-04-12 03:27:15.016 # Class: com.mercury.topaz.cmdb.server.model.operation.query.topology.separation.ModelTopologyQueryGetObjectsCount # CallerApp: CMDB # CustomerID: 1
# Avg (ms):       0 # Max (ms):       1 # Count:     3 # Last called: 2018-04-12 03:28:08.167 # Class: com.hp.ucmdb.widgettracker.operations.CmdbWidgetClearNotificationsCache # CallerApp: Periodic task Cmdb-Widget-Tracker: Clean Notifications Cache Task # CustomerID: 1
# Avg (ms):       0 # Max (ms):       1 # Count:    90 # Last called: 2018-04-12 03:29:50.677 # Class: com.mercury.topaz.cmdb.server.tql.newscheduler.internal.operations.TqlSchedulerOperationGetPatternCompiler # CallerApp: Controller # CustomerID: 1
# Avg (ms):       0 # Max (ms):       1 # Count:    90 # Last called: 2018-04-12 03:29:50.677 # Class: com.mercury.topaz.cmdb.server.model.operation.query.topology.separation.ModelTopologyQueryGetClassesResidenceInfo # CallerApp: Controller # CustomerID: 1
# Avg (ms):       0 # Max (ms):       1 # Count:    90 # Last called: 2018-04-12 03:29:50.677 # Class: com.mercury.topaz.cmdb.server.model.operation.query.topology.memory.ModelMemoryTopologyQueryGetObjectsByType # CallerApp: Controller # CustomerID: 1
# Avg (ms):       0 # Max (ms):       0 # Count:     1 # Last called: 2018-04-12 03:27:15.016 # Class: com.mercury.topaz.cmdb.server.model.operation.query.topology.memory.ModelMemoryTopologyQueryGetObjectsCount # CallerApp: CMDB # CustomerID: 1
# Avg (ms):       0 # Max (ms):       1 # Count:   180 # Last called: 2018-04-12 03:29:50.677 # Class: com.hp.ucmdb.transformation.facade.ModelTransformationServerFacade$GetTransformationModel # CallerApp: Controller # CustomerID: 1
# Avg (ms):       0 # Max (ms):       0 # Count:     1 # Last called: 2018-04-12 03:23:08.287 # Class: com.mercury.topaz.cmdb.server.base.util.cache.operation.CacheUpdateShrink # CallerApp: Periodic task IMPACT_STATE # CustomerID: 1
# Avg (ms):       0 # Max (ms):      57 # Count:   180 # Last called: 2018-04-12 03:29:50.677 # Class: com.mercury.topaz.cmdb.server.model.operation.command.topology.impl.ModelCommandCalculatePattern # CallerApp: Controller # CustomerID: 1
# Avg (ms):       0 # Max (ms):       0 # Count:     1 # Last called: 2018-04-12 03:27:15.016 # Class: com.mercury.topaz.cmdb.server.model.operation.query.topology.separation.ModelTopologyQueryGetCountByTypes # CallerApp: CMDB # CustomerID: 1
# Avg (ms):       0 # Max (ms):       0 # Count:     1 # Last called: 2018-04-12 03:27:15.900 # Class: com.mercury.topaz.cmdb.server.tql.operation.query.impl.TqlQueryGetFailedTqls # CallerApp: CMDB # CustomerID: 1
# Avg (ms):       0 # Max (ms):       0 # Count:     1 # Last called: 2018-04-12 03:27:15.016 # Class: com.mercury.topaz.cmdb.shared.manage.quota.operation.update.impl.QuotaUpdateCollectCounts # CallerApp: CMDB # CustomerID: -2147483648
# Avg (ms):       0 # Max (ms):       1 # Count:    90 # Last called: 2018-04-12 03:29:50.677 # Class: com.mercury.topaz.cmdb.server.tql.operation.command.impl.TqlCommandProcessAdHocCalculate # CallerApp: Controller # CustomerID: 1
# Avg (ms):       0 # Max (ms):       1 # Count:    90 # Last called: 2018-04-12 03:29:50.677 # Class: com.mercury.topaz.cmdb.server.model.operation.query.topology.separation.ModelTopologyQueryGetObjectsByType # CallerApp: Controller # CustomerID: 1
