
************************ Statistics from 2018-04-12 03:30:00.036 until 2018-04-12 03:45:00.010 ************************
Operations executed: 2289
Different operation types executed: 49
Operations average time (in millis): 6
The 10 worst operations are:
# Millis:    3635 # On: 2018-04-12 03:32:40.679 # Class: com.mercury.topaz.cmdb.server.model.operation.command.topology.impl.ModelCommandCalculatePattern # CallerApp: Controller # CustomerID: 1
RequestID: 490a8778cda820caa6fec66cb34bd034 # Name: Model Calculate Pattern:PatternWithClassAndProperties # Verbose: Model Calculate Pattern:PatternWithClassAndProperties
# Millis:    3631 # On: 2018-04-12 03:32:40.680 # Class: com.mercury.topaz.cmdb.server.systemtql.operation.ModelQueryPerformFirstSystemTqlCalc # CallerApp: Controller # CustomerID: 1
RequestID: 4c0e272f7b9522e1a0c21d99518ce614 # Name: System Tql Model Query First Calc [class name:AbstractReportDefinition is_derived:false properties:(report_type EQUEL '2'  isProperty:false)]
# Millis:    3630 # On: 2018-04-12 03:32:40.680 # Class: com.mercury.topaz.cmdb.server.model.operation.query.impl.ModelQueryGetObjectsByConditionNoObjects # CallerApp: Controller # CustomerID: 1
RequestID: 42c244169ead6991888552ab78dc8b8a # Name: Model Query: Get Objects By Condition: class name:AbstractReportDefinition is_derived:false properties:(report_type EQUEL '2'  isProperty:false)
# Millis:    3333 # On: 2018-04-12 03:32:40.999 # Class: com.mercury.topaz.cmdb.shared.manage.customer.operation.query.impl.CmdbCustomerQueryGetAllCustomers # CallerApp: UIServer # CustomerID: -2147483648
RequestID: 4c83b41caa5943699baefe6f9cc5a04e # Name: CmdbCustomerQueryGetAllCustomers
# Millis:      72 # On: 2018-04-12 03:42:10.688 # Class: com.mercury.topaz.cmdb.server.model.operation.command.topology.impl.ModelCommandCalculatePattern # CallerApp: Controller # CustomerID: 1
RequestID: 42615899d7840d4693de43e9c26b76a2 # Name: Model Calculate Pattern:PatternWithClassAndProperties # Verbose: Model Calculate Pattern:PatternWithClassAndProperties
# Millis:      69 # On: 2018-04-12 03:42:10.689 # Class: com.mercury.topaz.cmdb.server.systemtql.operation.ModelQueryPerformFirstSystemTqlCalc # CallerApp: Controller # CustomerID: 1
RequestID: 418eb23708ce44549cc0364bd25370a0 # Name: System Tql Model Query First Calc [class name:AbstractReportDefinition is_derived:false properties:(report_type EQUEL '2'  isProperty:false)]
# Millis:      51 # On: 2018-04-12 03:31:20.678 # Class: com.mercury.topaz.cmdb.server.model.operation.command.topology.impl.ModelCommandCalculatePattern # CallerApp: Controller # CustomerID: 1
RequestID: 42162aee3685c37fbab2a9d354370865 # Name: Model Calculate Pattern:PatternWithClassAndProperties # Verbose: Model Calculate Pattern:PatternWithClassAndProperties
# Millis:      51 # On: 2018-04-12 03:33:10.680 # Class: com.mercury.topaz.cmdb.server.model.operation.command.topology.impl.ModelCommandCalculatePattern # CallerApp: Controller # CustomerID: 1
RequestID: 4933527b38c614cfb2527a02de7ed909 # Name: Model Calculate Pattern:PatternWithClassAndProperties # Verbose: Model Calculate Pattern:PatternWithClassAndProperties
# Millis:      49 # On: 2018-04-12 03:33:10.680 # Class: com.mercury.topaz.cmdb.server.systemtql.operation.ModelQueryPerformFirstSystemTqlCalc # CallerApp: Controller # CustomerID: 1
RequestID: 4bd00cbbf6e7725d9d9a229ccbf633d5 # Name: System Tql Model Query First Calc [class name:AbstractReportDefinition is_derived:false properties:(report_type EQUEL '2'  isProperty:false)]
# Millis:      48 # On: 2018-04-12 03:31:20.679 # Class: com.mercury.topaz.cmdb.server.systemtql.operation.ModelQueryPerformFirstSystemTqlCalc # CallerApp: Controller # CustomerID: 1
RequestID: 45d4b584dc1b9da6ac8da3c1dfe3283b # Name: System Tql Model Query First Calc [class name:AbstractReportDefinition is_derived:false properties:(report_type EQUEL '2'  isProperty:false)]
 *** All operations statistics ***
# Avg (ms):      47 # Max (ms):    3631 # Count:    90 # Last called: 2018-04-12 03:44:50.692 # Class: com.mercury.topaz.cmdb.server.systemtql.operation.ModelQueryPerformFirstSystemTqlCalc # CallerApp: Controller # CustomerID: 1
# Avg (ms):      44 # Max (ms):    3630 # Count:    90 # Last called: 2018-04-12 03:44:50.692 # Class: com.mercury.topaz.cmdb.server.model.operation.query.impl.ModelQueryGetObjectsByConditionNoObjects # CallerApp: Controller # CustomerID: 1
# Avg (ms):      34 # Max (ms):      34 # Count:     1 # Last called: 2018-04-12 03:43:08.124 # Class: com.mercury.topaz.cmdb.server.tql.operation.command.impl.TqlCommandConditionCountWakeUp # CallerApp: Periodic task Tql_Statistics_Manager_Timer # CustomerID: 1
# Avg (ms):      32 # Max (ms):      32 # Count:     1 # Last called: 2018-04-12 03:43:08.124 # Class: com.mercury.topaz.cmdb.server.model.operation.query.topology.separation.ModelTopologyQueryGetCountByTypes # CallerApp: Periodic task Tql_Statistics_Manager_Timer # CustomerID: 1
# Avg (ms):      31 # Max (ms):      31 # Count:     1 # Last called: 2018-04-12 03:43:08.124 # Class: com.mercury.topaz.cmdb.server.model.operation.query.impl.ModelQueryGetInstancesCount # CallerApp: Periodic task Tql_Statistics_Manager_Timer # CustomerID: 1
# Avg (ms):      30 # Max (ms):      30 # Count:     1 # Last called: 2018-04-12 03:43:08.124 # Class: com.mercury.topaz.cmdb.server.model.operation.query.topology.memory.ModelMemoryTopologyQueryGetCIsCountByType # CallerApp: Periodic task Tql_Statistics_Manager_Timer # CustomerID: 1
# Avg (ms):      21 # Max (ms):    3333 # Count:   297 # Last called: 2018-04-12 03:44:59.416 # Class: com.mercury.topaz.cmdb.shared.manage.customer.operation.query.impl.CmdbCustomerQueryGetAllCustomers # CallerApp: UIServer # CustomerID: -2147483648
# Avg (ms):       1 # Max (ms):       1 # Count:     1 # Last called: 2018-04-12 03:42:15.029 # Class: com.mercury.topaz.cmdb.shared.manage.quota.operation.update.impl.QuotaUpdateCollectCounts # CallerApp: CMDB # CustomerID: -2147483648
# Avg (ms):       1 # Max (ms):       1 # Count:     1 # Last called: 2018-04-12 03:42:15.900 # Class: com.mercury.topaz.cmdb.server.monitors.operation.command.impl.MonitorsCommandCollectInfo # CallerApp: CMDB # CustomerID: -2147483648
# Avg (ms):       0 # Max (ms):       0 # Count:     3 # Last called: 2018-04-12 03:43:08.647 # Class: com.hp.ucmdb.discovery.framework.probe.operations.AutoDiscoveryOperationClearDownloadResourcesCache # CallerApp: Periodic task Resources Cache Clean # CustomerID: 1
# Avg (ms):       0 # Max (ms):       1 # Count:    90 # Last called: 2018-04-12 03:44:58.423 # Class: com.mercury.topaz.cmdb.server.tql.operation.command.impl.TqlCommandResultRepositoryRemoveTemporary # CallerApp: Periodic task result_repository_timer # CustomerID: 1
# Avg (ms):       0 # Max (ms):       1 # Count:    90 # Last called: 2018-04-12 03:44:50.692 # Class: com.mercury.topaz.cmdb.server.systemtql.operation.SystemTqlCacheUpdateAddSystemTql # CallerApp: Controller # CustomerID: 1
# Avg (ms):       0 # Max (ms):       0 # Count:     1 # Last called: 2018-04-12 03:33:08.156 # Class: com.hp.ucmdb.tql.tracker.operations.TqlTrackerAddNewTrackersToQueue # CallerApp: Periodic task TQL Tracker task for 1, id name: Default Client # CustomerID: 1
# Avg (ms):       0 # Max (ms):       0 # Count:     3 # Last called: 2018-04-12 03:43:08.168 # Class: com.hp.ucmdb.widgettracker.operations.CmdbWidgetClearNotificationsCache # CallerApp: Periodic task Cmdb-Widget-Tracker: Clean Notifications Cache Task # CustomerID: 1
# Avg (ms):       0 # Max (ms):       1 # Count:   180 # Last called: 2018-04-12 03:44:50.692 # Class: com.hp.ucmdb.transformation.facade.ModelTransformationServerFacade$GetTransformationModel # CallerApp: Controller # CustomerID: 1
# Avg (ms):       0 # Max (ms):       0 # Count:     1 # Last called: 2018-04-12 03:43:08.809 # Class: com.hp.ucmdb.discovery.framework.user.operations.troubleshooter.AutoDiscoveryOperationRemoveIdleTroubleshooters # CallerApp: Periodic task Troubleshooter clean up - Remove idle Troubleshooters # CustomerID: 1
# Avg (ms):       0 # Max (ms):       1 # Count:    90 # Last called: 2018-04-12 03:44:50.692 # Class: com.mercury.topaz.cmdb.server.model.operation.query.topology.memory.ModelMemoryTopologyQueryGetObjectsByType # CallerApp: Controller # CustomerID: 1
# Avg (ms):       0 # Max (ms):       1 # Count:    90 # Last called: 2018-04-12 03:44:50.692 # Class: com.mercury.topaz.cmdb.server.systemtql.operation.SystemTqlUpdateAddConditionToEventProcessor # CallerApp: Controller # CustomerID: 1
# Avg (ms):       0 # Max (ms):       1 # Count:    90 # Last called: 2018-04-12 03:44:50.692 # Class: com.mercury.topaz.cmdb.server.systemtql.operation.SystemTqlCacheQueryIsResultUpdated # CallerApp: Controller # CustomerID: 1
# Avg (ms):       0 # Max (ms):       2 # Count:    90 # Last called: 2018-04-12 03:44:50.720 # Class: com.mercury.topaz.cmdb.server.systemtql.operation.SystemTqlEventsProcessorUpdateFail # CallerApp: Controller # CustomerID: 1
# Avg (ms):       0 # Max (ms):       1 # Count:    90 # Last called: 2018-04-12 03:44:50.692 # Class: com.mercury.topaz.cmdb.server.systemtql.operation.SystemTqlCacheQueryGetGraphSysTQLs # CallerApp: Controller # CustomerID: 1
# Avg (ms):       0 # Max (ms):       1 # Count:    90 # Last called: 2018-04-12 03:44:50.721 # Class: com.mercury.topaz.cmdb.server.systemtql.operation.SystemTqlCacheUpdateRemoveSystemTql # CallerApp: Controller # CustomerID: 1
# Avg (ms):       0 # Max (ms):       0 # Count:     1 # Last called: 2018-04-12 03:42:15.901 # Class: com.mercury.topaz.cmdb.server.tql.operation.query.impl.TqlQueryGetFailedTqls # CallerApp: CMDB # CustomerID: 1
# Avg (ms):       0 # Max (ms):       0 # Count:     2 # Last called: 2018-04-12 03:43:08.182 # Class: com.mercury.topaz.cmdb.shared.tql.operation.query.impl.TqlQueryGetPatterns # CallerApp: Periodic task result_repository_passivate_timer # CustomerID: 1
# Avg (ms):       0 # Max (ms):       1 # Count:    90 # Last called: 2018-04-12 03:44:58.509 # Class: com.mercury.topaz.cmdb.server.base.dispatcher.command.TimerTickCommand # CallerApp: Periodic task Correlation Actions task # CustomerID: 1
# Avg (ms):       0 # Max (ms):    3635 # Count:   180 # Last called: 2018-04-12 03:44:50.692 # Class: com.mercury.topaz.cmdb.server.model.operation.command.topology.impl.ModelCommandCalculatePattern # CallerApp: Controller # CustomerID: 1
# Avg (ms):       0 # Max (ms):       0 # Count:     1 # Last called: 2018-04-12 03:43:08.124 # Class: com.mercury.topaz.cmdb.server.model.operation.query.topology.memory.ModelMemoryTopologyQueryGetObjectsCount # CallerApp: Periodic task Tql_Statistics_Manager_Timer # CustomerID: 1
# Avg (ms):       0 # Max (ms):       1 # Count:     4 # Last called: 2018-04-12 03:42:15.901 # Class: com.mercury.topaz.cmdb.server.monitors.operation.update.impl.MonitorsUpdateInfoOperation # CallerApp: CMDB # CustomerID: -2147483648
# Avg (ms):       0 # Max (ms):       1 # Count:    90 # Last called: 2018-04-12 03:44:50.692 # Class: com.mercury.topaz.cmdb.server.tql.newscheduler.internal.operations.TqlSchedulerOperationGetPatternCompiler # CallerApp: Controller # CustomerID: 1
# Avg (ms):       0 # Max (ms):       0 # Count:     1 # Last called: 2018-04-12 03:33:08.156 # Class: com.hp.ucmdb.tql.tracker.operations.TqlTrackerScheduleTick # CallerApp: Periodic task TQL Tracker task for 1, id name: Default Client # CustomerID: 1
# Avg (ms):       0 # Max (ms):       0 # Count:    90 # Last called: 2018-04-12 03:44:50.692 # Class: com.hp.ucmdb.authorization.permissions.operation.query.tenants.impl.AuthorizationGetTenantsForGeneralOnResourceOrCIPermittedAction # CallerApp: Controller # CustomerID: 1
# Avg (ms):       0 # Max (ms):       0 # Count:     2 # Last called: 2018-04-12 03:43:08.287 # Class: com.mercury.topaz.cmdb.server.base.util.cache.operation.CacheUpdateShrink # CallerApp: Periodic task IMPACT_STATE # CustomerID: 1
# Avg (ms):       0 # Max (ms):       1 # Count:    60 # Last called: 2018-04-12 03:44:53.828 # Class: com.hp.ucmdb.discovery.framework.probe.operations.AutoDiscoveryOperationUpdateResourceLastUpdateTime # CallerApp: Periodic task update discovery resources last update time # CustomerID: 1
# Avg (ms):       0 # Max (ms):       0 # Count:     4 # Last called: 2018-04-12 03:42:15.901 # Class: com.mercury.topaz.cmdb.shared.manage.customer.operation.query.impl.CmdbCustomerQueryGetLoadedCustomerIDs # CallerApp: CMDB # CustomerID: -2147483648
# Avg (ms):       0 # Max (ms):       0 # Count:     1 # Last called: 2018-04-12 03:42:15.900 # Class: com.mercury.topaz.cmdb.shared.manage.quota.operation.query.impl.QuotaQueryGetQuotaAndCountInfo # CallerApp: CMDB # CustomerID: -2147483648
# Avg (ms):       0 # Max (ms):       0 # Count:    90 # Last called: 2018-04-12 03:44:50.692 # Class: com.mercury.topaz.cmdb.server.model.operation.query.topology.separation.ModelTopologyQueryGetClassesResidenceInfo # CallerApp: Controller # CustomerID: 1
# Avg (ms):       0 # Max (ms):       0 # Count:     1 # Last called: 2018-04-12 03:43:08.124 # Class: com.hp.ucmdb.authorization.permissions.operation.query.tenants.impl.AuthorizationGetTenantsForGeneralOnResourceOrCIPermittedAction # CallerApp: Periodic task Tql_Statistics_Manager_Timer # CustomerID: 1
# Avg (ms):       0 # Max (ms):       0 # Count:     1 # Last called: 2018-04-12 03:33:08.156 # Class: com.hp.ucmdb.tql.tracker.operations.TqlTrackerRunQueue # CallerApp: Periodic task TQL Tracker task for 1, id name: Default Client # CustomerID: 1
# Avg (ms):       0 # Max (ms):       0 # Count:     2 # Last called: 2018-04-12 03:42:15.901 # Class: com.mercury.topaz.cmdb.shared.tql.operation.query.impl.TqlQueryGetPatterns # CallerApp: CMDB # CustomerID: 1
# Avg (ms):       0 # Max (ms):       0 # Count:     2 # Last called: 2018-04-12 03:43:08.182 # Class: com.mercury.topaz.cmdb.server.tql.operation.command.impl.TqlCommandResultRepositoryPassivation # CallerApp: Periodic task result_repository_passivate_timer # CustomerID: 1
# Avg (ms):       0 # Max (ms):       2 # Count:    90 # Last called: 2018-04-12 03:44:50.692 # Class: com.mercury.topaz.cmdb.shared.tql.operation.query.impl.TqlQueryGetAdHocMap # CallerApp: Controller # CustomerID: 1
# Avg (ms):       0 # Max (ms):       0 # Count:     1 # Last called: 2018-04-12 03:42:15.029 # Class: com.mercury.topaz.cmdb.server.model.operation.query.topology.memory.ModelMemoryTopologyQueryGetObjectsCount # CallerApp: CMDB # CustomerID: 1
# Avg (ms):       0 # Max (ms):       2 # Count:    90 # Last called: 2018-04-12 03:44:50.692 # Class: com.mercury.topaz.cmdb.server.tql.operation.command.impl.TqlCommandProcessAdHocCalculate # CallerApp: Controller # CustomerID: 1
# Avg (ms):       0 # Max (ms):       0 # Count:     1 # Last called: 2018-04-12 03:43:08.180 # Class: com.mercury.topaz.cmdb.shared.tql.operation.query.impl.TqlQueryGetSchedulerStatistics # CallerApp: Periodic task pattern_statistics_log # CustomerID: 1
# Avg (ms):       0 # Max (ms):       0 # Count:     1 # Last called: 2018-04-12 03:43:08.180 # Class: com.mercury.topaz.cmdb.server.tql.operation.command.impl.TqlWriteStatisticsToLog # CallerApp: Periodic task pattern_statistics_log # CustomerID: 1
# Avg (ms):       0 # Max (ms):       0 # Count:     1 # Last called: 2018-04-12 03:43:08.124 # Class: com.mercury.topaz.cmdb.server.model.operation.query.topology.separation.ModelTopologyQueryGetObjectsCount # CallerApp: Periodic task Tql_Statistics_Manager_Timer # CustomerID: 1
# Avg (ms):       0 # Max (ms):       1 # Count:    90 # Last called: 2018-04-12 03:44:50.692 # Class: com.mercury.topaz.cmdb.server.model.operation.query.topology.separation.ModelTopologyQueryGetObjectsByType # CallerApp: Controller # CustomerID: 1
# Avg (ms):       0 # Max (ms):       0 # Count:     1 # Last called: 2018-04-12 03:42:15.029 # Class: com.mercury.topaz.cmdb.server.model.operation.query.topology.separation.ModelTopologyQueryGetCountByTypes # CallerApp: CMDB # CustomerID: 1
# Avg (ms):       0 # Max (ms):       0 # Count:     1 # Last called: 2018-04-12 03:42:15.029 # Class: com.mercury.topaz.cmdb.server.model.operation.query.topology.separation.ModelTopologyQueryGetObjectsCount # CallerApp: CMDB # CustomerID: 1
