
************************ Statistics from 2018-04-12 02:30:00.002 until 2018-04-12 02:45:00.007 ************************
Operations executed: 2969
Different operation types executed: 47
Operations average time (in millis): 5
The 10 worst operations are:
# Millis:    6273 # On: 2018-04-12 02:40:48.719 # Class: com.mercury.topaz.cmdb.shared.manage.customer.operation.query.impl.CmdbCustomerQueryGetAllCustomers # CallerApp: UIServer # CustomerID: -2147483648
RequestID: 4caf45b7c9d819caa05b30f7bc314a4d # Name: CmdbCustomerQueryGetAllCustomers
# Millis:    4367 # On: 2018-04-12 02:40:50.631 # Class: com.mercury.topaz.cmdb.server.model.operation.command.topology.impl.ModelCommandCalculatePattern # CallerApp: Controller # CustomerID: 1
RequestID: 4265f0c09fa4b1399057d082a7a8d69c # Name: Model Calculate Pattern:PatternWithClassAndProperties # Verbose: Model Calculate Pattern:PatternWithClassAndProperties
# Millis:    4365 # On: 2018-04-12 02:40:50.631 # Class: com.mercury.topaz.cmdb.server.systemtql.operation.ModelQueryPerformFirstSystemTqlCalc # CallerApp: Controller # CustomerID: 1
RequestID: 46d11c5d8e72dd8f82d62d7d908fc8b2 # Name: System Tql Model Query First Calc [class name:AbstractReportDefinition is_derived:false properties:(report_type EQUEL '2'  isProperty:false)]
# Millis:    4364 # On: 2018-04-12 02:40:50.631 # Class: com.mercury.topaz.cmdb.server.model.operation.query.impl.ModelQueryGetObjectsByConditionNoObjects # CallerApp: Controller # CustomerID: 1
RequestID: 439928e8280ce8c0a9ab64aeba5f5603 # Name: Model Query: Get Objects By Condition: class name:AbstractReportDefinition is_derived:false properties:(report_type EQUEL '2'  isProperty:false)
# Millis:      48 # On: 2018-04-12 02:37:50.628 # Class: com.mercury.topaz.cmdb.server.model.operation.command.topology.impl.ModelCommandCalculatePattern # CallerApp: Controller # CustomerID: 1
RequestID: 4340a318cd492db3a6ff2f02db51d6ba # Name: Model Calculate Pattern:PatternWithClassAndProperties # Verbose: Model Calculate Pattern:PatternWithClassAndProperties
# Millis:      46 # On: 2018-04-12 02:37:50.628 # Class: com.mercury.topaz.cmdb.server.systemtql.operation.ModelQueryPerformFirstSystemTqlCalc # CallerApp: Controller # CustomerID: 1
RequestID: 455a7a037b8630e7a209a3e6ba0dacb4 # Name: System Tql Model Query First Calc [class name:AbstractReportDefinition is_derived:false properties:(report_type EQUEL '2'  isProperty:false)]
# Millis:      45 # On: 2018-04-12 02:37:50.628 # Class: com.mercury.topaz.cmdb.server.model.operation.query.impl.ModelQueryGetObjectsByConditionNoObjects # CallerApp: Controller # CustomerID: 1
RequestID: 4d5c6da9f3ca51deb64ba4bb1ef63fcb # Name: Model Query: Get Objects By Condition: class name:AbstractReportDefinition is_derived:false properties:(report_type EQUEL '2'  isProperty:false)
# Millis:      34 # On: 2018-04-12 02:43:50.633 # Class: com.mercury.topaz.cmdb.server.model.operation.command.topology.impl.ModelCommandCalculatePattern # CallerApp: Controller # CustomerID: 1
RequestID: 4dd28b3db3ee2b8c90a3d53187c6a755 # Name: Model Calculate Pattern:PatternWithClassAndProperties # Verbose: Model Calculate Pattern:PatternWithClassAndProperties
# Millis:      31 # On: 2018-04-12 02:43:50.634 # Class: com.mercury.topaz.cmdb.server.systemtql.operation.ModelQueryPerformFirstSystemTqlCalc # CallerApp: Controller # CustomerID: 1
RequestID: 47d8ff2ac923dcf99e230930d172638b # Name: System Tql Model Query First Calc [class name:AbstractReportDefinition is_derived:false properties:(report_type EQUEL '2'  isProperty:false)]
# Millis:      30 # On: 2018-04-12 02:43:50.634 # Class: com.mercury.topaz.cmdb.server.model.operation.query.impl.ModelQueryGetObjectsByConditionNoObjects # CallerApp: Controller # CustomerID: 1
RequestID: 496e38deb984b401a8e4360b5f3d08df # Name: Model Query: Get Objects By Condition: class name:AbstractReportDefinition is_derived:false properties:(report_type EQUEL '2'  isProperty:false)
 *** All operations statistics ***
# Avg (ms):      53 # Max (ms):    4367 # Count:    90 # Last called: 2018-04-12 02:44:50.634 # Class: com.mercury.topaz.cmdb.server.model.operation.command.topology.impl.ModelCommandCalculatePattern # CallerApp: Controller # CustomerID: 1
# Avg (ms):      51 # Max (ms):    4365 # Count:    90 # Last called: 2018-04-12 02:44:50.635 # Class: com.mercury.topaz.cmdb.server.systemtql.operation.ModelQueryPerformFirstSystemTqlCalc # CallerApp: Controller # CustomerID: 1
# Avg (ms):      49 # Max (ms):    4364 # Count:    90 # Last called: 2018-04-12 02:44:50.635 # Class: com.mercury.topaz.cmdb.server.model.operation.query.impl.ModelQueryGetObjectsByConditionNoObjects # CallerApp: Controller # CustomerID: 1
# Avg (ms):       3 # Max (ms):       3 # Count:     1 # Last called: 2018-04-12 02:43:08.124 # Class: com.mercury.topaz.cmdb.server.model.operation.query.impl.ModelQueryGetInstancesCount # CallerApp: Periodic task Tql_Statistics_Manager_Timer # CustomerID: 1
# Avg (ms):       3 # Max (ms):       3 # Count:     1 # Last called: 2018-04-12 02:43:08.124 # Class: com.mercury.topaz.cmdb.server.model.operation.query.topology.separation.ModelTopologyQueryGetCountByTypes # CallerApp: Periodic task Tql_Statistics_Manager_Timer # CustomerID: 1
# Avg (ms):       3 # Max (ms):       3 # Count:     1 # Last called: 2018-04-12 02:43:08.124 # Class: com.mercury.topaz.cmdb.server.tql.operation.command.impl.TqlCommandConditionCountWakeUp # CallerApp: Periodic task Tql_Statistics_Manager_Timer # CustomerID: 1
# Avg (ms):       3 # Max (ms):       3 # Count:     1 # Last called: 2018-04-12 02:43:08.124 # Class: com.mercury.topaz.cmdb.server.model.operation.query.topology.memory.ModelMemoryTopologyQueryGetCIsCountByType # CallerApp: Periodic task Tql_Statistics_Manager_Timer # CustomerID: 1
# Avg (ms):       1 # Max (ms):       8 # Count:   594 # Last called: 2018-04-12 02:44:59.272 # Class: com.mercury.topaz.cmdb.shared.manage.customer.operation.query.impl.CmdbCustomerQueryGetAllCustomerConfigs # CallerApp: UIServer # CustomerID: -2147483648
# Avg (ms):       1 # Max (ms):       1 # Count:     1 # Last called: 2018-04-12 02:42:15.900 # Class: com.mercury.topaz.cmdb.server.monitors.operation.command.impl.MonitorsCommandCollectInfo # CallerApp: CMDB # CustomerID: -2147483648
# Avg (ms):       1 # Max (ms):       1 # Count:     1 # Last called: 2018-04-12 02:33:08.155 # Class: com.hp.ucmdb.tql.tracker.operations.TqlTrackerScheduleTick # CallerApp: Periodic task TQL Tracker task for 1, id name: Default Client # CustomerID: 1
# Avg (ms):       1 # Max (ms):       1 # Count:     1 # Last called: 2018-04-12 02:43:08.015 # Class: com.mercury.topaz.cmdb.server.systemtql.operation.ModelQueryCommandCleanExpiredSystemTqls # CallerApp: Periodic task Clean System TQLs Result Cache # CustomerID: 1
# Avg (ms):       1 # Max (ms):    6273 # Count:   594 # Last called: 2018-04-12 02:44:59.270 # Class: com.mercury.topaz.cmdb.shared.manage.customer.operation.query.impl.CmdbCustomerQueryGetAllCustomers # CallerApp: UIServer # CustomerID: -2147483648
# Avg (ms):       0 # Max (ms):       0 # Count:     1 # Last called: 2018-04-12 02:42:15.003 # Class: com.mercury.topaz.cmdb.server.model.operation.query.topology.separation.ModelTopologyQueryGetCountByTypes # CallerApp: CMDB # CustomerID: 1
# Avg (ms):       0 # Max (ms):       1 # Count:     2 # Last called: 2018-04-12 02:43:08.182 # Class: com.mercury.topaz.cmdb.server.tql.operation.command.impl.TqlCommandResultRepositoryPassivation # CallerApp: Periodic task result_repository_passivate_timer # CustomerID: 1
# Avg (ms):       0 # Max (ms):       1 # Count:    90 # Last called: 2018-04-12 02:44:50.645 # Class: com.mercury.topaz.cmdb.server.systemtql.operation.SystemTqlCacheUpdateRemoveSystemTql # CallerApp: Controller # CustomerID: 1
# Avg (ms):       0 # Max (ms):       1 # Count:     4 # Last called: 2018-04-12 02:42:15.901 # Class: com.mercury.topaz.cmdb.server.monitors.operation.update.impl.MonitorsUpdateInfoOperation # CallerApp: CMDB # CustomerID: -2147483648
# Avg (ms):       0 # Max (ms):       0 # Count:     3 # Last called: 2018-04-12 02:43:08.167 # Class: com.hp.ucmdb.widgettracker.operations.CmdbWidgetClearNotificationsCache # CallerApp: Periodic task Cmdb-Widget-Tracker: Clean Notifications Cache Task # CustomerID: 1
# Avg (ms):       0 # Max (ms):       0 # Count:     1 # Last called: 2018-04-12 02:42:15.901 # Class: com.mercury.topaz.cmdb.server.tql.operation.query.impl.TqlQueryGetFailedTqls # CallerApp: CMDB # CustomerID: 1
# Avg (ms):       0 # Max (ms):       0 # Count:     1 # Last called: 2018-04-12 02:33:08.155 # Class: com.hp.ucmdb.tql.tracker.operations.TqlTrackerRunQueue # CallerApp: Periodic task TQL Tracker task for 1, id name: Default Client # CustomerID: 1
# Avg (ms):       0 # Max (ms):       1 # Count:     3 # Last called: 2018-04-12 02:43:08.647 # Class: com.hp.ucmdb.discovery.framework.probe.operations.AutoDiscoveryOperationClearDownloadResourcesCache # CallerApp: Periodic task Resources Cache Clean # CustomerID: 1
# Avg (ms):       0 # Max (ms):       0 # Count:     1 # Last called: 2018-04-12 02:43:08.809 # Class: com.hp.ucmdb.discovery.framework.user.operations.troubleshooter.AutoDiscoveryOperationRemoveIdleTroubleshooters # CallerApp: Periodic task Troubleshooter clean up - Remove idle Troubleshooters # CustomerID: 1
# Avg (ms):       0 # Max (ms):       1 # Count:    90 # Last called: 2018-04-12 02:44:50.634 # Class: com.hp.ucmdb.transformation.facade.ModelTransformationServerFacade$GetTransformationModel # CallerApp: Controller # CustomerID: 1
# Avg (ms):       0 # Max (ms):       0 # Count:     2 # Last called: 2018-04-12 02:43:08.127 # Class: com.mercury.topaz.cmdb.server.model.operation.query.topology.separation.ModelTopologyQueryGetObjectsCount # CallerApp: Periodic task Tql_Statistics_Manager_Timer # CustomerID: 1
# Avg (ms):       0 # Max (ms):       1 # Count:    90 # Last called: 2018-04-12 02:44:50.635 # Class: com.mercury.topaz.cmdb.server.systemtql.operation.SystemTqlCacheQueryGetGraphSysTQLs # CallerApp: Controller # CustomerID: 1
# Avg (ms):       0 # Max (ms):       1 # Count:    90 # Last called: 2018-04-12 02:44:50.635 # Class: com.mercury.topaz.cmdb.server.systemtql.operation.SystemTqlCacheQueryIsResultUpdated # CallerApp: Controller # CustomerID: 1
# Avg (ms):       0 # Max (ms):       0 # Count:     1 # Last called: 2018-04-12 02:43:08.015 # Class: com.mercury.topaz.cmdb.server.systemtql.operation.SystemTqlCacheQueryGetExpiredSystemTQLs # CallerApp: Periodic task Clean System TQLs Result Cache # CustomerID: 1
# Avg (ms):       0 # Max (ms):       1 # Count:    90 # Last called: 2018-04-12 02:44:50.635 # Class: com.mercury.topaz.cmdb.server.systemtql.operation.SystemTqlUpdateAddConditionToEventProcessor # CallerApp: Controller # CustomerID: 1
# Avg (ms):       0 # Max (ms):       0 # Count:     1 # Last called: 2018-04-12 02:42:15.900 # Class: com.mercury.topaz.cmdb.shared.manage.quota.operation.query.impl.QuotaQueryGetQuotaAndCountInfo # CallerApp: CMDB # CustomerID: -2147483648
# Avg (ms):       0 # Max (ms):       0 # Count:     1 # Last called: 2018-04-12 02:42:15.003 # Class: com.mercury.topaz.cmdb.server.model.operation.query.topology.separation.ModelTopologyQueryGetObjectsCount # CallerApp: CMDB # CustomerID: 1
# Avg (ms):       0 # Max (ms):       1 # Count:    90 # Last called: 2018-04-12 02:44:58.482 # Class: com.mercury.topaz.cmdb.server.base.dispatcher.command.TimerTickCommand # CallerApp: Periodic task Correlation Actions task # CustomerID: 1
# Avg (ms):       0 # Max (ms):       0 # Count:     2 # Last called: 2018-04-12 02:42:15.901 # Class: com.mercury.topaz.cmdb.shared.tql.operation.query.impl.TqlQueryGetPatterns # CallerApp: CMDB # CustomerID: 1
# Avg (ms):       0 # Max (ms):       1 # Count:     2 # Last called: 2018-04-12 02:43:08.182 # Class: com.mercury.topaz.cmdb.shared.tql.operation.query.impl.TqlQueryGetPatterns # CallerApp: Periodic task result_repository_passivate_timer # CustomerID: 1
# Avg (ms):       0 # Max (ms):       1 # Count:   594 # Last called: 2018-04-12 02:44:59.273 # Class: com.mercury.topaz.cmdb.shared.manage.customer.operation.query.impl.CmdbCustomerQueryGetAllCustomerStates # CallerApp: UIServer # CustomerID: -2147483648
# Avg (ms):       0 # Max (ms):       1 # Count:    90 # Last called: 2018-04-12 02:44:58.388 # Class: com.mercury.topaz.cmdb.server.tql.operation.command.impl.TqlCommandResultRepositoryRemoveTemporary # CallerApp: Periodic task result_repository_timer # CustomerID: 1
# Avg (ms):       0 # Max (ms):       1 # Count:    90 # Last called: 2018-04-12 02:44:50.635 # Class: com.mercury.topaz.cmdb.server.systemtql.operation.SystemTqlCacheUpdateAddSystemTql # CallerApp: Controller # CustomerID: 1
# Avg (ms):       0 # Max (ms):       0 # Count:     1 # Last called: 2018-04-12 02:43:08.127 # Class: com.mercury.topaz.cmdb.server.model.operation.command.topology.impl.ModelQueryGatherConnectivityStatistics # CallerApp: Periodic task Tql_Statistics_Manager_Timer # CustomerID: 1
# Avg (ms):       0 # Max (ms):       0 # Count:     1 # Last called: 2018-04-12 02:42:15.003 # Class: com.mercury.topaz.cmdb.shared.manage.quota.operation.update.impl.QuotaUpdateCollectCounts # CallerApp: CMDB # CustomerID: -2147483648
# Avg (ms):       0 # Max (ms):       2 # Count:    90 # Last called: 2018-04-12 02:44:50.644 # Class: com.mercury.topaz.cmdb.server.systemtql.operation.SystemTqlEventsProcessorUpdateFail # CallerApp: Controller # CustomerID: 1
# Avg (ms):       0 # Max (ms):       0 # Count:     2 # Last called: 2018-04-12 02:43:08.127 # Class: com.mercury.topaz.cmdb.server.model.operation.query.topology.memory.ModelMemoryTopologyQueryGetObjectsCount # CallerApp: Periodic task Tql_Statistics_Manager_Timer # CustomerID: 1
# Avg (ms):       0 # Max (ms):       0 # Count:     1 # Last called: 2018-04-12 02:43:08.179 # Class: com.mercury.topaz.cmdb.server.tql.operation.command.impl.TqlWriteStatisticsToLog # CallerApp: Periodic task pattern_statistics_log # CustomerID: 1
# Avg (ms):       0 # Max (ms):       0 # Count:     4 # Last called: 2018-04-12 02:42:15.901 # Class: com.mercury.topaz.cmdb.shared.manage.customer.operation.query.impl.CmdbCustomerQueryGetLoadedCustomerIDs # CallerApp: CMDB # CustomerID: -2147483648
# Avg (ms):       0 # Max (ms):       0 # Count:     1 # Last called: 2018-04-12 02:42:15.003 # Class: com.mercury.topaz.cmdb.server.model.operation.query.topology.memory.ModelMemoryTopologyQueryGetObjectsCount # CallerApp: CMDB # CustomerID: 1
# Avg (ms):       0 # Max (ms):       0 # Count:     1 # Last called: 2018-04-12 02:43:08.179 # Class: com.mercury.topaz.cmdb.shared.tql.operation.query.impl.TqlQueryGetSchedulerStatistics # CallerApp: Periodic task pattern_statistics_log # CustomerID: 1
# Avg (ms):       0 # Max (ms):       0 # Count:     2 # Last called: 2018-04-12 02:43:08.286 # Class: com.mercury.topaz.cmdb.server.base.util.cache.operation.CacheUpdateShrink # CallerApp: Periodic task IMPACT_STATE # CustomerID: 1
# Avg (ms):       0 # Max (ms):       0 # Count:     1 # Last called: 2018-04-12 02:33:08.155 # Class: com.hp.ucmdb.tql.tracker.operations.TqlTrackerAddNewTrackersToQueue # CallerApp: Periodic task TQL Tracker task for 1, id name: Default Client # CustomerID: 1
# Avg (ms):       0 # Max (ms):       0 # Count:     1 # Last called: 2018-04-12 02:43:08.124 # Class: com.hp.ucmdb.authorization.permissions.operation.query.tenants.impl.AuthorizationGetTenantsForGeneralOnResourceOrCIPermittedAction # CallerApp: Periodic task Tql_Statistics_Manager_Timer # CustomerID: 1
# Avg (ms):       0 # Max (ms):       1 # Count:    60 # Last called: 2018-04-12 02:44:53.814 # Class: com.hp.ucmdb.discovery.framework.probe.operations.AutoDiscoveryOperationUpdateResourceLastUpdateTime # CallerApp: Periodic task update discovery resources last update time # CustomerID: 1
