
************************ Statistics from 2018-04-12 06:42:04.888 until 2018-04-12 06:45:00.032 ************************
Operations executed: 529
Different operation types executed: 57
Operations average time (in millis): 26
The 10 worst operations are:
# Millis:    2159 # On: 2018-04-12 06:44:27.260 # Class: appilog.framework.shared.core.operation.query.impl.CoreOperationGetCombinedLicense # CallerApp: Controller # CustomerID: 1
RequestID: 43db63e16e1e93eea7652c67824cc4ec # Name: CoreOperationGetCombinedLicense
# Millis:    1441 # On: 2018-04-12 06:44:27.354 # Class: com.mercury.topaz.cmdb.server.model.operation.command.topology.impl.ModelCommandCalculatePattern # CallerApp: Controller # CustomerID: 1
RequestID: 4c8eb54e71af4454a561095f359e9d0f # Name: Model Calculate Pattern:PatternWithClassAndProperties # Verbose: Model Calculate Pattern:PatternWithClassAndProperties
# Millis:    1312 # On: 2018-04-12 06:44:27.479 # Class: com.mercury.topaz.cmdb.server.systemtql.operation.ModelQueryPerformFirstSystemTqlCalc # CallerApp: Controller # CustomerID: 1
RequestID: 4a8b9c25c843e2638ec4ccc2bc0eb8d9 # Name: System Tql Model Query First Calc [class name:AbstractReportDefinition is_derived:false properties:(report_type EQUEL '2'  isProperty:false)]
# Millis:    1307 # On: 2018-04-12 06:44:27.482 # Class: com.mercury.topaz.cmdb.server.model.operation.query.impl.ModelQueryGetObjectsByConditionNoObjects # CallerApp: Controller # CustomerID: 1
RequestID: 40fda40b8592496db1b3464a1a9b26bd # Name: Model Query: Get Objects By Condition: class name:AbstractReportDefinition is_derived:false properties:(report_type EQUEL '2'  isProperty:false)
# Millis:    1208 # On: 2018-04-12 06:44:27.530 # Class: com.mercury.topaz.cmdb.shared.tql.operation.query.impl.TqlQueryGetAdHocMap # CallerApp: Controller # CustomerID: 1
RequestID: 487080be295be3bc939cda077bdc15fa # Name: Tql Query: Get Ad Hoc Map (By Pattern ID). Pattern [IntegrationAndAdapterTriggerCiPattern]
# Millis:    1198 # On: 2018-04-12 06:44:27.538 # Class: com.mercury.topaz.cmdb.server.tql.operation.command.impl.TqlCommandProcessAdHocCalculate # CallerApp: Controller # CustomerID: 1
RequestID: 4acb6ee83f58424aaf68b5e975e4805f # Name: Tql Command: Process AdHoc Calculate # Verbose: Tql Command: Process AdHoc Calculate
# Millis:    1195 # On: 2018-04-12 06:44:27.538 # Class: com.mercury.topaz.cmdb.server.model.operation.command.topology.impl.ModelCommandCalculatePattern # CallerApp: Controller # CustomerID: 1
RequestID: 4787eeda5b24853ab39fbb98d9b60dbf # Name: Model Calculate Pattern:IntegrationAndAdapterTriggerCiPattern # Verbose: Model Calculate Pattern:IntegrationAndAdapterTriggerCiPattern
# Millis:    1111 # On: 2018-04-12 06:44:27.616 # Class: com.mercury.topaz.cmdb.server.systemtql.operation.ModelQueryPerformFirstSystemTqlCalc # CallerApp: Controller # CustomerID: 1
RequestID: 4aa8772fb31283aca645f4932225a876 # Name: System Tql Model Query First Calc [class name:adapter_config is_derived:true properties:(adapter_id EQUEL 'TriggerCiAdapter'  isProperty:false)]
# Millis:    1107 # On: 2018-04-12 06:44:27.616 # Class: com.mercury.topaz.cmdb.server.model.operation.query.impl.ModelQueryGetObjectsByConditionNoObjects # CallerApp: Controller # CustomerID: 1
RequestID: 44b5475b4979d34a9bf11753d8021aaa # Name: Model Query: Get Objects By Condition: class name:adapter_config is_derived:true properties:(adapter_id EQUEL 'TriggerCiAdapter'  isProperty:false)
# Millis:     175 # On: 2018-04-12 06:44:27.312 # Class: com.mercury.topaz.cmdb.shared.tql.operation.query.impl.TqlQueryGetAdHocGraph # CallerApp: Controller # CustomerID: 1
RequestID: 485045348af12b05aab341449d7c11e9 # Name: Tql Query: Get Ad Hoc Graph (By Pattern ID). Pattern [Load model notification definitions tql]
 *** All operations statistics ***
# Avg (ms):    2159 # Max (ms):    2159 # Count:     1 # Last called: 2018-04-12 06:44:27.260 # Class: appilog.framework.shared.core.operation.query.impl.CoreOperationGetCombinedLicense # CallerApp: Controller # CustomerID: 1
# Avg (ms):     259 # Max (ms):    1312 # Count:    10 # Last called: 2018-04-12 06:44:59.559 # Class: com.mercury.topaz.cmdb.server.systemtql.operation.ModelQueryPerformFirstSystemTqlCalc # CallerApp: Controller # CustomerID: 1
# Avg (ms):     250 # Max (ms):    1307 # Count:    10 # Last called: 2018-04-12 06:44:59.559 # Class: com.mercury.topaz.cmdb.server.model.operation.query.impl.ModelQueryGetObjectsByConditionNoObjects # CallerApp: Controller # CustomerID: 1
# Avg (ms):     180 # Max (ms):    1441 # Count:    17 # Last called: 2018-04-12 06:44:59.557 # Class: com.mercury.topaz.cmdb.server.model.operation.command.topology.impl.ModelCommandCalculatePattern # CallerApp: Controller # CustomerID: 1
# Avg (ms):     175 # Max (ms):     175 # Count:     1 # Last called: 2018-04-12 06:44:27.312 # Class: com.mercury.topaz.cmdb.shared.tql.operation.query.impl.TqlQueryGetAdHocGraph # CallerApp: Controller # CustomerID: 1
# Avg (ms):     143 # Max (ms):    1208 # Count:    11 # Last called: 2018-04-12 06:44:59.550 # Class: com.mercury.topaz.cmdb.shared.tql.operation.query.impl.TqlQueryGetAdHocMap # CallerApp: Controller # CustomerID: 1
# Avg (ms):     123 # Max (ms):    1198 # Count:    12 # Last called: 2018-04-12 06:44:59.557 # Class: com.mercury.topaz.cmdb.server.tql.operation.command.impl.TqlCommandProcessAdHocCalculate # CallerApp: Controller # CustomerID: 1
# Avg (ms):      32 # Max (ms):      32 # Count:     1 # Last called: 2018-04-12 06:44:26.382 # Class: com.mercury.topaz.cmdb.shared.classmodel.operation.update.impl.cmdbclass.ClassModelUpdateCreateOrUpdateCmdbClasses # CallerApp: Controller # CustomerID: 1
# Avg (ms):      14 # Max (ms):      14 # Count:     1 # Last called: 2018-04-12 06:44:27.547 # Class: com.mercury.topaz.cmdb.server.model.operation.query.impl.IsCostEstimationSupported # CallerApp: Controller # CustomerID: 1
# Avg (ms):      13 # Max (ms):      22 # Count:     3 # Last called: 2018-04-12 06:44:27.589 # Class: com.mercury.topaz.cmdb.server.model.operation.query.topology.separation.ModelTopologyQueryGetCountByTypes # CallerApp: Controller # CustomerID: 1
# Avg (ms):      12 # Max (ms):      12 # Count:     1 # Last called: 2018-04-12 06:44:27.633 # Class: com.hp.ucmdb.discovery.framework.user.operations.AutoDiscoveryOperationGetDependencyConceptsConfiguration # CallerApp: Controller # CustomerID: 1
# Avg (ms):      11 # Max (ms):      11 # Count:     1 # Last called: 2018-04-12 06:44:27.593 # Class: com.mercury.topaz.cmdb.server.model.operation.query.impl.ModelQueryGetInstancesCount # CallerApp: Controller # CustomerID: 1
# Avg (ms):      10 # Max (ms):      10 # Count:     1 # Last called: 2018-04-12 06:44:27.254 # Class: com.mercury.topaz.cmdb.shared.tql.operation.query.impl.TqlQueryGetPatterns # CallerApp: Controller # CustomerID: 1
# Avg (ms):      10 # Max (ms):      10 # Count:     1 # Last called: 2018-04-12 06:44:26.728 # Class: appilog.framework.shared.core.operation.query.impl.CoreGlobalOperationVerifySensitiveSetting # CallerApp: CheckSensitiveSettingsEncryption # CustomerID: -2147483648
# Avg (ms):       9 # Max (ms):       9 # Count:     1 # Last called: 2018-04-12 06:44:27.594 # Class: com.mercury.topaz.cmdb.server.model.operation.query.topology.memory.ModelMemoryTopologyQueryGetCIsCountByType # CallerApp: Controller # CustomerID: 1
# Avg (ms):       7 # Max (ms):       7 # Count:     1 # Last called: 2018-04-12 06:44:26.378 # Class: com.mercury.topaz.cmdb.shared.classmodel.operation.update.impl.ClassModelUpdateClassModelDestinationsConfig # CallerApp: Controller # CustomerID: 1
# Avg (ms):       6 # Max (ms):       6 # Count:     1 # Last called: 2018-04-12 06:44:26.729 # Class: com.mercury.topaz.cmdb.shared.manage.customer.operation.query.impl.CmdbCustomerQueryGetAllCustomers # CallerApp: appilog.framework.shared.core.operation.query.impl.CoreGlobalOperationVerifySensitiveSetting # CustomerID: -2147483648
# Avg (ms):       4 # Max (ms):       4 # Count:     1 # Last called: 2018-04-12 06:44:29.420 # Class: com.mercury.topaz.cmdb.shared.manage.customer.operation.query.impl.CmdbCustomerQueryGetAllCustomers # CallerApp: Controller # CustomerID: 1
# Avg (ms):       4 # Max (ms):       4 # Count:     1 # Last called: 2018-04-12 06:44:27.559 # Class: com.mercury.topaz.cmdb.shared.enrichment.definition.operation.query.impl.EnrichmentQueryGetEnrichmentDefinitions # CallerApp: Controller # CustomerID: 1
# Avg (ms):       4 # Max (ms):       7 # Count:     2 # Last called: 2018-04-12 06:44:27.588 # Class: com.mercury.topaz.cmdb.server.model.operation.query.topology.separation.ModelTopologyQueryGetObjectsCount # CallerApp: Controller # CustomerID: 1
# Avg (ms):       3 # Max (ms):       3 # Count:     1 # Last called: 2018-04-12 06:44:27.553 # Class: com.mercury.topaz.cmdb.shared.grouping.operation.query.ResourceGroupingQueryGetAllResourceBundleNames # CallerApp: Controller # CustomerID: 1
# Avg (ms):       3 # Max (ms):       6 # Count:     2 # Last called: 2018-04-12 06:44:27.589 # Class: com.mercury.topaz.cmdb.server.model.operation.query.topology.memory.ModelMemoryTopologyQueryGetObjectsCount # CallerApp: Controller # CustomerID: 1
# Avg (ms):       3 # Max (ms):     163 # Count:    84 # Last called: 2018-04-12 06:44:59.182 # Class: com.mercury.topaz.cmdb.shared.manage.customer.operation.query.impl.CmdbCustomerQueryGetAllCustomers # CallerApp: UIServer # CustomerID: -2147483648
# Avg (ms):       2 # Max (ms):      74 # Count:    84 # Last called: 2018-04-12 06:44:59.186 # Class: com.mercury.topaz.cmdb.shared.manage.customer.operation.query.impl.CmdbCustomerQueryGetAllCustomerConfigs # CallerApp: UIServer # CustomerID: -2147483648
# Avg (ms):       2 # Max (ms):       9 # Count:     4 # Last called: 2018-04-12 06:44:27.627 # Class: com.mercury.topaz.cmdb.shared.notification.operation.command.impl.DeploymentCommandRegisterCorseGrainedListener # CallerApp: Controller # CustomerID: 1
# Avg (ms):       2 # Max (ms):       2 # Count:     1 # Last called: 2018-04-12 06:44:26.392 # Class: com.mercury.topaz.cmdb.shared.notification.operation.command.impl.DeploymentCommandPublishChanges # CallerApp: Controller # CustomerID: 1
# Avg (ms):       1 # Max (ms):       3 # Count:    10 # Last called: 2018-04-12 06:44:59.573 # Class: com.mercury.topaz.cmdb.server.systemtql.operation.SystemTqlEventsProcessorUpdateFail # CallerApp: Controller # CustomerID: 1
# Avg (ms):       1 # Max (ms):       2 # Count:     2 # Last called: 2018-04-12 06:44:27.276 # Class: com.mercury.topaz.cmdb.shared.manage.quota.operation.update.impl.QuotaUpdateAddCustomerQuotaInfo # CallerApp: CMDB # CustomerID: -2147483648
# Avg (ms):       1 # Max (ms):       1 # Count:     1 # Last called: 2018-04-12 06:44:27.488 # Class: com.mercury.topaz.cmdb.shared.notification.operation.command.impl.DeploymentCommandRegisterCorseGrainedListener # CallerApp: CMDB # CustomerID: 1
# Avg (ms):       1 # Max (ms):      22 # Count:    10 # Last called: 2018-04-12 06:44:59.558 # Class: com.mercury.topaz.cmdb.server.systemtql.operation.SystemTqlUpdateAddConditionToEventProcessor # CallerApp: Controller # CustomerID: 1
# Avg (ms):       1 # Max (ms):       3 # Count:     2 # Last called: 2018-04-12 06:44:27.276 # Class: com.mercury.topaz.cmdb.shared.manage.quota.operation.update.impl.QuotaUpdateAddCountHandler # CallerApp: CMDB # CustomerID: -2147483648
# Avg (ms):       1 # Max (ms):       1 # Count:     1 # Last called: 2018-04-12 06:44:27.154 # Class: com.mercury.topaz.cmdb.server.model.operation.command.topology.impl.ModelQueryGatherConnectivityStatistics # CallerApp: Controller # CustomerID: 1
# Avg (ms):       1 # Max (ms):       1 # Count:     1 # Last called: 2018-04-12 06:44:27.581 # Class: com.mercury.topaz.cmdb.shared.enrichment.calculator.operation.command.impl.EnrichmentsCommandCalculator # CallerApp: Controller # CustomerID: 1
# Avg (ms):       0 # Max (ms):       5 # Count:     7 # Last called: 2018-04-12 06:44:27.680 # Class: com.mercury.topaz.cmdb.shared.notification.operation.command.impl.DeploymentCommandRegisterFineGrainedListener # CallerApp: Controller # CustomerID: 1
# Avg (ms):       0 # Max (ms):       2 # Count:     7 # Last called: 2018-04-12 06:44:59.428 # Class: com.mercury.topaz.cmdb.server.model.operation.query.topology.memory.ModelMemoryTopologyQueryGetObjectsByType # CallerApp: Controller # CustomerID: 1
# Avg (ms):       0 # Max (ms):       3 # Count:     7 # Last called: 2018-04-12 06:44:59.428 # Class: com.mercury.topaz.cmdb.server.model.operation.query.topology.separation.ModelTopologyQueryGetObjectsByType # CallerApp: Controller # CustomerID: 1
# Avg (ms):       0 # Max (ms):       1 # Count:    10 # Last called: 2018-04-12 06:44:59.557 # Class: com.mercury.topaz.cmdb.server.systemtql.operation.SystemTqlCacheQueryGetGraphSysTQLs # CallerApp: Controller # CustomerID: 1
# Avg (ms):       0 # Max (ms):       1 # Count:     3 # Last called: 2018-04-12 06:44:57.338 # Class: com.mercury.topaz.cmdb.server.base.dispatcher.command.TimerTickCommand # CallerApp: Periodic task Correlation Actions task # CustomerID: 1
# Avg (ms):       0 # Max (ms):       1 # Count:     4 # Last called: 2018-04-12 06:44:27.557 # Class: com.mercury.topaz.cmdb.shared.classmodel.operation.command.impl.RegisterClassModelChangesValidator # CallerApp: Controller # CustomerID: 1
# Avg (ms):       0 # Max (ms):       1 # Count:     2 # Last called: 2018-04-12 06:44:27.279 # Class: com.mercury.topaz.cmdb.server.monitors.operation.command.impl.MonitorsCommandAddCollectors # CallerApp: CMDB # CustomerID: -2147483648
# Avg (ms):       0 # Max (ms):       1 # Count:     6 # Last called: 2018-04-12 06:44:27.987 # Class: com.mercury.topaz.cmdb.shared.manage.customer.operation.query.impl.CmdbCustomerQueryGetDbContext # CallerApp: MAM_AutoDiscovery # CustomerID: 1
# Avg (ms):       0 # Max (ms):       0 # Count:    10 # Last called: 2018-04-12 06:44:59.558 # Class: com.mercury.topaz.cmdb.server.systemtql.operation.SystemTqlCacheQueryIsResultUpdated # CallerApp: Controller # CustomerID: 1
# Avg (ms):       0 # Max (ms):       1 # Count:     2 # Last called: 2018-04-12 06:42:54.618 # Class: com.mercury.topaz.cmdb.server.manage.cm.CMGetConfigurationTimestampOperation # CallerApp: UCMDB # CustomerID: 1
# Avg (ms):       0 # Max (ms):       1 # Count:     2 # Last called: 2018-04-12 06:44:27.279 # Class: com.mercury.topaz.cmdb.server.monitors.operation.update.impl.MonitorsUpdateAddInfosOperation # CallerApp: CMDB # CustomerID: -2147483648
# Avg (ms):       0 # Max (ms):       2 # Count:    84 # Last called: 2018-04-12 06:44:59.190 # Class: com.mercury.topaz.cmdb.shared.manage.customer.operation.query.impl.CmdbCustomerQueryGetAllCustomerStates # CallerApp: UIServer # CustomerID: -2147483648
# Avg (ms):       0 # Max (ms):       5 # Count:    18 # Last called: 2018-04-12 06:42:54.372 # Class: appilog.framework.shared.core.operation.query.impl.CoreGlobalOperationGetSetting # CallerApp: UCMDB # CustomerID: 1
# Avg (ms):       0 # Max (ms):       5 # Count:    10 # Last called: 2018-04-12 06:44:59.558 # Class: com.mercury.topaz.cmdb.server.systemtql.operation.SystemTqlCacheUpdateAddSystemTql # CallerApp: Controller # CustomerID: 1
# Avg (ms):       0 # Max (ms):       0 # Count:     1 # Last called: 2018-04-12 06:44:27.073 # Class: com.mercury.topaz.cmdb.shared.classmodel.operation.command.impl.RegisterClassModelOperationValidatorCommand # CallerApp: Controller # CustomerID: 1
# Avg (ms):       0 # Max (ms):       2 # Count:    17 # Last called: 2018-04-12 06:44:59.553 # Class: com.hp.ucmdb.transformation.facade.ModelTransformationServerFacade$GetTransformationModel # CallerApp: Controller # CustomerID: 1
# Avg (ms):       0 # Max (ms):       1 # Count:    12 # Last called: 2018-04-12 06:44:59.552 # Class: com.mercury.topaz.cmdb.server.tql.newscheduler.internal.operations.TqlSchedulerOperationGetPatternCompiler # CallerApp: Controller # CustomerID: 1
# Avg (ms):       0 # Max (ms):       1 # Count:     3 # Last called: 2018-04-12 06:44:57.242 # Class: com.mercury.topaz.cmdb.server.tql.operation.command.impl.TqlCommandResultRepositoryRemoveTemporary # CallerApp: Periodic task result_repository_timer # CustomerID: 1
# Avg (ms):       0 # Max (ms):       1 # Count:    11 # Last called: 2018-04-12 06:44:59.428 # Class: com.mercury.topaz.cmdb.server.model.operation.query.topology.separation.ModelTopologyQueryGetClassesResidenceInfo # CallerApp: Controller # CustomerID: 1
# Avg (ms):       0 # Max (ms):       1 # Count:     2 # Last called: 2018-04-12 06:44:27.665 # Class: com.mercury.topaz.cmdb.shared.tql.operation.update.impl.TqlUpdatePatternRegister # CallerApp: Controller # CustomerID: 1
# Avg (ms):       0 # Max (ms):       0 # Count:     2 # Last called: 2018-04-12 06:44:57.694 # Class: com.hp.ucmdb.discovery.framework.probe.operations.AutoDiscoveryOperationUpdateResourceLastUpdateTime # CallerApp: Periodic task update discovery resources last update time # CustomerID: 1
# Avg (ms):       0 # Max (ms):       5 # Count:    13 # Last called: 2018-04-12 06:44:59.553 # Class: com.hp.ucmdb.authorization.permissions.operation.query.tenants.impl.AuthorizationGetTenantsForGeneralOnResourceOrCIPermittedAction # CallerApp: Controller # CustomerID: 1
# Avg (ms):       0 # Max (ms):       3 # Count:     5 # Last called: 2018-04-12 06:44:59.546 # Class: com.hp.ucmdb.manage.config.ConfigUpdateCacheSetClassesCapabilities # CallerApp: Controller # CustomerID: 1
# Avg (ms):       0 # Max (ms):       2 # Count:    10 # Last called: 2018-04-12 06:44:59.575 # Class: com.mercury.topaz.cmdb.server.systemtql.operation.SystemTqlCacheUpdateRemoveSystemTql # CallerApp: Controller # CustomerID: 1
