
************************ Statistics from 2018-04-12 06:00:00.011 until 2018-04-12 06:15:00.006 ************************
Operations executed: 5127
Different operation types executed: 43
Operations average time (in millis): 0
The 10 worst operations are:
# Millis:      42 # On: 2018-04-12 06:01:20.842 # Class: com.mercury.topaz.cmdb.shared.tql.operation.query.impl.TqlQueryGetAdHocMap # CallerApp: Controller # CustomerID: 1
RequestID: 409912505bfdf474b6dbb92936f73cb8 # Name: Tql Query: Get Ad Hoc Map (By Pattern ID). Pattern [IntegrationAndAdapterTriggerCiPattern]
# Millis:      41 # On: 2018-04-12 06:01:20.842 # Class: com.mercury.topaz.cmdb.server.tql.operation.command.impl.TqlCommandProcessAdHocCalculate # CallerApp: Controller # CustomerID: 1
RequestID: 41860747cd6bb66c80792b325900281f # Name: Tql Command: Process AdHoc Calculate # Verbose: Tql Command: Process AdHoc Calculate
# Millis:      40 # On: 2018-04-12 06:10:50.844 # Class: com.mercury.topaz.cmdb.shared.tql.operation.query.impl.TqlQueryGetAdHocMap # CallerApp: Controller # CustomerID: 1
RequestID: 4bc43fc5eabb4f0592580632e81e0d8d # Name: Tql Query: Get Ad Hoc Map (By Pattern ID). Pattern [IntegrationAndAdapterTriggerCiPattern]
# Millis:      40 # On: 2018-04-12 06:14:00.847 # Class: com.mercury.topaz.cmdb.shared.tql.operation.query.impl.TqlQueryGetAdHocMap # CallerApp: Controller # CustomerID: 1
RequestID: 49e901ec97b83d3a99cc0a73720c0d3c # Name: Tql Query: Get Ad Hoc Map (By Pattern ID). Pattern [IntegrationAndAdapterTriggerCiPattern]
# Millis:      39 # On: 2018-04-12 06:10:50.844 # Class: com.mercury.topaz.cmdb.server.tql.operation.command.impl.TqlCommandProcessAdHocCalculate # CallerApp: Controller # CustomerID: 1
RequestID: 4ba7236251885fa5a8b4838da8ac49cd # Name: Tql Command: Process AdHoc Calculate # Verbose: Tql Command: Process AdHoc Calculate
# Millis:      39 # On: 2018-04-12 06:01:20.842 # Class: com.mercury.topaz.cmdb.server.model.operation.command.topology.impl.ModelCommandCalculatePattern # CallerApp: Controller # CustomerID: 1
RequestID: 4f778521601e44a3a4a5c2a3cba9fa02 # Name: Model Calculate Pattern:IntegrationAndAdapterTriggerCiPattern # Verbose: Model Calculate Pattern:IntegrationAndAdapterTriggerCiPattern
# Millis:      38 # On: 2018-04-12 06:10:50.844 # Class: com.mercury.topaz.cmdb.server.model.operation.command.topology.impl.ModelCommandCalculatePattern # CallerApp: Controller # CustomerID: 1
RequestID: 4731f923b252edefabb26d5c84ef836c # Name: Model Calculate Pattern:IntegrationAndAdapterTriggerCiPattern # Verbose: Model Calculate Pattern:IntegrationAndAdapterTriggerCiPattern
# Millis:      38 # On: 2018-04-12 06:14:00.848 # Class: com.mercury.topaz.cmdb.server.tql.operation.command.impl.TqlCommandProcessAdHocCalculate # CallerApp: Controller # CustomerID: 1
RequestID: 47bf3ff2f7857ac5834265597d59c3f6 # Name: Tql Command: Process AdHoc Calculate # Verbose: Tql Command: Process AdHoc Calculate
# Millis:      37 # On: 2018-04-12 06:14:00.848 # Class: com.mercury.topaz.cmdb.server.model.operation.command.topology.impl.ModelCommandCalculatePattern # CallerApp: Controller # CustomerID: 1
RequestID: 408465b053ef55db827eb524071c8a84 # Name: Model Calculate Pattern:IntegrationAndAdapterTriggerCiPattern # Verbose: Model Calculate Pattern:IntegrationAndAdapterTriggerCiPattern
# Millis:      33 # On: 2018-04-12 06:04:30.843 # Class: com.mercury.topaz.cmdb.shared.tql.operation.query.impl.TqlQueryGetAdHocMap # CallerApp: Controller # CustomerID: 1
RequestID: 44b1d4e2e1e2f73eb860f259910693e0 # Name: Tql Query: Get Ad Hoc Map (By Pattern ID). Pattern [IntegrationAndAdapterTriggerCiPattern]
 *** All operations statistics ***
# Avg (ms):       8 # Max (ms):      23 # Count:   180 # Last called: 2018-04-12 06:14:50.847 # Class: com.mercury.topaz.cmdb.server.systemtql.operation.ModelQueryPerformFirstSystemTqlCalc # CallerApp: Controller # CustomerID: 1
# Avg (ms):       6 # Max (ms):      22 # Count:   180 # Last called: 2018-04-12 06:14:50.847 # Class: com.mercury.topaz.cmdb.server.model.operation.query.impl.ModelQueryGetObjectsByConditionNoObjects # CallerApp: Controller # CustomerID: 1
# Avg (ms):       1 # Max (ms):       4 # Count:   598 # Last called: 2018-04-12 06:14:58.535 # Class: com.mercury.topaz.cmdb.shared.manage.customer.operation.query.impl.CmdbCustomerQueryGetAllCustomers # CallerApp: UIServer # CustomerID: -2147483648
# Avg (ms):       1 # Max (ms):       1 # Count:     1 # Last called: 2018-04-12 06:13:08.156 # Class: com.hp.ucmdb.tql.tracker.operations.TqlTrackerScheduleTick # CallerApp: Periodic task TQL Tracker task for 1, id name: Default Client # CustomerID: 1
# Avg (ms):       1 # Max (ms):       1 # Count:     1 # Last called: 2018-04-12 06:13:08.156 # Class: com.hp.ucmdb.tql.tracker.operations.TqlTrackerAddNewTrackersToQueue # CallerApp: Periodic task TQL Tracker task for 1, id name: Default Client # CustomerID: 1
# Avg (ms):       1 # Max (ms):       3 # Count:   598 # Last called: 2018-04-12 06:14:58.537 # Class: com.mercury.topaz.cmdb.shared.manage.customer.operation.query.impl.CmdbCustomerQueryGetAllCustomerConfigs # CallerApp: UIServer # CustomerID: -2147483648
# Avg (ms):       1 # Max (ms):       1 # Count:     1 # Last called: 2018-04-12 06:12:15.030 # Class: com.mercury.topaz.cmdb.shared.manage.quota.operation.update.impl.QuotaUpdateCollectCounts # CallerApp: CMDB # CustomerID: -2147483648
# Avg (ms):       0 # Max (ms):       1 # Count:   180 # Last called: 2018-04-12 06:14:50.857 # Class: com.mercury.topaz.cmdb.server.systemtql.operation.SystemTqlCacheUpdateRemoveSystemTql # CallerApp: Controller # CustomerID: 1
# Avg (ms):       0 # Max (ms):       0 # Count:     1 # Last called: 2018-04-12 06:12:15.901 # Class: com.mercury.topaz.cmdb.server.monitors.operation.command.impl.MonitorsCommandCollectInfo # CallerApp: CMDB # CustomerID: -2147483648
# Avg (ms):       0 # Max (ms):       2 # Count:   180 # Last called: 2018-04-12 06:14:50.856 # Class: com.mercury.topaz.cmdb.server.systemtql.operation.SystemTqlEventsProcessorUpdateFail # CallerApp: Controller # CustomerID: 1
# Avg (ms):       0 # Max (ms):       1 # Count:   180 # Last called: 2018-04-12 06:14:50.847 # Class: com.mercury.topaz.cmdb.server.systemtql.operation.SystemTqlCacheQueryIsResultUpdated # CallerApp: Controller # CustomerID: 1
# Avg (ms):       0 # Max (ms):       1 # Count:    60 # Last called: 2018-04-12 06:14:53.872 # Class: com.hp.ucmdb.discovery.framework.probe.operations.AutoDiscoveryOperationUpdateResourceLastUpdateTime # CallerApp: Periodic task update discovery resources last update time # CustomerID: 1
# Avg (ms):       0 # Max (ms):      41 # Count:   180 # Last called: 2018-04-12 06:14:50.847 # Class: com.mercury.topaz.cmdb.server.tql.operation.command.impl.TqlCommandProcessAdHocCalculate # CallerApp: Controller # CustomerID: 1
# Avg (ms):       0 # Max (ms):       0 # Count:     3 # Last called: 2018-04-12 06:13:08.649 # Class: com.hp.ucmdb.discovery.framework.probe.operations.AutoDiscoveryOperationClearDownloadResourcesCache # CallerApp: Periodic task Resources Cache Clean # CustomerID: 1
# Avg (ms):       0 # Max (ms):       1 # Count:   270 # Last called: 2018-04-12 06:14:50.847 # Class: com.hp.ucmdb.transformation.facade.ModelTransformationServerFacade$GetTransformationModel # CallerApp: Controller # CustomerID: 1
# Avg (ms):       0 # Max (ms):      39 # Count:   270 # Last called: 2018-04-12 06:14:50.847 # Class: com.mercury.topaz.cmdb.server.model.operation.command.topology.impl.ModelCommandCalculatePattern # CallerApp: Controller # CustomerID: 1
# Avg (ms):       0 # Max (ms):       0 # Count:     2 # Last called: 2018-04-12 06:13:08.184 # Class: com.mercury.topaz.cmdb.server.tql.operation.command.impl.TqlCommandResultRepositoryPassivation # CallerApp: Periodic task result_repository_passivate_timer # CustomerID: 1
# Avg (ms):       0 # Max (ms):       1 # Count:    90 # Last called: 2018-04-12 06:14:50.846 # Class: com.hp.ucmdb.manage.config.ConfigUpdateCacheSetClassesCapabilities # CallerApp: Controller # CustomerID: 1
# Avg (ms):       0 # Max (ms):       0 # Count:     2 # Last called: 2018-04-12 06:13:08.184 # Class: com.mercury.topaz.cmdb.shared.tql.operation.query.impl.TqlQueryGetPatterns # CallerApp: Periodic task result_repository_passivate_timer # CustomerID: 1
# Avg (ms):       0 # Max (ms):       0 # Count:     2 # Last called: 2018-04-12 06:12:15.901 # Class: com.mercury.topaz.cmdb.shared.tql.operation.query.impl.TqlQueryGetPatterns # CallerApp: CMDB # CustomerID: 1
# Avg (ms):       0 # Max (ms):       1 # Count:    90 # Last called: 2018-04-12 06:14:58.565 # Class: com.mercury.topaz.cmdb.server.base.dispatcher.command.TimerTickCommand # CallerApp: Periodic task Correlation Actions task # CustomerID: 1
# Avg (ms):       0 # Max (ms):       0 # Count:     1 # Last called: 2018-04-12 06:13:08.811 # Class: com.hp.ucmdb.discovery.framework.user.operations.troubleshooter.AutoDiscoveryOperationRemoveIdleTroubleshooters # CallerApp: Periodic task Troubleshooter clean up - Remove idle Troubleshooters # CustomerID: 1
# Avg (ms):       0 # Max (ms):       1 # Count:   180 # Last called: 2018-04-12 06:14:50.847 # Class: com.mercury.topaz.cmdb.server.tql.newscheduler.internal.operations.TqlSchedulerOperationGetPatternCompiler # CallerApp: Controller # CustomerID: 1
# Avg (ms):       0 # Max (ms):       0 # Count:     4 # Last called: 2018-04-12 06:12:15.901 # Class: com.mercury.topaz.cmdb.server.monitors.operation.update.impl.MonitorsUpdateInfoOperation # CallerApp: CMDB # CustomerID: -2147483648
# Avg (ms):       0 # Max (ms):       0 # Count:     1 # Last called: 2018-04-12 06:12:15.901 # Class: com.mercury.topaz.cmdb.shared.manage.quota.operation.query.impl.QuotaQueryGetQuotaAndCountInfo # CallerApp: CMDB # CustomerID: -2147483648
# Avg (ms):       0 # Max (ms):       0 # Count:     1 # Last called: 2018-04-12 06:12:15.901 # Class: com.mercury.topaz.cmdb.server.tql.operation.query.impl.TqlQueryGetFailedTqls # CallerApp: CMDB # CustomerID: 1
# Avg (ms):       0 # Max (ms):       1 # Count:   180 # Last called: 2018-04-12 06:14:50.847 # Class: com.mercury.topaz.cmdb.server.systemtql.operation.SystemTqlCacheUpdateAddSystemTql # CallerApp: Controller # CustomerID: 1
# Avg (ms):       0 # Max (ms):       0 # Count:     1 # Last called: 2018-04-12 06:12:15.031 # Class: com.mercury.topaz.cmdb.server.model.operation.query.topology.separation.ModelTopologyQueryGetCountByTypes # CallerApp: CMDB # CustomerID: 1
# Avg (ms):       0 # Max (ms):      42 # Count:   180 # Last called: 2018-04-12 06:14:50.846 # Class: com.mercury.topaz.cmdb.shared.tql.operation.query.impl.TqlQueryGetAdHocMap # CallerApp: Controller # CustomerID: 1
# Avg (ms):       0 # Max (ms):       1 # Count:    90 # Last called: 2018-04-12 06:14:50.833 # Class: com.mercury.topaz.cmdb.server.model.operation.query.topology.separation.ModelTopologyQueryGetClassesResidenceInfo # CallerApp: Controller # CustomerID: 1
# Avg (ms):       0 # Max (ms):       1 # Count:    90 # Last called: 2018-04-12 06:14:50.833 # Class: com.mercury.topaz.cmdb.server.model.operation.query.topology.memory.ModelMemoryTopologyQueryGetObjectsByType # CallerApp: Controller # CustomerID: 1
# Avg (ms):       0 # Max (ms):       1 # Count:    90 # Last called: 2018-04-12 06:14:58.502 # Class: com.mercury.topaz.cmdb.server.tql.operation.command.impl.TqlCommandResultRepositoryRemoveTemporary # CallerApp: Periodic task result_repository_timer # CustomerID: 1
# Avg (ms):       0 # Max (ms):       0 # Count:     2 # Last called: 2018-04-12 06:13:08.289 # Class: com.mercury.topaz.cmdb.server.base.util.cache.operation.CacheUpdateShrink # CallerApp: Periodic task IMPACT_STATE # CustomerID: 1
# Avg (ms):       0 # Max (ms):       1 # Count:   598 # Last called: 2018-04-12 06:14:58.539 # Class: com.mercury.topaz.cmdb.shared.manage.customer.operation.query.impl.CmdbCustomerQueryGetAllCustomerStates # CallerApp: UIServer # CustomerID: -2147483648
# Avg (ms):       0 # Max (ms):       1 # Count:   180 # Last called: 2018-04-12 06:14:50.847 # Class: com.hp.ucmdb.authorization.permissions.operation.query.tenants.impl.AuthorizationGetTenantsForGeneralOnResourceOrCIPermittedAction # CallerApp: Controller # CustomerID: 1
# Avg (ms):       0 # Max (ms):       0 # Count:     1 # Last called: 2018-04-12 06:12:15.031 # Class: com.mercury.topaz.cmdb.server.model.operation.query.topology.separation.ModelTopologyQueryGetObjectsCount # CallerApp: CMDB # CustomerID: 1
# Avg (ms):       0 # Max (ms):       1 # Count:   180 # Last called: 2018-04-12 06:14:50.847 # Class: com.mercury.topaz.cmdb.server.systemtql.operation.SystemTqlUpdateAddConditionToEventProcessor # CallerApp: Controller # CustomerID: 1
# Avg (ms):       0 # Max (ms):       1 # Count:   180 # Last called: 2018-04-12 06:14:50.847 # Class: com.mercury.topaz.cmdb.server.systemtql.operation.SystemTqlCacheQueryGetGraphSysTQLs # CallerApp: Controller # CustomerID: 1
# Avg (ms):       0 # Max (ms):       1 # Count:    90 # Last called: 2018-04-12 06:14:50.833 # Class: com.mercury.topaz.cmdb.server.model.operation.query.topology.separation.ModelTopologyQueryGetObjectsByType # CallerApp: Controller # CustomerID: 1
# Avg (ms):       0 # Max (ms):       0 # Count:     1 # Last called: 2018-04-12 06:12:15.031 # Class: com.mercury.topaz.cmdb.server.model.operation.query.topology.memory.ModelMemoryTopologyQueryGetObjectsCount # CallerApp: CMDB # CustomerID: 1
# Avg (ms):       0 # Max (ms):       0 # Count:     3 # Last called: 2018-04-12 06:13:08.181 # Class: com.hp.ucmdb.widgettracker.operations.CmdbWidgetClearNotificationsCache # CallerApp: Periodic task Cmdb-Widget-Tracker: Clean Notifications Cache Task # CustomerID: 1
# Avg (ms):       0 # Max (ms):       0 # Count:     1 # Last called: 2018-04-12 06:13:08.157 # Class: com.hp.ucmdb.tql.tracker.operations.TqlTrackerRunQueue # CallerApp: Periodic task TQL Tracker task for 1, id name: Default Client # CustomerID: 1
# Avg (ms):       0 # Max (ms):       0 # Count:     4 # Last called: 2018-04-12 06:12:15.901 # Class: com.mercury.topaz.cmdb.shared.manage.customer.operation.query.impl.CmdbCustomerQueryGetLoadedCustomerIDs # CallerApp: CMDB # CustomerID: -2147483648
