
************************ Statistics from 2018-04-12 03:30:00.039 until 2018-04-12 03:45:00.002 ************************
Operations executed: 385
Different operation types executed: 6
Operations average time (in millis): 10
The 10 worst operations are:
# Millis:    3657 # On: 2018-04-12 03:32:40.680 # put [Settings_STATE_CUSTOMER_SETTING]
put [Settings_STATE_CUSTOMER_SETTING]
# Millis:      68 # On: 2018-04-12 03:42:10.689 # put [Settings_STATE_CUSTOMER_SETTING]
put [Settings_STATE_CUSTOMER_SETTING]
# Millis:      48 # On: 2018-04-12 03:31:20.679 # put [Settings_STATE_CUSTOMER_SETTING]
put [Settings_STATE_CUSTOMER_SETTING]
# Millis:      41 # On: 2018-04-12 03:33:50.681 # put [Settings_STATE_CUSTOMER_SETTING]
put [Settings_STATE_CUSTOMER_SETTING]
# Millis:      40 # On: 2018-04-12 03:44:50.693 # put [Settings_STATE_CUSTOMER_SETTING]
put [Settings_STATE_CUSTOMER_SETTING]
# Millis:      33 # On: 2018-04-12 03:43:10.690 # put [Settings_STATE_CUSTOMER_SETTING]
put [Settings_STATE_CUSTOMER_SETTING]
# Millis:      31 # On: 2018-04-12 03:44:40.692 # put [Settings_STATE_CUSTOMER_SETTING]
put [Settings_STATE_CUSTOMER_SETTING]
# Millis:      31 # On: 2018-04-12 03:44:00.691 # put [Settings_STATE_CUSTOMER_SETTING]
put [Settings_STATE_CUSTOMER_SETTING]
# Millis:      31 # On: 2018-04-12 03:40:50.688 # put [Settings_STATE_CUSTOMER_SETTING]
put [Settings_STATE_CUSTOMER_SETTING]
# Millis:      30 # On: 2018-04-12 03:38:20.686 # put [Settings_STATE_CUSTOMER_SETTING]
put [Settings_STATE_CUSTOMER_SETTING]
 *** All operations statistics ***
# Avg (ms):      45 # Max (ms):    3657 # Count:    90 # Last called: 2018-04-12 03:44:50.693 # put [Settings_STATE_CUSTOMER_SETTING]
# Avg (ms):       0 # Max (ms):       0 # Count:    17 # Last called: 2018-04-12 03:44:59.850 # getAll [License_LICENSE]
# Avg (ms):       0 # Max (ms):       0 # Count:     4 # Last called: 2018-04-12 03:43:08.182 # getAll [Topology_TQL]
# Avg (ms):       0 # Max (ms):       0 # Count:    90 # Last called: 2018-04-12 03:44:50.693 # getAll [Integration_ADAPTER_CONFIG]
# Avg (ms):       0 # Max (ms):       1 # Count:   180 # Last called: 2018-04-12 03:44:56.534 # getAll [Auth_INVALID_LOGIN]
# Avg (ms):       0 # Max (ms):       0 # Count:     4 # Last called: 2018-04-12 03:43:08.166 # getAll [Topology_TQL_TRACKER]
