
************************ Statistics from 2018-04-12 05:00:00.011 until 2018-04-12 05:15:00.002 ************************
Operations executed: 385
Different operation types executed: 6
Operations average time (in millis): 5
The 10 worst operations are:
# Millis:      49 # On: 2018-04-12 05:08:40.769 # put [Settings_STATE_CUSTOMER_SETTING]
put [Settings_STATE_CUSTOMER_SETTING]
# Millis:      32 # On: 2018-04-12 05:08:50.769 # put [Settings_STATE_CUSTOMER_SETTING]
put [Settings_STATE_CUSTOMER_SETTING]
# Millis:      32 # On: 2018-04-12 05:04:40.766 # put [Settings_STATE_CUSTOMER_SETTING]
put [Settings_STATE_CUSTOMER_SETTING]
# Millis:      30 # On: 2018-04-12 05:05:30.767 # put [Settings_STATE_CUSTOMER_SETTING]
put [Settings_STATE_CUSTOMER_SETTING]
# Millis:      30 # On: 2018-04-12 05:02:30.764 # put [Settings_STATE_CUSTOMER_SETTING]
put [Settings_STATE_CUSTOMER_SETTING]
# Millis:      29 # On: 2018-04-12 05:09:40.771 # put [Settings_STATE_CUSTOMER_SETTING]
put [Settings_STATE_CUSTOMER_SETTING]
# Millis:      29 # On: 2018-04-12 05:14:20.774 # put [Settings_STATE_CUSTOMER_SETTING]
put [Settings_STATE_CUSTOMER_SETTING]
# Millis:      28 # On: 2018-04-12 05:05:20.766 # put [Settings_STATE_CUSTOMER_SETTING]
put [Settings_STATE_CUSTOMER_SETTING]
# Millis:      28 # On: 2018-04-12 05:07:30.769 # put [Settings_STATE_CUSTOMER_SETTING]
put [Settings_STATE_CUSTOMER_SETTING]
# Millis:      28 # On: 2018-04-12 05:04:10.765 # put [Settings_STATE_CUSTOMER_SETTING]
put [Settings_STATE_CUSTOMER_SETTING]
 *** All operations statistics ***
# Avg (ms):      23 # Max (ms):      49 # Count:    90 # Last called: 2018-04-12 05:14:50.775 # put [Settings_STATE_CUSTOMER_SETTING]
# Avg (ms):       0 # Max (ms):       1 # Count:    90 # Last called: 2018-04-12 05:14:50.775 # getAll [Integration_ADAPTER_CONFIG]
# Avg (ms):       0 # Max (ms):       0 # Count:     4 # Last called: 2018-04-12 05:13:08.183 # getAll [Topology_TQL]
# Avg (ms):       0 # Max (ms):       1 # Count:    17 # Last called: 2018-04-12 05:14:59.940 # getAll [License_LICENSE]
# Avg (ms):       0 # Max (ms):       1 # Count:   180 # Last called: 2018-04-12 05:14:56.534 # getAll [Auth_INVALID_LOGIN]
# Avg (ms):       0 # Max (ms):       0 # Count:     4 # Last called: 2018-04-12 05:13:08.170 # getAll [Topology_TQL_TRACKER]
