
************************ Statistics from 2018-04-12 01:45:00.007 until 2018-04-12 02:00:00.011 ************************
Operations executed: 203
Different operation types executed: 4
Operations average time (in millis): 0
The 10 worst operations are:
# Millis:       1 # On: 2018-04-12 01:47:31.534 # getAll [Auth_INVALID_LOGIN]
getAll [Auth_INVALID_LOGIN]
# Millis:       1 # On: 2018-04-12 01:50:59.735 # getAll [License_LICENSE]
getAll [License_LICENSE]
# Millis:       1 # On: 2018-04-12 01:46:46.534 # getAll [Auth_INVALID_LOGIN]
getAll [Auth_INVALID_LOGIN]
# Millis:       1 # On: 2018-04-12 01:55:56.534 # getAll [Auth_INVALID_LOGIN]
getAll [Auth_INVALID_LOGIN]
# Millis:       0 # On: 2018-04-12 01:45:26.534 # getAll [Auth_INVALID_LOGIN]
getAll [Auth_INVALID_LOGIN]
# Millis:       0 # On: 2018-04-12 01:45:36.534 # getAll [Auth_INVALID_LOGIN]
getAll [Auth_INVALID_LOGIN]
# Millis:       0 # On: 2018-04-12 01:45:01.534 # getAll [Auth_INVALID_LOGIN]
getAll [Auth_INVALID_LOGIN]
# Millis:       0 # On: 2018-04-12 01:45:06.534 # getAll [Auth_INVALID_LOGIN]
getAll [Auth_INVALID_LOGIN]
# Millis:       0 # On: 2018-04-12 01:45:31.534 # getAll [Auth_INVALID_LOGIN]
getAll [Auth_INVALID_LOGIN]
# Millis:       0 # On: 2018-04-12 01:45:41.534 # getAll [Auth_INVALID_LOGIN]
getAll [Auth_INVALID_LOGIN]
 *** All operations statistics ***
# Avg (ms):       0 # Max (ms):       1 # Count:   180 # Last called: 2018-04-12 01:59:56.534 # getAll [Auth_INVALID_LOGIN]
# Avg (ms):       0 # Max (ms):       0 # Count:     4 # Last called: 2018-04-12 01:58:08.163 # getAll [Topology_TQL_TRACKER]
# Avg (ms):       0 # Max (ms):       1 # Count:    16 # Last called: 2018-04-12 01:59:59.745 # getAll [License_LICENSE]
# Avg (ms):       0 # Max (ms):       0 # Count:     3 # Last called: 2018-04-12 01:57:15.901 # getAll [Topology_TQL]
