
************************ Statistics from 2018-04-12 02:45:00.009 until 2018-04-12 03:00:00.002 ************************
Operations executed: 376
Different operation types executed: 6
Operations average time (in millis): 12542
The 10 worst operations are:
# Millis: 4715478 # On: 2018-04-12 01:27:00.557 # put [Settings_STATE_CUSTOMER_SETTING]
put [Settings_STATE_CUSTOMER_SETTING]
# Millis:      47 # On: 2018-04-12 02:49:50.640 # put [Settings_STATE_CUSTOMER_SETTING]
put [Settings_STATE_CUSTOMER_SETTING]
# Millis:      43 # On: 2018-04-12 02:58:20.649 # put [Settings_STATE_CUSTOMER_SETTING]
put [Settings_STATE_CUSTOMER_SETTING]
# Millis:      40 # On: 2018-04-12 02:56:50.646 # put [Settings_STATE_CUSTOMER_SETTING]
put [Settings_STATE_CUSTOMER_SETTING]
# Millis:      35 # On: 2018-04-12 02:49:00.640 # put [Settings_STATE_CUSTOMER_SETTING]
put [Settings_STATE_CUSTOMER_SETTING]
# Millis:      33 # On: 2018-04-12 02:55:00.645 # put [Settings_STATE_CUSTOMER_SETTING]
put [Settings_STATE_CUSTOMER_SETTING]
# Millis:      30 # On: 2018-04-12 02:49:30.639 # put [Settings_STATE_CUSTOMER_SETTING]
put [Settings_STATE_CUSTOMER_SETTING]
# Millis:      30 # On: 2018-04-12 02:53:30.643 # put [Settings_STATE_CUSTOMER_SETTING]
put [Settings_STATE_CUSTOMER_SETTING]
# Millis:      30 # On: 2018-04-12 02:50:40.640 # put [Settings_STATE_CUSTOMER_SETTING]
put [Settings_STATE_CUSTOMER_SETTING]
# Millis:      29 # On: 2018-04-12 02:50:10.640 # put [Settings_STATE_CUSTOMER_SETTING]
put [Settings_STATE_CUSTOMER_SETTING]
 *** All operations statistics ***
# Avg (ms):   54207 # Max (ms): 4715478 # Count:    87 # Last called: 2018-04-12 02:59:50.649 # put [Settings_STATE_CUSTOMER_SETTING]
# Avg (ms):       0 # Max (ms):       0 # Count:    16 # Last called: 2018-04-12 02:59:59.805 # getAll [License_LICENSE]
# Avg (ms):       0 # Max (ms):       0 # Count:     4 # Last called: 2018-04-12 02:58:08.165 # getAll [Topology_TQL_TRACKER]
# Avg (ms):       0 # Max (ms):       0 # Count:     3 # Last called: 2018-04-12 02:57:15.901 # getAll [Topology_TQL]
# Avg (ms):       0 # Max (ms):       0 # Count:    86 # Last called: 2018-04-12 02:59:50.649 # getAll [Integration_ADAPTER_CONFIG]
# Avg (ms):       0 # Max (ms):       1 # Count:   180 # Last called: 2018-04-12 02:59:56.534 # getAll [Auth_INVALID_LOGIN]
