
************************ Statistics from 2018-04-12 03:45:00.002 until 2018-04-12 04:00:00.019 ************************
Operations executed: 383
Different operation types executed: 6
Operations average time (in millis): 5
The 10 worst operations are:
# Millis:      52 # On: 2018-04-12 03:50:20.697 # put [Settings_STATE_CUSTOMER_SETTING]
put [Settings_STATE_CUSTOMER_SETTING]
# Millis:      44 # On: 2018-04-12 03:58:20.705 # put [Settings_STATE_CUSTOMER_SETTING]
put [Settings_STATE_CUSTOMER_SETTING]
# Millis:      43 # On: 2018-04-12 03:47:30.694 # put [Settings_STATE_CUSTOMER_SETTING]
put [Settings_STATE_CUSTOMER_SETTING]
# Millis:      32 # On: 2018-04-12 03:53:20.701 # put [Settings_STATE_CUSTOMER_SETTING]
put [Settings_STATE_CUSTOMER_SETTING]
# Millis:      31 # On: 2018-04-12 03:46:40.694 # put [Settings_STATE_CUSTOMER_SETTING]
put [Settings_STATE_CUSTOMER_SETTING]
# Millis:      30 # On: 2018-04-12 03:45:20.692 # put [Settings_STATE_CUSTOMER_SETTING]
put [Settings_STATE_CUSTOMER_SETTING]
# Millis:      30 # On: 2018-04-12 03:57:20.704 # put [Settings_STATE_CUSTOMER_SETTING]
put [Settings_STATE_CUSTOMER_SETTING]
# Millis:      30 # On: 2018-04-12 03:54:40.701 # put [Settings_STATE_CUSTOMER_SETTING]
put [Settings_STATE_CUSTOMER_SETTING]
# Millis:      29 # On: 2018-04-12 03:56:10.702 # put [Settings_STATE_CUSTOMER_SETTING]
put [Settings_STATE_CUSTOMER_SETTING]
# Millis:      29 # On: 2018-04-12 03:46:30.693 # put [Settings_STATE_CUSTOMER_SETTING]
put [Settings_STATE_CUSTOMER_SETTING]
 *** All operations statistics ***
# Avg (ms):      23 # Max (ms):      52 # Count:    90 # Last called: 2018-04-12 03:59:50.706 # put [Settings_STATE_CUSTOMER_SETTING]
# Avg (ms):       0 # Max (ms):       0 # Count:     4 # Last called: 2018-04-12 03:58:08.167 # getAll [Topology_TQL_TRACKER]
# Avg (ms):       0 # Max (ms):       1 # Count:   180 # Last called: 2018-04-12 03:59:56.534 # getAll [Auth_INVALID_LOGIN]
# Avg (ms):       0 # Max (ms):       0 # Count:     3 # Last called: 2018-04-12 03:57:15.901 # getAll [Topology_TQL]
# Avg (ms):       0 # Max (ms):       1 # Count:    90 # Last called: 2018-04-12 03:59:50.706 # getAll [Integration_ADAPTER_CONFIG]
# Avg (ms):       0 # Max (ms):       0 # Count:    16 # Last called: 2018-04-12 03:59:59.867 # getAll [License_LICENSE]
