
************************ Statistics from 2018-04-12 02:30:00.014 until 2018-04-12 02:45:00.009 ************************
Operations executed: 205
Different operation types executed: 4
Operations average time (in millis): 0
The 10 worst operations are:
# Millis:       1 # On: 2018-04-12 02:42:06.534 # getAll [Auth_INVALID_LOGIN]
getAll [Auth_INVALID_LOGIN]
# Millis:       1 # On: 2018-04-12 02:40:26.534 # getAll [Auth_INVALID_LOGIN]
getAll [Auth_INVALID_LOGIN]
# Millis:       1 # On: 2018-04-12 02:33:41.534 # getAll [Auth_INVALID_LOGIN]
getAll [Auth_INVALID_LOGIN]
# Millis:       0 # On: 2018-04-12 02:30:31.534 # getAll [Auth_INVALID_LOGIN]
getAll [Auth_INVALID_LOGIN]
# Millis:       0 # On: 2018-04-12 02:30:36.534 # getAll [Auth_INVALID_LOGIN]
getAll [Auth_INVALID_LOGIN]
# Millis:       0 # On: 2018-04-12 02:30:11.534 # getAll [Auth_INVALID_LOGIN]
getAll [Auth_INVALID_LOGIN]
# Millis:       0 # On: 2018-04-12 02:30:41.534 # getAll [Auth_INVALID_LOGIN]
getAll [Auth_INVALID_LOGIN]
# Millis:       0 # On: 2018-04-12 02:30:01.534 # getAll [Auth_INVALID_LOGIN]
getAll [Auth_INVALID_LOGIN]
# Millis:       0 # On: 2018-04-12 02:30:26.534 # getAll [Auth_INVALID_LOGIN]
getAll [Auth_INVALID_LOGIN]
# Millis:       0 # On: 2018-04-12 02:30:46.535 # getAll [Auth_INVALID_LOGIN]
getAll [Auth_INVALID_LOGIN]
 *** All operations statistics ***
# Avg (ms):       0 # Max (ms):       0 # Count:     4 # Last called: 2018-04-12 02:43:08.182 # getAll [Topology_TQL]
# Avg (ms):       0 # Max (ms):       0 # Count:    17 # Last called: 2018-04-12 02:44:59.790 # getAll [License_LICENSE]
# Avg (ms):       0 # Max (ms):       1 # Count:   180 # Last called: 2018-04-12 02:44:56.534 # getAll [Auth_INVALID_LOGIN]
# Avg (ms):       0 # Max (ms):       0 # Count:     4 # Last called: 2018-04-12 02:43:08.164 # getAll [Topology_TQL_TRACKER]
