
************************ Statistics from 2018-04-12 03:15:00.013 until 2018-04-12 03:30:00.039 ************************
Operations executed: 382
Different operation types executed: 6
Operations average time (in millis): 5
The 10 worst operations are:
# Millis:      52 # On: 2018-04-12 03:22:20.671 # put [Settings_STATE_CUSTOMER_SETTING]
put [Settings_STATE_CUSTOMER_SETTING]
# Millis:      33 # On: 2018-04-12 03:17:00.666 # put [Settings_STATE_CUSTOMER_SETTING]
put [Settings_STATE_CUSTOMER_SETTING]
# Millis:      31 # On: 2018-04-12 03:26:50.675 # put [Settings_STATE_CUSTOMER_SETTING]
put [Settings_STATE_CUSTOMER_SETTING]
# Millis:      31 # On: 2018-04-12 03:15:50.664 # put [Settings_STATE_CUSTOMER_SETTING]
put [Settings_STATE_CUSTOMER_SETTING]
# Millis:      31 # On: 2018-04-12 03:23:10.672 # put [Settings_STATE_CUSTOMER_SETTING]
put [Settings_STATE_CUSTOMER_SETTING]
# Millis:      30 # On: 2018-04-12 03:19:40.668 # put [Settings_STATE_CUSTOMER_SETTING]
put [Settings_STATE_CUSTOMER_SETTING]
# Millis:      30 # On: 2018-04-12 03:24:10.673 # put [Settings_STATE_CUSTOMER_SETTING]
put [Settings_STATE_CUSTOMER_SETTING]
# Millis:      30 # On: 2018-04-12 03:21:50.670 # put [Settings_STATE_CUSTOMER_SETTING]
put [Settings_STATE_CUSTOMER_SETTING]
# Millis:      29 # On: 2018-04-12 03:22:50.671 # put [Settings_STATE_CUSTOMER_SETTING]
put [Settings_STATE_CUSTOMER_SETTING]
# Millis:      29 # On: 2018-04-12 03:23:50.672 # put [Settings_STATE_CUSTOMER_SETTING]
put [Settings_STATE_CUSTOMER_SETTING]
 *** All operations statistics ***
# Avg (ms):      23 # Max (ms):      52 # Count:    90 # Last called: 2018-04-12 03:29:50.678 # put [Settings_STATE_CUSTOMER_SETTING]
# Avg (ms):       0 # Max (ms):       0 # Count:    16 # Last called: 2018-04-12 03:29:59.835 # getAll [License_LICENSE]
# Avg (ms):       0 # Max (ms):       0 # Count:     3 # Last called: 2018-04-12 03:27:15.900 # getAll [Topology_TQL]
# Avg (ms):       0 # Max (ms):       1 # Count:   180 # Last called: 2018-04-12 03:29:56.534 # getAll [Auth_INVALID_LOGIN]
# Avg (ms):       0 # Max (ms):       1 # Count:    90 # Last called: 2018-04-12 03:29:50.677 # getAll [Integration_ADAPTER_CONFIG]
# Avg (ms):       0 # Max (ms):       0 # Count:     3 # Last called: 2018-04-12 03:28:08.166 # getAll [Topology_TQL_TRACKER]
