
************************ Statistics from 2018-04-12 00:15:00.007 until 2018-04-12 00:30:00.004 ************************
Operations executed: 562
Different operation types executed: 8
Operations average time (in millis): 1
The 10 worst operations are:
# Millis:      41 # On: 2018-04-12 00:16:40.496 # put [Settings_STATE_CUSTOMER_SETTING]
put [Settings_STATE_CUSTOMER_SETTING]
# Millis:      40 # On: 2018-04-12 00:29:00.506 # put [Settings_STATE_CUSTOMER_SETTING]
put [Settings_STATE_CUSTOMER_SETTING]
# Millis:      37 # On: 2018-04-12 00:26:10.504 # put [Settings_STATE_CUSTOMER_SETTING]
put [Settings_STATE_CUSTOMER_SETTING]
# Millis:      35 # On: 2018-04-12 00:19:50.498 # put [Settings_STATE_CUSTOMER_SETTING]
put [Settings_STATE_CUSTOMER_SETTING]
# Millis:      29 # On: 2018-04-12 00:29:20.507 # put [Settings_STATE_CUSTOMER_SETTING]
put [Settings_STATE_CUSTOMER_SETTING]
# Millis:      21 # On: 2018-04-12 00:20:50.499 # put [Settings_STATE_CUSTOMER_SETTING]
put [Settings_STATE_CUSTOMER_SETTING]
# Millis:      20 # On: 2018-04-12 00:22:50.501 # put [Settings_STATE_CUSTOMER_SETTING]
put [Settings_STATE_CUSTOMER_SETTING]
# Millis:      18 # On: 2018-04-12 00:22:10.501 # put [Settings_STATE_CUSTOMER_SETTING]
put [Settings_STATE_CUSTOMER_SETTING]
# Millis:      17 # On: 2018-04-12 00:15:50.496 # put [Settings_STATE_CUSTOMER_SETTING]
put [Settings_STATE_CUSTOMER_SETTING]
# Millis:      16 # On: 2018-04-12 00:15:40.495 # put [Settings_STATE_CUSTOMER_SETTING]
put [Settings_STATE_CUSTOMER_SETTING]
 *** All operations statistics ***
# Avg (ms):      10 # Max (ms):      41 # Count:    90 # Last called: 2018-04-12 00:29:50.507 # put [Settings_STATE_CUSTOMER_SETTING]
# Avg (ms):       0 # Max (ms):       1 # Count:    90 # Last called: 2018-04-12 00:29:50.537 # removeListener
# Avg (ms):       0 # Max (ms):       1 # Count:   180 # Last called: 2018-04-12 00:29:56.534 # getAll [Auth_INVALID_LOGIN]
# Avg (ms):       0 # Max (ms):       1 # Count:    90 # Last called: 2018-04-12 00:29:50.521 # addListener [POST_COMMIT:ALL_NODES:CM_CLASS]
# Avg (ms):       0 # Max (ms):       0 # Count:    90 # Last called: 2018-04-12 00:29:50.507 # getAll [Integration_ADAPTER_CONFIG]
# Avg (ms):       0 # Max (ms):       0 # Count:     3 # Last called: 2018-04-12 00:28:08.161 # getAll [Topology_TQL_TRACKER]
# Avg (ms):       0 # Max (ms):       0 # Count:     3 # Last called: 2018-04-12 00:27:15.901 # getAll [Topology_TQL]
# Avg (ms):       0 # Max (ms):       0 # Count:    16 # Last called: 2018-04-12 00:29:59.649 # getAll [License_LICENSE]
